{"/home/alexis/Workspace/anoio/lager/packages/node-lambda/src/index.js":{"path":"/home/alexis/Workspace/anoio/lager/packages/node-lambda/src/index.js","s":{"1":1,"2":1,"3":1,"4":1,"5":1,"6":1,"7":2,"8":2,"9":2,"10":2,"11":2,"12":2,"13":2,"14":2,"15":2,"16":2,"17":0,"18":0,"19":0,"20":1,"21":2,"22":2,"23":2,"24":2,"25":2,"26":2,"27":2,"28":2,"29":1,"30":6,"31":6,"32":6,"33":6,"34":6,"35":12,"36":12,"37":6,"38":6,"39":0,"40":0,"41":0,"42":1,"43":12,"44":12,"45":12,"46":12,"47":12,"48":12,"49":1,"50":0,"51":0,"52":0,"53":0,"54":0,"55":0,"56":0,"57":0,"58":0,"59":0,"60":0,"61":0,"62":0,"63":0,"64":0,"65":0,"66":0,"67":0,"68":0,"69":0,"70":0,"71":1,"72":3,"73":3,"74":5,"75":3,"76":0,"77":3,"78":1,"79":0,"80":0,"81":0,"82":0,"83":0,"84":0,"85":1,"86":1,"87":0},"b":{"1":[0,0],"2":[0,0],"3":[2,2],"4":[2,2],"5":[0,0],"6":[0,0],"7":[0,0],"8":[0,0],"9":[0,3]},"f":{"1":2,"2":2,"3":6,"4":12,"5":0,"6":3,"7":0,"8":0,"9":0,"10":0,"11":0},"fnMap":{"1":{"name":"loadLambdas","line":14,"loc":{"start":{"line":14,"column":0},"end":{"line":14,"column":23}}},"2":{"name":"loadLambda","line":56,"loc":{"start":{"line":56,"column":0},"end":{"line":56,"column":50}}},"3":{"name":"loadModules","line":87,"loc":{"start":{"line":87,"column":0},"end":{"line":87,"column":23}}},"4":{"name":"loadNodeModule","line":124,"loc":{"start":{"line":124,"column":0},"end":{"line":124,"column":47}}},"5":{"name":"deploy","line":148,"loc":{"start":{"line":148,"column":0},"end":{"line":148,"column":52}}},"6":{"name":"findNodeModule","line":185,"loc":{"start":{"line":185,"column":0},"end":{"line":185,"column":30}}},"7":{"name":"registerCommands","line":210,"loc":{"start":{"line":210,"column":22},"end":{"line":210,"column":54}}},"8":{"name":"beforeApisLoad","line":222,"loc":{"start":{"line":222,"column":20},"end":{"line":222,"column":46}}},"9":{"name":"loadIntegrations","line":236,"loc":{"start":{"line":236,"column":22},"end":{"line":236,"column":85}}},"10":{"name":"afterDeployAll","line":250,"loc":{"start":{"line":250,"column":20},"end":{"line":250,"column":46}}},"11":{"name":"formatHrTime","line":272,"loc":{"start":{"line":272,"column":0},"end":{"line":272,"column":30}}}},"statementMap":{"1":{"start":{"line":3,"column":0},"end":{"line":3,"column":29}},"2":{"start":{"line":4,"column":0},"end":{"line":4,"column":25}},"3":{"start":{"line":6,"column":0},"end":{"line":6,"column":36}},"4":{"start":{"line":7,"column":0},"end":{"line":7,"column":36}},"5":{"start":{"line":8,"column":0},"end":{"line":8,"column":28}},"6":{"start":{"line":14,"column":0},"end":{"line":48,"column":1}},"7":{"start":{"line":15,"column":2},"end":{"line":15,"column":80}},"8":{"start":{"line":18,"column":2},"end":{"line":47,"column":5}},"9":{"start":{"line":21,"column":4},"end":{"line":21,"column":60}},"10":{"start":{"line":25,"column":4},"end":{"line":25,"column":30}},"11":{"start":{"line":26,"column":4},"end":{"line":30,"column":7}},"12":{"start":{"line":27,"column":6},"end":{"line":27,"column":78}},"13":{"start":{"line":29,"column":6},"end":{"line":29,"column":64}},"14":{"start":{"line":31,"column":4},"end":{"line":31,"column":39}},"15":{"start":{"line":35,"column":4},"end":{"line":35,"column":58}},"16":{"start":{"line":38,"column":4},"end":{"line":38,"column":36}},"17":{"start":{"line":43,"column":4},"end":{"line":45,"column":5}},"18":{"start":{"line":44,"column":6},"end":{"line":44,"column":33}},"19":{"start":{"line":46,"column":4},"end":{"line":46,"column":29}},"20":{"start":{"line":56,"column":0},"end":{"line":81,"column":1}},"21":{"start":{"line":57,"column":2},"end":{"line":80,"column":5}},"22":{"start":{"line":63,"column":4},"end":{"line":63,"column":64}},"23":{"start":{"line":66,"column":4},"end":{"line":66,"column":90}},"24":{"start":{"line":69,"column":4},"end":{"line":69,"column":68}},"25":{"start":{"line":72,"column":4},"end":{"line":72,"column":39}},"26":{"start":{"line":73,"column":4},"end":{"line":73,"column":44}},"27":{"start":{"line":76,"column":4},"end":{"line":76,"column":56}},"28":{"start":{"line":79,"column":4},"end":{"line":79,"column":35}},"29":{"start":{"line":87,"column":0},"end":{"line":116,"column":1}},"30":{"start":{"line":88,"column":2},"end":{"line":88,"column":79}},"31":{"start":{"line":90,"column":2},"end":{"line":115,"column":5}},"32":{"start":{"line":93,"column":4},"end":{"line":93,"column":59}},"33":{"start":{"line":97,"column":4},"end":{"line":97,"column":35}},"34":{"start":{"line":98,"column":4},"end":{"line":102,"column":7}},"35":{"start":{"line":99,"column":6},"end":{"line":99,"column":86}},"36":{"start":{"line":101,"column":6},"end":{"line":101,"column":76}},"37":{"start":{"line":103,"column":4},"end":{"line":103,"column":44}},"38":{"start":{"line":106,"column":4},"end":{"line":106,"column":41}},"39":{"start":{"line":111,"column":4},"end":{"line":113,"column":5}},"40":{"start":{"line":112,"column":6},"end":{"line":112,"column":33}},"41":{"start":{"line":114,"column":4},"end":{"line":114,"column":29}},"42":{"start":{"line":124,"column":0},"end":{"line":139,"column":1}},"43":{"start":{"line":125,"column":2},"end":{"line":138,"column":5}},"44":{"start":{"line":127,"column":4},"end":{"line":127,"column":49}},"45":{"start":{"line":130,"column":4},"end":{"line":130,"column":48}},"46":{"start":{"line":131,"column":4},"end":{"line":131,"column":89}},"47":{"start":{"line":134,"column":4},"end":{"line":134,"column":65}},"48":{"start":{"line":137,"column":4},"end":{"line":137,"column":40}},"49":{"start":{"line":148,"column":0},"end":{"line":177,"column":1}},"50":{"start":{"line":149,"column":2},"end":{"line":176,"column":5}},"51":{"start":{"line":152,"column":4},"end":{"line":154,"column":5}},"52":{"start":{"line":153,"column":6},"end":{"line":153,"column":114}},"53":{"start":{"line":153,"column":46},"end":{"line":153,"column":110}},"54":{"start":{"line":155,"column":4},"end":{"line":157,"column":7}},"55":{"start":{"line":156,"column":6},"end":{"line":156,"column":44}},"56":{"start":{"line":160,"column":4},"end":{"line":160,"column":26}},"57":{"start":{"line":161,"column":4},"end":{"line":170,"column":7}},"58":{"start":{"line":162,"column":6},"end":{"line":162,"column":41}},"59":{"start":{"line":163,"column":6},"end":{"line":163,"column":51}},"60":{"start":{"line":164,"column":6},"end":{"line":164,"column":56}},"61":{"start":{"line":165,"column":6},"end":{"line":165,"column":74}},"62":{"start":{"line":166,"column":6},"end":{"line":166,"column":44}},"63":{"start":{"line":167,"column":6},"end":{"line":167,"column":77}},"64":{"start":{"line":168,"column":6},"end":{"line":168,"column":68}},"65":{"start":{"line":169,"column":6},"end":{"line":169,"column":17}},"66":{"start":{"line":171,"column":4},"end":{"line":171,"column":18}},"67":{"start":{"line":172,"column":4},"end":{"line":172,"column":45}},"68":{"start":{"line":173,"column":4},"end":{"line":173,"column":18}},"69":{"start":{"line":174,"column":4},"end":{"line":174,"column":30}},"70":{"start":{"line":175,"column":4},"end":{"line":175,"column":19}},"71":{"start":{"line":185,"column":0},"end":{"line":194,"column":1}},"72":{"start":{"line":186,"column":2},"end":{"line":193,"column":5}},"73":{"start":{"line":188,"column":4},"end":{"line":188,"column":102}},"74":{"start":{"line":188,"column":61},"end":{"line":188,"column":98}},"75":{"start":{"line":189,"column":4},"end":{"line":191,"column":5}},"76":{"start":{"line":190,"column":6},"end":{"line":190,"column":94}},"77":{"start":{"line":192,"column":4},"end":{"line":192,"column":22}},"78":{"start":{"line":196,"column":0},"end":{"line":263,"column":2}},"79":{"start":{"line":211,"column":6},"end":{"line":215,"column":9}},"80":{"start":{"line":223,"column":6},"end":{"line":223,"column":27}},"81":{"start":{"line":237,"column":6},"end":{"line":242,"column":9}},"82":{"start":{"line":239,"column":8},"end":{"line":241,"column":11}},"83":{"start":{"line":240,"column":10},"end":{"line":240,"column":61}},"84":{"start":{"line":251,"column":6},"end":{"line":251,"column":31}},"85":{"start":{"line":265,"column":0},"end":{"line":265,"column":24}},"86":{"start":{"line":272,"column":0},"end":{"line":274,"column":1}},"87":{"start":{"line":273,"column":2},"end":{"line":273,"column":60}}},"branchMap":{"1":{"line":43,"type":"if","locations":[{"start":{"line":43,"column":4},"end":{"line":43,"column":4}},{"start":{"line":43,"column":4},"end":{"line":43,"column":4}}]},"2":{"line":43,"type":"binary-expr","locations":[{"start":{"line":43,"column":8},"end":{"line":43,"column":27}},{"start":{"line":43,"column":31},"end":{"line":43,"column":66}}]},"3":{"line":66,"type":"binary-expr","locations":[{"start":{"line":66,"column":31},"end":{"line":66,"column":55}},{"start":{"line":66,"column":59},"end":{"line":66,"column":89}}]},"4":{"line":69,"type":"binary-expr","locations":[{"start":{"line":69,"column":30},"end":{"line":69,"column":53}},{"start":{"line":69,"column":57},"end":{"line":69,"column":67}}]},"5":{"line":111,"type":"if","locations":[{"start":{"line":111,"column":4},"end":{"line":111,"column":4}},{"start":{"line":111,"column":4},"end":{"line":111,"column":4}}]},"6":{"line":111,"type":"binary-expr","locations":[{"start":{"line":111,"column":8},"end":{"line":111,"column":27}},{"start":{"line":111,"column":31},"end":{"line":111,"column":66}}]},"7":{"line":152,"type":"if","locations":[{"start":{"line":152,"column":4},"end":{"line":152,"column":4}},{"start":{"line":152,"column":4},"end":{"line":152,"column":4}}]},"8":{"line":165,"type":"cond-expr","locations":[{"start":{"line":165,"column":51},"end":{"line":165,"column":60}},{"start":{"line":165,"column":63},"end":{"line":165,"column":72}}]},"9":{"line":189,"type":"if","locations":[{"start":{"line":189,"column":4},"end":{"line":189,"column":4}},{"start":{"line":189,"column":4},"end":{"line":189,"column":4}}]}}},"/home/alexis/Workspace/anoio/lager/packages/node-lambda/src/cli/create-node-lambda.js":{"path":"/home/alexis/Workspace/anoio/lager/packages/node-lambda/src/cli/create-node-lambda.js","s":{"1":1,"2":1,"3":1,"4":1,"5":1,"6":1,"7":1,"8":1,"9":1,"10":1,"11":0,"12":0,"13":0,"14":1,"15":1,"16":1,"17":1,"18":23,"19":1,"20":1,"21":1,"22":2,"23":1,"24":1,"25":1,"26":0,"27":1,"28":1,"29":1,"30":0,"31":0,"32":0,"33":0,"34":0,"35":0,"36":0,"37":0,"38":0,"39":0,"40":0,"41":0,"42":0,"43":0},"b":{"1":[0,0,0],"2":[0,0],"3":[0,0],"4":[0,0],"5":[0,0]},"f":{"1":0,"2":0,"3":1,"4":0},"fnMap":{"1":{"name":"(anonymous_1)","line":56,"loc":{"start":{"line":56,"column":14},"end":{"line":56,"column":44}}},"2":{"name":"(anonymous_2)","line":73,"loc":{"start":{"line":73,"column":14},"end":{"line":73,"column":44}}},"3":{"name":"getChoices","line":100,"loc":{"start":{"line":100,"column":2},"end":{"line":100,"column":24}}},"4":{"name":"executeCommand","line":148,"loc":{"start":{"line":148,"column":2},"end":{"line":148,"column":38}}}},"statementMap":{"1":{"start":{"line":3,"column":0},"end":{"line":3,"column":36}},"2":{"start":{"line":4,"column":0},"end":{"line":4,"column":28}},"3":{"start":{"line":6,"column":0},"end":{"line":6,"column":29}},"4":{"start":{"line":7,"column":0},"end":{"line":7,"column":47}},"5":{"start":{"line":8,"column":0},"end":{"line":8,"column":57}},"6":{"start":{"line":9,"column":0},"end":{"line":9,"column":51}},"7":{"start":{"line":11,"column":0},"end":{"line":11,"column":35}},"8":{"start":{"line":17,"column":0},"end":{"line":188,"column":2}},"9":{"start":{"line":20,"column":2},"end":{"line":93,"column":5}},"10":{"start":{"line":23,"column":4},"end":{"line":87,"column":6}},"11":{"start":{"line":30,"column":29},"end":{"line":30,"column":65}},"12":{"start":{"line":57,"column":12},"end":{"line":57,"column":106}},"13":{"start":{"line":74,"column":12},"end":{"line":74,"column":61}},"14":{"start":{"line":92,"column":4},"end":{"line":92,"column":57}},"15":{"start":{"line":100,"column":2},"end":{"line":141,"column":3}},"16":{"start":{"line":101,"column":4},"end":{"line":101,"column":28}},"17":{"start":{"line":102,"column":4},"end":{"line":104,"column":5}},"18":{"start":{"line":103,"column":6},"end":{"line":103,"column":81}},"19":{"start":{"line":105,"column":4},"end":{"line":114,"column":6}},"20":{"start":{"line":115,"column":4},"end":{"line":140,"column":7}},"21":{"start":{"line":117,"column":6},"end":{"line":122,"column":9}},"22":{"start":{"line":118,"column":8},"end":{"line":121,"column":10}},"23":{"start":{"line":123,"column":6},"end":{"line":123,"column":26}},"24":{"start":{"line":126,"column":6},"end":{"line":126,"column":51}},"25":{"start":{"line":129,"column":6},"end":{"line":134,"column":9}},"26":{"start":{"line":130,"column":8},"end":{"line":133,"column":10}},"27":{"start":{"line":135,"column":6},"end":{"line":138,"column":9}},"28":{"start":{"line":139,"column":6},"end":{"line":139,"column":26}},"29":{"start":{"line":148,"column":2},"end":{"line":186,"column":3}},"30":{"start":{"line":149,"column":4},"end":{"line":151,"column":5}},"31":{"start":{"line":150,"column":6},"end":{"line":150,"column":48}},"32":{"start":{"line":152,"column":4},"end":{"line":152,"column":99}},"33":{"start":{"line":153,"column":4},"end":{"line":185,"column":7}},"34":{"start":{"line":156,"column":6},"end":{"line":164,"column":8}},"35":{"start":{"line":167,"column":6},"end":{"line":167,"column":107}},"36":{"start":{"line":171,"column":6},"end":{"line":171,"column":65}},"37":{"start":{"line":172,"column":6},"end":{"line":172,"column":58}},"38":{"start":{"line":173,"column":6},"end":{"line":173,"column":33}},"39":{"start":{"line":177,"column":6},"end":{"line":177,"column":95}},"40":{"start":{"line":178,"column":6},"end":{"line":178,"column":56}},"41":{"start":{"line":179,"column":6},"end":{"line":179,"column":33}},"42":{"start":{"line":182,"column":6},"end":{"line":183,"column":125}},"43":{"start":{"line":184,"column":6},"end":{"line":184,"column":23}}},"branchMap":{"1":{"line":57,"type":"binary-expr","locations":[{"start":{"line":57,"column":19},"end":{"line":57,"column":46}},{"start":{"line":57,"column":50},"end":{"line":57,"column":70}},{"start":{"line":57,"column":74},"end":{"line":57,"column":105}}]},"2":{"line":74,"type":"binary-expr","locations":[{"start":{"line":74,"column":19},"end":{"line":74,"column":32}},{"start":{"line":74,"column":36},"end":{"line":74,"column":60}}]},"3":{"line":132,"type":"binary-expr","locations":[{"start":{"line":132,"column":57},"end":{"line":132,"column":75}},{"start":{"line":132,"column":79},"end":{"line":132,"column":95}}]},"4":{"line":149,"type":"if","locations":[{"start":{"line":149,"column":4},"end":{"line":149,"column":4}},{"start":{"line":149,"column":4},"end":{"line":149,"column":4}}]},"5":{"line":149,"type":"binary-expr","locations":[{"start":{"line":149,"column":8},"end":{"line":149,"column":24}},{"start":{"line":149,"column":28},"end":{"line":149,"column":51}}]}}},"/home/alexis/Workspace/anoio/lager/packages/node-lambda/src/cli/create-node-module.js":{"path":"/home/alexis/Workspace/anoio/lager/packages/node-lambda/src/cli/create-node-module.js","s":{"1":1,"2":1,"3":1,"4":1,"5":1,"6":1,"7":1,"8":1,"9":1,"10":0,"11":0,"12":0,"13":1,"14":1,"15":1,"16":1,"17":1,"18":1,"19":1,"20":2,"21":1,"22":1,"23":0,"24":0,"25":0,"26":0,"27":0,"28":0},"b":{"1":[0,0,0],"2":[0,0,0]},"f":{"1":0,"2":0,"3":1,"4":0},"fnMap":{"1":{"name":"(anonymous_1)","line":40,"loc":{"start":{"line":40,"column":14},"end":{"line":40,"column":44}}},"2":{"name":"(anonymous_2)","line":51,"loc":{"start":{"line":51,"column":14},"end":{"line":51,"column":44}}},"3":{"name":"getChoices","line":69,"loc":{"start":{"line":69,"column":2},"end":{"line":69,"column":24}}},"4":{"name":"executeCommand","line":94,"loc":{"start":{"line":94,"column":2},"end":{"line":94,"column":38}}}},"statementMap":{"1":{"start":{"line":3,"column":0},"end":{"line":3,"column":36}},"2":{"start":{"line":4,"column":0},"end":{"line":4,"column":28}},"3":{"start":{"line":6,"column":0},"end":{"line":6,"column":29}},"4":{"start":{"line":7,"column":0},"end":{"line":7,"column":47}},"5":{"start":{"line":8,"column":0},"end":{"line":8,"column":57}},"6":{"start":{"line":10,"column":0},"end":{"line":10,"column":35}},"7":{"start":{"line":16,"column":0},"end":{"line":116,"column":2}},"8":{"start":{"line":19,"column":2},"end":{"line":62,"column":5}},"9":{"start":{"line":22,"column":4},"end":{"line":56,"column":6}},"10":{"start":{"line":29,"column":29},"end":{"line":29,"column":65}},"11":{"start":{"line":41,"column":12},"end":{"line":41,"column":106}},"12":{"start":{"line":52,"column":12},"end":{"line":52,"column":121}},"13":{"start":{"line":61,"column":4},"end":{"line":61,"column":57}},"14":{"start":{"line":69,"column":2},"end":{"line":87,"column":3}},"15":{"start":{"line":70,"column":4},"end":{"line":70,"column":28}},"16":{"start":{"line":71,"column":4},"end":{"line":86,"column":7}},"17":{"start":{"line":73,"column":6},"end":{"line":78,"column":9}},"18":{"start":{"line":74,"column":8},"end":{"line":77,"column":10}},"19":{"start":{"line":79,"column":6},"end":{"line":84,"column":9}},"20":{"start":{"line":80,"column":8},"end":{"line":83,"column":10}},"21":{"start":{"line":85,"column":6},"end":{"line":85,"column":26}},"22":{"start":{"line":94,"column":2},"end":{"line":114,"column":3}},"23":{"start":{"line":95,"column":4},"end":{"line":95,"column":95}},"24":{"start":{"line":96,"column":4},"end":{"line":113,"column":7}},"25":{"start":{"line":100,"column":6},"end":{"line":104,"column":8}},"26":{"start":{"line":107,"column":6},"end":{"line":107,"column":113}},"27":{"start":{"line":110,"column":6},"end":{"line":111,"column":82}},"28":{"start":{"line":112,"column":6},"end":{"line":112,"column":23}}},"branchMap":{"1":{"line":41,"type":"binary-expr","locations":[{"start":{"line":41,"column":19},"end":{"line":41,"column":46}},{"start":{"line":41,"column":50},"end":{"line":41,"column":70}},{"start":{"line":41,"column":74},"end":{"line":41,"column":105}}]},"2":{"line":52,"type":"binary-expr","locations":[{"start":{"line":52,"column":19},"end":{"line":52,"column":51}},{"start":{"line":52,"column":55},"end":{"line":52,"column":80}},{"start":{"line":52,"column":84},"end":{"line":52,"column":120}}]}}},"/home/alexis/Workspace/anoio/lager/packages/node-lambda/src/lambda.js":{"path":"/home/alexis/Workspace/anoio/lager/packages/node-lambda/src/lambda.js","s":{"1":1,"2":1,"3":1,"4":1,"5":1,"6":1,"7":1,"8":1,"9":1,"10":1,"11":4,"12":4,"13":4,"14":4,"15":4,"16":4,"17":1,"18":6,"19":1,"20":1,"21":1,"22":1,"23":2,"24":2,"25":2,"26":2,"27":1,"28":1,"29":0,"30":0,"31":0,"32":0,"33":0,"34":0,"35":0,"36":0,"37":0,"38":0,"39":0,"40":0,"41":0,"42":0,"43":0,"44":0,"45":0,"46":0,"47":0,"48":0,"49":0,"50":0,"51":0,"52":0,"53":0,"54":0,"55":0,"56":1,"57":0,"58":0,"59":0,"60":0,"61":0,"62":0,"63":0,"64":0,"65":0,"66":0,"67":0,"68":0,"69":0,"70":0,"71":0,"72":0,"73":0,"74":0,"75":0,"76":0,"77":0,"78":0,"79":0,"80":0,"81":0,"82":0,"83":0,"84":0,"85":0,"86":1,"87":0,"88":0,"89":0,"90":0,"91":0,"92":0,"93":1,"94":0,"95":0,"96":0,"97":0,"98":0,"99":0,"100":0,"101":0,"102":0,"103":0,"104":1,"105":0,"106":0,"107":0,"108":0,"109":0,"110":0,"111":0,"112":0,"113":0,"114":0,"115":0,"116":0,"117":1,"118":0,"119":0,"120":1,"121":0,"122":0,"123":0,"124":0,"125":0,"126":0,"127":1,"128":0,"129":0,"130":1,"131":0,"132":0,"133":1},"b":{"1":[4,0],"2":[4,0],"3":[0,0],"4":[0,0],"5":[0,0],"6":[0,0],"7":[0,0],"8":[0,0],"9":[0,0],"10":[0,0],"11":[0,0]},"f":{"1":4,"2":6,"3":1,"4":1,"5":0,"6":0,"7":0,"8":0,"9":0,"10":0,"11":0,"12":0,"13":0},"fnMap":{"1":{"name":"Lambda","line":20,"loc":{"start":{"line":20,"column":15},"end":{"line":20,"column":39}}},"2":{"name":"getIdentifier","line":42,"loc":{"start":{"line":42,"column":33},"end":{"line":42,"column":58}}},"3":{"name":"toString","line":50,"loc":{"start":{"line":50,"column":28},"end":{"line":50,"column":48}}},"4":{"name":"getNodeModules","line":58,"loc":{"start":{"line":58,"column":34},"end":{"line":58,"column":60}}},"5":{"name":"deploy","line":85,"loc":{"start":{"line":85,"column":26},"end":{"line":85,"column":59}},"skip":true},"6":{"name":"buildPackage","line":141,"loc":{"start":{"line":141,"column":32},"end":{"line":141,"column":62}}},"7":{"name":"isDeployed","line":205,"loc":{"start":{"line":205,"column":30},"end":{"line":205,"column":61}},"skip":true},"8":{"name":"create","line":223,"loc":{"start":{"line":223,"column":26},"end":{"line":223,"column":70}},"skip":true},"9":{"name":"update","line":252,"loc":{"start":{"line":252,"column":26},"end":{"line":252,"column":70}},"skip":true},"10":{"name":"publishVersion","line":289,"loc":{"start":{"line":289,"column":34},"end":{"line":289,"column":69}},"skip":true},"11":{"name":"aliasExists","line":303,"loc":{"start":{"line":303,"column":31},"end":{"line":303,"column":72}},"skip":true},"12":{"name":"createAlias","line":326,"loc":{"start":{"line":326,"column":31},"end":{"line":326,"column":81}},"skip":true},"13":{"name":"updateAlias","line":343,"loc":{"start":{"line":343,"column":31},"end":{"line":343,"column":81}},"skip":true}},"statementMap":{"1":{"start":{"line":3,"column":0},"end":{"line":3,"column":25}},"2":{"start":{"line":4,"column":0},"end":{"line":4,"column":25}},"3":{"start":{"line":5,"column":0},"end":{"line":5,"column":29}},"4":{"start":{"line":7,"column":0},"end":{"line":7,"column":31}},"5":{"start":{"line":8,"column":0},"end":{"line":8,"column":37}},"6":{"start":{"line":9,"column":0},"end":{"line":9,"column":36}},"7":{"start":{"line":10,"column":0},"end":{"line":10,"column":28}},"8":{"start":{"line":12,"column":0},"end":{"line":12,"column":71}},"9":{"start":{"line":13,"column":0},"end":{"line":13,"column":34}},"10":{"start":{"line":20,"column":0},"end":{"line":36,"column":2}},"11":{"start":{"line":21,"column":2},"end":{"line":21,"column":38}},"12":{"start":{"line":22,"column":2},"end":{"line":22,"column":24}},"13":{"start":{"line":23,"column":2},"end":{"line":23,"column":23}},"14":{"start":{"line":25,"column":2},"end":{"line":25,"column":48}},"15":{"start":{"line":26,"column":2},"end":{"line":33,"column":25}},"16":{"start":{"line":35,"column":2},"end":{"line":35,"column":50}},"17":{"start":{"line":42,"column":0},"end":{"line":44,"column":2}},"18":{"start":{"line":43,"column":2},"end":{"line":43,"column":25}},"19":{"start":{"line":50,"column":0},"end":{"line":52,"column":2}},"20":{"start":{"line":51,"column":2},"end":{"line":51,"column":42}},"21":{"start":{"line":58,"column":0},"end":{"line":75,"column":2}},"22":{"start":{"line":59,"column":2},"end":{"line":74,"column":5}},"23":{"start":{"line":60,"column":4},"end":{"line":69,"column":7}},"24":{"start":{"line":63,"column":6},"end":{"line":63,"column":79}},"25":{"start":{"line":67,"column":6},"end":{"line":67,"column":58}},"26":{"start":{"line":68,"column":6},"end":{"line":68,"column":30}},"27":{"start":{"line":73,"column":4},"end":{"line":73,"column":62}},"28":{"start":{"line":85,"column":0},"end":{"line":135,"column":2},"skip":true},"29":{"start":{"line":86,"column":2},"end":{"line":86,"column":47},"skip":true},"30":{"start":{"line":88,"column":2},"end":{"line":88,"column":67},"skip":true},"31":{"start":{"line":89,"column":2},"end":{"line":89,"column":49},"skip":true},"32":{"start":{"line":90,"column":2},"end":{"line":90,"column":40},"skip":true},"33":{"start":{"line":92,"column":2},"end":{"line":134,"column":5},"skip":true},"34":{"start":{"line":94,"column":4},"end":{"line":99,"column":5},"skip":true},"35":{"start":{"line":96,"column":6},"end":{"line":96,"column":79},"skip":true},"36":{"start":{"line":97,"column":6},"end":{"line":97,"column":34},"skip":true},"37":{"start":{"line":98,"column":6},"end":{"line":98,"column":53},"skip":true},"38":{"start":{"line":101,"column":4},"end":{"line":101,"column":78},"skip":true},"39":{"start":{"line":102,"column":4},"end":{"line":102,"column":34},"skip":true},"40":{"start":{"line":103,"column":4},"end":{"line":103,"column":51},"skip":true},"41":{"start":{"line":107,"column":4},"end":{"line":107,"column":80},"skip":true},"42":{"start":{"line":108,"column":4},"end":{"line":108,"column":42},"skip":true},"43":{"start":{"line":111,"column":4},"end":{"line":111,"column":106},"skip":true},"44":{"start":{"line":112,"column":4},"end":{"line":112,"column":43},"skip":true},"45":{"start":{"line":113,"column":4},"end":{"line":113,"column":77},"skip":true},"46":{"start":{"line":116,"column":4},"end":{"line":121,"column":5},"skip":true},"47":{"start":{"line":118,"column":6},"end":{"line":118,"column":96},"skip":true},"48":{"start":{"line":119,"column":6},"end":{"line":119,"column":33},"skip":true},"49":{"start":{"line":120,"column":6},"end":{"line":120,"column":59},"skip":true},"50":{"start":{"line":123,"column":4},"end":{"line":123,"column":99},"skip":true},"51":{"start":{"line":124,"column":4},"end":{"line":124,"column":32},"skip":true},"52":{"start":{"line":125,"column":4},"end":{"line":125,"column":57},"skip":true},"53":{"start":{"line":128,"column":4},"end":{"line":128,"column":133},"skip":true},"54":{"start":{"line":129,"column":4},"end":{"line":129,"column":36},"skip":true},"55":{"start":{"line":130,"column":4},"end":{"line":133,"column":6},"skip":true},"56":{"start":{"line":141,"column":0},"end":{"line":197,"column":2}},"57":{"start":{"line":142,"column":2},"end":{"line":142,"column":24}},"58":{"start":{"line":143,"column":2},"end":{"line":143,"column":36}},"59":{"start":{"line":144,"column":2},"end":{"line":144,"column":45}},"60":{"start":{"line":146,"column":2},"end":{"line":196,"column":5}},"61":{"start":{"line":149,"column":4},"end":{"line":154,"column":7}},"62":{"start":{"line":150,"column":6},"end":{"line":153,"column":8}},"63":{"start":{"line":155,"column":4},"end":{"line":160,"column":5}},"64":{"start":{"line":156,"column":6},"end":{"line":159,"column":9}},"65":{"start":{"line":162,"column":4},"end":{"line":195,"column":7}},"66":{"start":{"line":163,"column":6},"end":{"line":163,"column":101}},"67":{"start":{"line":164,"column":6},"end":{"line":164,"column":61}},"68":{"start":{"line":165,"column":6},"end":{"line":165,"column":49}},"69":{"start":{"line":166,"column":6},"end":{"line":172,"column":9}},"70":{"start":{"line":167,"column":8},"end":{"line":171,"column":11}},"71":{"start":{"line":168,"column":10},"end":{"line":168,"column":61}},"72":{"start":{"line":169,"column":10},"end":{"line":169,"column":38}},"73":{"start":{"line":169,"column":19},"end":{"line":169,"column":36}},"74":{"start":{"line":170,"column":10},"end":{"line":170,"column":26}},"75":{"start":{"line":174,"column":6},"end":{"line":177,"column":9}},"76":{"start":{"line":175,"column":8},"end":{"line":175,"column":59}},"77":{"start":{"line":176,"column":8},"end":{"line":176,"column":18}},"78":{"start":{"line":179,"column":6},"end":{"line":179,"column":33}},"79":{"start":{"line":182,"column":6},"end":{"line":182,"column":40}},"80":{"start":{"line":185,"column":6},"end":{"line":187,"column":9}},"81":{"start":{"line":186,"column":8},"end":{"line":186,"column":90}},"82":{"start":{"line":190,"column":6},"end":{"line":190,"column":36}},"83":{"start":{"line":191,"column":6},"end":{"line":191,"column":30}},"84":{"start":{"line":192,"column":6},"end":{"line":192,"column":77}},"85":{"start":{"line":194,"column":6},"end":{"line":194,"column":25}},"86":{"start":{"line":205,"column":0},"end":{"line":215,"column":2},"skip":true},"87":{"start":{"line":206,"column":2},"end":{"line":206,"column":67},"skip":true},"88":{"start":{"line":207,"column":2},"end":{"line":214,"column":5},"skip":true},"89":{"start":{"line":209,"column":4},"end":{"line":209,"column":33},"skip":true},"90":{"start":{"line":212,"column":4},"end":{"line":212,"column":60},"skip":true},"91":{"start":{"line":212,"column":50},"end":{"line":212,"column":58},"skip":true},"92":{"start":{"line":213,"column":4},"end":{"line":213,"column":34},"skip":true},"93":{"start":{"line":223,"column":0},"end":{"line":244,"column":2},"skip":true},"94":{"start":{"line":224,"column":2},"end":{"line":224,"column":24},"skip":true},"95":{"start":{"line":225,"column":2},"end":{"line":225,"column":15},"skip":true},"96":{"start":{"line":229,"column":2},"end":{"line":229,"column":49},"skip":true},"97":{"start":{"line":230,"column":2},"end":{"line":243,"column":5},"skip":true},"98":{"start":{"line":235,"column":4},"end":{"line":235,"column":32},"skip":true},"99":{"start":{"line":236,"column":4},"end":{"line":236,"column":38},"skip":true},"100":{"start":{"line":237,"column":4},"end":{"line":237,"column":26},"skip":true},"101":{"start":{"line":238,"column":4},"end":{"line":238,"column":79},"skip":true},"102":{"start":{"line":241,"column":4},"end":{"line":241,"column":49},"skip":true},"103":{"start":{"line":242,"column":4},"end":{"line":242,"column":30},"skip":true},"104":{"start":{"line":252,"column":0},"end":{"line":281,"column":2},"skip":true},"105":{"start":{"line":253,"column":2},"end":{"line":253,"column":24},"skip":true},"106":{"start":{"line":254,"column":2},"end":{"line":254,"column":15},"skip":true},"107":{"start":{"line":256,"column":2},"end":{"line":280,"column":5},"skip":true},"108":{"start":{"line":258,"column":4},"end":{"line":258,"column":32},"skip":true},"109":{"start":{"line":260,"column":4},"end":{"line":264,"column":6},"skip":true},"110":{"start":{"line":265,"column":4},"end":{"line":268,"column":7},"skip":true},"111":{"start":{"line":272,"column":4},"end":{"line":272,"column":57},"skip":true},"112":{"start":{"line":273,"column":4},"end":{"line":273,"column":32},"skip":true},"113":{"start":{"line":274,"column":4},"end":{"line":274,"column":32},"skip":true},"114":{"start":{"line":275,"column":4},"end":{"line":275,"column":98},"skip":true},"115":{"start":{"line":278,"column":4},"end":{"line":278,"column":49},"skip":true},"116":{"start":{"line":279,"column":4},"end":{"line":279,"column":30},"skip":true},"117":{"start":{"line":289,"column":0},"end":{"line":294,"column":2},"skip":true},"118":{"start":{"line":290,"column":2},"end":{"line":292,"column":4},"skip":true},"119":{"start":{"line":293,"column":2},"end":{"line":293,"column":77},"skip":true},"120":{"start":{"line":303,"column":0},"end":{"line":316,"column":2},"skip":true},"121":{"start":{"line":304,"column":2},"end":{"line":307,"column":4},"skip":true},"122":{"start":{"line":308,"column":2},"end":{"line":315,"column":5},"skip":true},"123":{"start":{"line":310,"column":4},"end":{"line":310,"column":33},"skip":true},"124":{"start":{"line":313,"column":4},"end":{"line":313,"column":60},"skip":true},"125":{"start":{"line":313,"column":50},"end":{"line":313,"column":58},"skip":true},"126":{"start":{"line":314,"column":4},"end":{"line":314,"column":34},"skip":true},"127":{"start":{"line":326,"column":0},"end":{"line":333,"column":2},"skip":true},"128":{"start":{"line":327,"column":2},"end":{"line":331,"column":4},"skip":true},"129":{"start":{"line":332,"column":2},"end":{"line":332,"column":74},"skip":true},"130":{"start":{"line":343,"column":0},"end":{"line":350,"column":2},"skip":true},"131":{"start":{"line":344,"column":2},"end":{"line":348,"column":4},"skip":true},"132":{"start":{"line":349,"column":2},"end":{"line":349,"column":74},"skip":true},"133":{"start":{"line":353,"column":0},"end":{"line":353,"column":24}}},"branchMap":{"1":{"line":25,"type":"binary-expr","locations":[{"start":{"line":25,"column":23},"end":{"line":25,"column":41}},{"start":{"line":25,"column":45},"end":{"line":25,"column":47}}]},"2":{"line":35,"type":"binary-expr","locations":[{"start":{"line":35,"column":24},"end":{"line":35,"column":43}},{"start":{"line":35,"column":47},"end":{"line":35,"column":49}}]},"3":{"line":94,"type":"if","locations":[{"start":{"line":94,"column":4},"end":{"line":94,"column":4},"skip":true},{"start":{"line":94,"column":4},"end":{"line":94,"column":4},"skip":true}]},"4":{"line":116,"type":"if","locations":[{"start":{"line":116,"column":4},"end":{"line":116,"column":4},"skip":true},{"start":{"line":116,"column":4},"end":{"line":116,"column":4},"skip":true}]},"5":{"line":142,"type":"binary-expr","locations":[{"start":{"line":142,"column":11},"end":{"line":142,"column":17}},{"start":{"line":142,"column":21},"end":{"line":142,"column":23}}]},"6":{"line":155,"type":"if","locations":[{"start":{"line":155,"column":4},"end":{"line":155,"column":4}},{"start":{"line":155,"column":4},"end":{"line":155,"column":4}}]},"7":{"line":169,"type":"if","locations":[{"start":{"line":169,"column":10},"end":{"line":169,"column":10}},{"start":{"line":169,"column":10},"end":{"line":169,"column":10}}]},"8":{"line":212,"type":"if","locations":[{"start":{"line":212,"column":4},"end":{"line":212,"column":4},"skip":true},{"start":{"line":212,"column":4},"end":{"line":212,"column":4},"skip":true}]},"9":{"line":224,"type":"binary-expr","locations":[{"start":{"line":224,"column":11},"end":{"line":224,"column":17},"skip":true},{"start":{"line":224,"column":21},"end":{"line":224,"column":23},"skip":true}]},"10":{"line":253,"type":"binary-expr","locations":[{"start":{"line":253,"column":11},"end":{"line":253,"column":17},"skip":true},{"start":{"line":253,"column":21},"end":{"line":253,"column":23},"skip":true}]},"11":{"line":313,"type":"if","locations":[{"start":{"line":313,"column":4},"end":{"line":313,"column":4},"skip":true},{"start":{"line":313,"column":4},"end":{"line":313,"column":4},"skip":true}]}}},"/home/alexis/Workspace/anoio/lager/packages/node-lambda/src/integration-data-injector.js":{"path":"/home/alexis/Workspace/anoio/lager/packages/node-lambda/src/integration-data-injector.js","s":{"1":1,"2":2,"3":2,"4":1,"5":2,"6":2,"7":1,"8":1,"9":1,"10":1,"11":1,"12":2,"13":1},"b":{"1":[1,1],"2":[2,2,2],"3":[1,1]},"f":{"1":2,"2":2},"fnMap":{"1":{"name":"LambdaIntegrationDataInjector","line":9,"loc":{"start":{"line":9,"column":38},"end":{"line":9,"column":100}}},"2":{"name":"applyToEndpoint","line":20,"loc":{"start":{"line":20,"column":58},"end":{"line":20,"column":93}}}},"statementMap":{"1":{"start":{"line":9,"column":0},"end":{"line":12,"column":2}},"2":{"start":{"line":10,"column":2},"end":{"line":10,"column":23}},"3":{"start":{"line":11,"column":2},"end":{"line":11,"column":37}},"4":{"start":{"line":20,"column":0},"end":{"line":40,"column":2}},"5":{"start":{"line":21,"column":2},"end":{"line":21,"column":34}},"6":{"start":{"line":24,"column":2},"end":{"line":38,"column":3}},"7":{"start":{"line":25,"column":4},"end":{"line":25,"column":92}},"8":{"start":{"line":26,"column":4},"end":{"line":26,"column":57}},"9":{"start":{"line":27,"column":4},"end":{"line":31,"column":65}},"10":{"start":{"line":32,"column":4},"end":{"line":32,"column":64}},"11":{"start":{"line":33,"column":4},"end":{"line":37,"column":6}},"12":{"start":{"line":39,"column":2},"end":{"line":39,"column":18}},"13":{"start":{"line":42,"column":0},"end":{"line":42,"column":47}}},"branchMap":{"1":{"line":24,"type":"if","locations":[{"start":{"line":24,"column":2},"end":{"line":24,"column":2}},{"start":{"line":24,"column":2},"end":{"line":24,"column":2}}]},"2":{"line":24,"type":"binary-expr","locations":[{"start":{"line":24,"column":6},"end":{"line":24,"column":21}},{"start":{"line":24,"column":25},"end":{"line":24,"column":47}},{"start":{"line":24,"column":51},"end":{"line":24,"column":105}}]},"3":{"line":25,"type":"binary-expr","locations":[{"start":{"line":25,"column":46},"end":{"line":25,"column":85}},{"start":{"line":25,"column":89},"end":{"line":25,"column":91}}]}}},"/home/alexis/Workspace/anoio/lager/packages/node-lambda/src/node-module.js":{"path":"/home/alexis/Workspace/anoio/lager/packages/node-lambda/src/node-module.js","s":{"1":1,"2":1,"3":1,"4":1,"5":12,"6":12,"7":12,"8":1,"9":16,"10":1,"11":0,"12":1,"13":3,"14":3,"15":3,"16":3,"17":1,"18":3,"19":3,"20":2,"21":1,"22":1,"23":1,"24":1,"25":1,"26":1,"27":1},"b":{"1":[3,0],"2":[3,3],"3":[2,1]},"f":{"1":12,"2":16,"3":0,"4":3,"5":3},"fnMap":{"1":{"name":"NodeModule","line":15,"loc":{"start":{"line":15,"column":19},"end":{"line":15,"column":66}}},"2":{"name":"getName","line":25,"loc":{"start":{"line":25,"column":31},"end":{"line":25,"column":50}}},"3":{"name":"getFsPath","line":33,"loc":{"start":{"line":33,"column":33},"end":{"line":33,"column":54}}},"4":{"name":"getDependencies","line":43,"loc":{"start":{"line":43,"column":39},"end":{"line":43,"column":66}}},"5":{"name":"getNestedDependenciesList","line":55,"loc":{"start":{"line":55,"column":49},"end":{"line":55,"column":86}}}},"statementMap":{"1":{"start":{"line":3,"column":0},"end":{"line":3,"column":36}},"2":{"start":{"line":4,"column":0},"end":{"line":4,"column":28}},"3":{"start":{"line":6,"column":0},"end":{"line":6,"column":34}},"4":{"start":{"line":15,"column":0},"end":{"line":19,"column":2}},"5":{"start":{"line":16,"column":2},"end":{"line":16,"column":33}},"6":{"start":{"line":17,"column":2},"end":{"line":17,"column":19}},"7":{"start":{"line":18,"column":2},"end":{"line":18,"column":23}},"8":{"start":{"line":25,"column":0},"end":{"line":27,"column":2}},"9":{"start":{"line":26,"column":2},"end":{"line":26,"column":19}},"10":{"start":{"line":33,"column":0},"end":{"line":35,"column":2}},"11":{"start":{"line":34,"column":2},"end":{"line":34,"column":21}},"12":{"start":{"line":43,"column":0},"end":{"line":49,"column":2}},"13":{"start":{"line":44,"column":2},"end":{"line":44,"column":30}},"14":{"start":{"line":45,"column":2},"end":{"line":47,"column":3}},"15":{"start":{"line":46,"column":4},"end":{"line":46,"column":66}},"16":{"start":{"line":48,"column":2},"end":{"line":48,"column":28}},"17":{"start":{"line":55,"column":0},"end":{"line":81,"column":2}},"18":{"start":{"line":56,"column":2},"end":{"line":56,"column":46}},"19":{"start":{"line":59,"column":2},"end":{"line":61,"column":3}},"20":{"start":{"line":60,"column":4},"end":{"line":60,"column":31}},"21":{"start":{"line":64,"column":2},"end":{"line":80,"column":5}},"22":{"start":{"line":65,"column":4},"end":{"line":75,"column":7}},"23":{"start":{"line":69,"column":6},"end":{"line":69,"column":81}},"24":{"start":{"line":73,"column":6},"end":{"line":73,"column":65}},"25":{"start":{"line":74,"column":6},"end":{"line":74,"column":35}},"26":{"start":{"line":79,"column":4},"end":{"line":79,"column":62}},"27":{"start":{"line":83,"column":0},"end":{"line":83,"column":28}}},"branchMap":{"1":{"line":45,"type":"if","locations":[{"start":{"line":45,"column":2},"end":{"line":45,"column":2}},{"start":{"line":45,"column":2},"end":{"line":45,"column":2}}]},"2":{"line":45,"type":"binary-expr","locations":[{"start":{"line":45,"column":6},"end":{"line":45,"column":33}},{"start":{"line":45,"column":37},"end":{"line":45,"column":77}}]},"3":{"line":59,"type":"if","locations":[{"start":{"line":59,"column":2},"end":{"line":59,"column":2}},{"start":{"line":59,"column":2},"end":{"line":59,"column":2}}]}}},"/home/alexis/Workspace/anoio/lager/packages/node-lambda/src/aws-permissions.js":{"path":"/home/alexis/Workspace/anoio/lager/packages/node-lambda/src/aws-permissions.js","s":{"1":0},"b":{},"f":{},"fnMap":{},"statementMap":{"1":{"start":{"line":3,"column":0},"end":{"line":40,"column":2}}},"branchMap":{}},"/home/alexis/Workspace/anoio/lager/packages/node-lambda/src/cli/deploy-node-lambdas.js":{"path":"/home/alexis/Workspace/anoio/lager/packages/node-lambda/src/cli/deploy-node-lambdas.js","s":{"1":0,"2":0,"3":0,"4":0,"5":0,"6":0,"7":0,"8":0,"9":0,"10":0,"11":0,"12":0,"13":0,"14":0,"15":0,"16":0,"17":0,"18":0,"19":0,"20":0,"21":0,"22":0,"23":0,"24":0,"25":0,"26":0},"b":{"1":[0,0],"2":[0,0,0]},"f":{"1":0,"2":0},"fnMap":{"1":{"name":"getChoices","line":64,"loc":{"start":{"line":64,"column":2},"end":{"line":64,"column":24}}},"2":{"name":"executeCommand","line":109,"loc":{"start":{"line":109,"column":2},"end":{"line":109,"column":38}}}},"statementMap":{"1":{"start":{"line":3,"column":0},"end":{"line":3,"column":28}},"2":{"start":{"line":4,"column":0},"end":{"line":4,"column":35}},"3":{"start":{"line":10,"column":0},"end":{"line":138,"column":2}},"4":{"start":{"line":13,"column":2},"end":{"line":58,"column":5}},"5":{"start":{"line":15,"column":4},"end":{"line":52,"column":6}},"6":{"start":{"line":57,"column":4},"end":{"line":57,"column":57}},"7":{"start":{"line":64,"column":2},"end":{"line":102,"column":3}},"8":{"start":{"line":66,"column":4},"end":{"line":101,"column":7}},"9":{"start":{"line":68,"column":6},"end":{"line":100,"column":8}},"10":{"start":{"line":70,"column":10},"end":{"line":73,"column":12}},"11":{"start":{"line":109,"column":2},"end":{"line":136,"column":3}},"12":{"start":{"line":110,"column":4},"end":{"line":110,"column":18}},"13":{"start":{"line":111,"column":4},"end":{"line":111,"column":100}},"14":{"start":{"line":112,"column":4},"end":{"line":112,"column":68}},"15":{"start":{"line":113,"column":4},"end":{"line":113,"column":112}},"16":{"start":{"line":114,"column":4},"end":{"line":114,"column":91}},"17":{"start":{"line":115,"column":4},"end":{"line":115,"column":18}},"18":{"start":{"line":116,"column":4},"end":{"line":116,"column":52}},"19":{"start":{"line":118,"column":4},"end":{"line":135,"column":7}},"20":{"start":{"line":127,"column":6},"end":{"line":133,"column":7}},"21":{"start":{"line":128,"column":8},"end":{"line":128,"column":102}},"22":{"start":{"line":129,"column":8},"end":{"line":129,"column":118}},"23":{"start":{"line":130,"column":8},"end":{"line":130,"column":44}},"24":{"start":{"line":131,"column":8},"end":{"line":131,"column":90}},"25":{"start":{"line":132,"column":8},"end":{"line":132,"column":24}},"26":{"start":{"line":134,"column":6},"end":{"line":134,"column":14}}},"branchMap":{"1":{"line":127,"type":"if","locations":[{"start":{"line":127,"column":6},"end":{"line":127,"column":6}},{"start":{"line":127,"column":6},"end":{"line":127,"column":6}}]},"2":{"line":127,"type":"binary-expr","locations":[{"start":{"line":127,"column":10},"end":{"line":127,"column":44}},{"start":{"line":127,"column":48},"end":{"line":127,"column":55}},{"start":{"line":127,"column":59},"end":{"line":127,"column":74}}]}}}}