TN:
SF:/home/alexis/Workspace/anoio/lager/packages/node-lambda/src/index.js
FN:14,loadLambdas
FN:56,loadLambda
FN:87,loadModules
FN:124,loadNodeModule
FN:148,deploy
FN:185,findNodeModule
FN:210,registerCommands
FN:222,beforeApisLoad
FN:236,loadIntegrations
FN:250,afterDeployAll
FN:272,formatHrTime
FNF:11
FNH:5
FNDA:2,loadLambdas
FNDA:2,loadLambda
FNDA:6,loadModules
FNDA:12,loadNodeModule
FNDA:0,deploy
FNDA:3,findNodeModule
FNDA:0,registerCommands
FNDA:0,beforeApisLoad
FNDA:0,loadIntegrations
FNDA:0,afterDeployAll
FNDA:0,formatHrTime
DA:3,1
DA:4,1
DA:6,1
DA:7,1
DA:8,1
DA:14,1
DA:15,2
DA:18,2
DA:21,2
DA:25,2
DA:26,2
DA:27,2
DA:29,2
DA:31,2
DA:35,2
DA:38,2
DA:43,0
DA:44,0
DA:46,0
DA:56,1
DA:57,2
DA:63,2
DA:66,2
DA:69,2
DA:72,2
DA:73,2
DA:76,2
DA:79,2
DA:87,1
DA:88,6
DA:90,6
DA:93,6
DA:97,6
DA:98,6
DA:99,12
DA:101,12
DA:103,6
DA:106,6
DA:111,0
DA:112,0
DA:114,0
DA:124,1
DA:125,12
DA:127,12
DA:130,12
DA:131,12
DA:134,12
DA:137,12
DA:148,1
DA:149,0
DA:152,0
DA:153,0
DA:155,0
DA:156,0
DA:160,0
DA:161,0
DA:162,0
DA:163,0
DA:164,0
DA:165,0
DA:166,0
DA:167,0
DA:168,0
DA:169,0
DA:171,0
DA:172,0
DA:173,0
DA:174,0
DA:175,0
DA:185,1
DA:186,3
DA:188,5
DA:189,3
DA:190,0
DA:192,3
DA:196,1
DA:211,0
DA:223,0
DA:237,0
DA:239,0
DA:240,0
DA:251,0
DA:265,1
DA:272,1
DA:273,0
LF:85
LH:51
BRDA:43,1,0,0
BRDA:43,1,1,0
BRDA:43,2,0,0
BRDA:43,2,1,0
BRDA:66,3,0,2
BRDA:66,3,1,2
BRDA:69,4,0,2
BRDA:69,4,1,2
BRDA:111,5,0,0
BRDA:111,5,1,0
BRDA:111,6,0,0
BRDA:111,6,1,0
BRDA:152,7,0,0
BRDA:152,7,1,0
BRDA:165,8,0,0
BRDA:165,8,1,0
BRDA:189,9,0,0
BRDA:189,9,1,3
BRF:18
BRH:5
end_of_record
TN:
SF:/home/alexis/Workspace/anoio/lager/packages/node-lambda/src/cli/create-node-lambda.js
FN:56,(anonymous_1)
FN:73,(anonymous_2)
FN:100,getChoices
FN:148,executeCommand
FNF:4
FNH:1
FNDA:0,(anonymous_1)
FNDA:0,(anonymous_2)
FNDA:1,getChoices
FNDA:0,executeCommand
DA:3,1
DA:4,1
DA:6,1
DA:7,1
DA:8,1
DA:9,1
DA:11,1
DA:17,1
DA:20,1
DA:23,1
DA:30,0
DA:57,0
DA:74,0
DA:92,1
DA:100,1
DA:101,1
DA:102,1
DA:103,23
DA:105,1
DA:115,1
DA:117,1
DA:118,2
DA:123,1
DA:126,1
DA:129,1
DA:130,0
DA:135,1
DA:139,1
DA:148,1
DA:149,0
DA:150,0
DA:152,0
DA:153,0
DA:156,0
DA:167,0
DA:171,0
DA:172,0
DA:173,0
DA:177,0
DA:178,0
DA:179,0
DA:182,0
DA:184,0
LF:43
LH:25
BRDA:57,1,0,0
BRDA:57,1,1,0
BRDA:57,1,2,0
BRDA:74,2,0,0
BRDA:74,2,1,0
BRDA:132,3,0,0
BRDA:132,3,1,0
BRDA:149,4,0,0
BRDA:149,4,1,0
BRDA:149,5,0,0
BRDA:149,5,1,0
BRF:11
BRH:0
end_of_record
TN:
SF:/home/alexis/Workspace/anoio/lager/packages/node-lambda/src/cli/create-node-module.js
FN:40,(anonymous_1)
FN:51,(anonymous_2)
FN:69,getChoices
FN:94,executeCommand
FNF:4
FNH:1
FNDA:0,(anonymous_1)
FNDA:0,(anonymous_2)
FNDA:1,getChoices
FNDA:0,executeCommand
DA:3,1
DA:4,1
DA:6,1
DA:7,1
DA:8,1
DA:10,1
DA:16,1
DA:19,1
DA:22,1
DA:29,0
DA:41,0
DA:52,0
DA:61,1
DA:69,1
DA:70,1
DA:71,1
DA:73,1
DA:74,1
DA:79,1
DA:80,2
DA:85,1
DA:94,1
DA:95,0
DA:96,0
DA:100,0
DA:107,0
DA:110,0
DA:112,0
LF:28
LH:19
BRDA:41,1,0,0
BRDA:41,1,1,0
BRDA:41,1,2,0
BRDA:52,2,0,0
BRDA:52,2,1,0
BRDA:52,2,2,0
BRF:6
BRH:0
end_of_record
TN:
SF:/home/alexis/Workspace/anoio/lager/packages/node-lambda/src/lambda.js
FN:20,Lambda
FN:42,getIdentifier
FN:50,toString
FN:58,getNodeModules
FN:85,deploy
FN:141,buildPackage
FN:205,isDeployed
FN:223,create
FN:252,update
FN:289,publishVersion
FN:303,aliasExists
FN:326,createAlias
FN:343,updateAlias
FNF:13
FNH:12
FNDA:4,Lambda
FNDA:6,getIdentifier
FNDA:1,toString
FNDA:1,getNodeModules
FNDA:0,deploy
FNDA:0,buildPackage
FNDA:0,isDeployed
FNDA:0,create
FNDA:0,update
FNDA:0,publishVersion
FNDA:0,aliasExists
FNDA:0,createAlias
FNDA:0,updateAlias
DA:3,1
DA:4,1
DA:5,1
DA:7,1
DA:8,1
DA:9,1
DA:10,1
DA:12,1
DA:13,1
DA:20,1
DA:21,4
DA:22,4
DA:23,4
DA:25,4
DA:26,4
DA:35,4
DA:42,1
DA:43,6
DA:50,1
DA:51,1
DA:58,1
DA:59,1
DA:60,2
DA:63,2
DA:67,2
DA:68,2
DA:73,1
DA:85,1
DA:86,1
DA:88,1
DA:89,1
DA:90,1
DA:92,1
DA:94,1
DA:96,1
DA:97,1
DA:98,1
DA:101,1
DA:102,1
DA:103,1
DA:107,1
DA:108,1
DA:111,1
DA:112,1
DA:113,1
DA:116,1
DA:118,1
DA:119,1
DA:120,1
DA:123,1
DA:124,1
DA:125,1
DA:128,1
DA:129,1
DA:130,1
DA:141,1
DA:142,0
DA:143,0
DA:144,0
DA:146,0
DA:149,0
DA:150,0
DA:155,0
DA:156,0
DA:162,0
DA:163,0
DA:164,0
DA:165,0
DA:166,0
DA:167,0
DA:168,0
DA:169,0
DA:170,0
DA:174,0
DA:175,0
DA:176,0
DA:179,0
DA:182,0
DA:185,0
DA:186,0
DA:190,0
DA:191,0
DA:192,0
DA:194,0
DA:205,1
DA:206,1
DA:207,1
DA:209,1
DA:212,1
DA:213,1
DA:223,1
DA:224,1
DA:225,1
DA:229,1
DA:230,1
DA:235,1
DA:236,1
DA:237,1
DA:238,1
DA:241,1
DA:242,1
DA:252,1
DA:253,1
DA:254,1
DA:256,1
DA:258,1
DA:260,1
DA:265,1
DA:272,1
DA:273,1
DA:274,1
DA:275,1
DA:278,1
DA:279,1
DA:289,1
DA:290,1
DA:293,1
DA:303,1
DA:304,1
DA:308,1
DA:310,1
DA:313,1
DA:314,1
DA:326,1
DA:327,1
DA:332,1
DA:343,1
DA:344,1
DA:349,1
DA:353,1
LF:130
LH:102
BRDA:25,1,0,4
BRDA:25,1,1,0
BRDA:35,2,0,4
BRDA:35,2,1,0
BRDA:94,3,0,0
BRDA:94,3,1,0
BRDA:116,4,0,0
BRDA:116,4,1,0
BRDA:142,5,0,0
BRDA:142,5,1,0
BRDA:155,6,0,0
BRDA:155,6,1,0
BRDA:169,7,0,0
BRDA:169,7,1,0
BRDA:212,8,0,0
BRDA:212,8,1,0
BRDA:224,9,0,0
BRDA:224,9,1,0
BRDA:253,10,0,0
BRDA:253,10,1,0
BRDA:313,11,0,0
BRDA:313,11,1,0
BRF:22
BRH:14
end_of_record
TN:
SF:/home/alexis/Workspace/anoio/lager/packages/node-lambda/src/integration-data-injector.js
FN:9,LambdaIntegrationDataInjector
FN:20,applyToEndpoint
FNF:2
FNH:2
FNDA:2,LambdaIntegrationDataInjector
FNDA:2,applyToEndpoint
DA:9,1
DA:10,2
DA:11,2
DA:20,1
DA:21,2
DA:24,2
DA:25,1
DA:26,1
DA:27,1
DA:32,1
DA:33,1
DA:39,2
DA:42,1
LF:13
LH:13
BRDA:24,1,0,1
BRDA:24,1,1,1
BRDA:24,2,0,2
BRDA:24,2,1,2
BRDA:24,2,2,2
BRDA:25,3,0,1
BRDA:25,3,1,1
BRF:7
BRH:7
end_of_record
TN:
SF:/home/alexis/Workspace/anoio/lager/packages/node-lambda/src/node-module.js
FN:15,NodeModule
FN:25,getName
FN:33,getFsPath
FN:43,getDependencies
FN:55,getNestedDependenciesList
FNF:5
FNH:4
FNDA:12,NodeModule
FNDA:16,getName
FNDA:0,getFsPath
FNDA:3,getDependencies
FNDA:3,getNestedDependenciesList
DA:3,1
DA:4,1
DA:6,1
DA:15,1
DA:16,12
DA:17,12
DA:18,12
DA:25,1
DA:26,16
DA:33,1
DA:34,0
DA:43,1
DA:44,3
DA:45,3
DA:46,3
DA:48,3
DA:55,1
DA:56,3
DA:59,3
DA:60,2
DA:64,1
DA:65,1
DA:69,1
DA:73,1
DA:74,1
DA:79,1
DA:83,1
LF:27
LH:26
BRDA:45,1,0,3
BRDA:45,1,1,0
BRDA:45,2,0,3
BRDA:45,2,1,3
BRDA:59,3,0,2
BRDA:59,3,1,1
BRF:6
BRH:5
end_of_record
TN:
SF:/home/alexis/Workspace/anoio/lager/packages/node-lambda/src/aws-permissions.js
FNF:0
FNH:0
DA:3,0
LF:1
LH:0
BRF:0
BRH:0
end_of_record
TN:
SF:/home/alexis/Workspace/anoio/lager/packages/node-lambda/src/cli/deploy-node-lambdas.js
FN:64,getChoices
FN:109,executeCommand
FNF:2
FNH:0
FNDA:0,getChoices
FNDA:0,executeCommand
DA:3,0
DA:4,0
DA:10,0
DA:13,0
DA:15,0
DA:57,0
DA:64,0
DA:66,0
DA:68,0
DA:70,0
DA:109,0
DA:110,0
DA:111,0
DA:112,0
DA:113,0
DA:114,0
DA:115,0
DA:116,0
DA:118,0
DA:127,0
DA:128,0
DA:129,0
DA:130,0
DA:131,0
DA:132,0
DA:134,0
LF:26
LH:0
BRDA:127,1,0,0
BRDA:127,1,1,0
BRDA:127,2,0,0
BRDA:127,2,1,0
BRDA:127,2,2,0
BRF:5
BRH:0
end_of_record
