{"/home/alexis/Workspace/anoio/lager/packages/cli/src/cli/new.js":{"path":"/home/alexis/Workspace/anoio/lager/packages/cli/src/cli/new.js","s":{"1":1,"2":1,"3":1,"4":1,"5":1,"6":1,"7":1,"8":1,"9":1,"10":1,"11":0,"12":0,"13":0,"14":0,"15":0,"16":0,"17":0,"18":0,"19":0,"20":0,"21":0,"22":0,"23":0,"24":0,"25":0,"26":0,"27":0,"28":0,"29":0,"30":0,"31":0,"32":0,"33":0,"34":0,"35":0,"36":0,"37":0,"38":0,"39":0,"40":0,"41":0,"42":0,"43":0,"44":0,"45":1},"b":{"1":[0,0],"2":[0,0],"3":[0,0]},"f":{"1":1,"2":0},"fnMap":{"1":{"name":"getChoices","line":42,"loc":{"start":{"line":42,"column":2},"end":{"line":42,"column":24}}},"2":{"name":"executeCommand","line":68,"loc":{"start":{"line":68,"column":2},"end":{"line":68,"column":38}}}},"statementMap":{"1":{"start":{"line":3,"column":0},"end":{"line":3,"column":29}},"2":{"start":{"line":4,"column":0},"end":{"line":4,"column":36}},"3":{"start":{"line":5,"column":0},"end":{"line":5,"column":47}},"4":{"start":{"line":6,"column":0},"end":{"line":6,"column":83}},"5":{"start":{"line":12,"column":0},"end":{"line":131,"column":2}},"6":{"start":{"line":14,"column":2},"end":{"line":14,"column":36}},"7":{"start":{"line":16,"column":2},"end":{"line":35,"column":4}},"8":{"start":{"line":42,"column":2},"end":{"line":61,"column":3}},"9":{"start":{"line":43,"column":4},"end":{"line":60,"column":6}},"10":{"start":{"line":68,"column":2},"end":{"line":125,"column":3}},"11":{"start":{"line":71,"column":4},"end":{"line":71,"column":39}},"12":{"start":{"line":72,"column":4},"end":{"line":72,"column":30}},"13":{"start":{"line":73,"column":4},"end":{"line":79,"column":5}},"14":{"start":{"line":74,"column":6},"end":{"line":74,"column":58}},"15":{"start":{"line":75,"column":6},"end":{"line":78,"column":9}},"16":{"start":{"line":80,"column":4},"end":{"line":124,"column":7}},"17":{"start":{"line":81,"column":6},"end":{"line":81,"column":93}},"18":{"start":{"line":82,"column":6},"end":{"line":85,"column":8}},"19":{"start":{"line":86,"column":6},"end":{"line":86,"column":113}},"20":{"start":{"line":89,"column":6},"end":{"line":102,"column":7}},"21":{"start":{"line":90,"column":8},"end":{"line":90,"column":60}},"22":{"start":{"line":92,"column":8},"end":{"line":92,"column":33}},"23":{"start":{"line":94,"column":8},"end":{"line":94,"column":51}},"24":{"start":{"line":95,"column":8},"end":{"line":95,"column":39}},"25":{"start":{"line":96,"column":8},"end":{"line":96,"column":87}},"26":{"start":{"line":97,"column":8},"end":{"line":97,"column":40}},"27":{"start":{"line":98,"column":8},"end":{"line":101,"column":11}},"28":{"start":{"line":100,"column":10},"end":{"line":100,"column":25}},"29":{"start":{"line":105,"column":6},"end":{"line":105,"column":60}},"30":{"start":{"line":106,"column":6},"end":{"line":106,"column":41}},"31":{"start":{"line":107,"column":6},"end":{"line":107,"column":38}},"32":{"start":{"line":108,"column":6},"end":{"line":108,"column":32}},"33":{"start":{"line":109,"column":6},"end":{"line":109,"column":33}},"34":{"start":{"line":110,"column":6},"end":{"line":110,"column":85}},"35":{"start":{"line":111,"column":6},"end":{"line":111,"column":38}},"36":{"start":{"line":112,"column":6},"end":{"line":112,"column":79}},"37":{"start":{"line":115,"column":6},"end":{"line":115,"column":26}},"38":{"start":{"line":116,"column":6},"end":{"line":116,"column":26}},"39":{"start":{"line":117,"column":6},"end":{"line":117,"column":78}},"40":{"start":{"line":118,"column":6},"end":{"line":120,"column":7}},"41":{"start":{"line":119,"column":8},"end":{"line":119,"column":122}},"42":{"start":{"line":121,"column":6},"end":{"line":121,"column":123}},"43":{"start":{"line":122,"column":6},"end":{"line":122,"column":157}},"44":{"start":{"line":123,"column":6},"end":{"line":123,"column":23}},"45":{"start":{"line":130,"column":2},"end":{"line":130,"column":55}}},"branchMap":{"1":{"line":73,"type":"if","locations":[{"start":{"line":73,"column":4},"end":{"line":73,"column":4}},{"start":{"line":73,"column":4},"end":{"line":73,"column":4}}]},"2":{"line":83,"type":"binary-expr","locations":[{"start":{"line":83,"column":14},"end":{"line":83,"column":36}},{"start":{"line":83,"column":40},"end":{"line":83,"column":57}}]},"3":{"line":118,"type":"if","locations":[{"start":{"line":118,"column":6},"end":{"line":118,"column":6}},{"start":{"line":118,"column":6},"end":{"line":118,"column":6}}]}}},"/home/alexis/Workspace/anoio/lager/packages/cli/src/commander-help-override.js":{"path":"/home/alexis/Workspace/anoio/lager/packages/cli/src/commander-help-override.js","s":{"1":1,"2":1,"3":1,"4":0,"5":1,"6":2,"7":2,"8":3,"9":2,"10":1,"11":2,"12":1,"13":1,"14":2,"15":2,"16":2,"17":1,"18":2,"19":2,"20":2,"21":1,"22":3,"23":3},"b":{"1":[0,1],"2":[0,2],"3":[0,2],"4":[1,1],"5":[2,2],"6":[2,0],"7":[1,2],"8":[1,2]},"f":{"1":1,"2":2,"3":2,"4":3,"5":2,"6":2,"7":2,"8":3},"fnMap":{"1":{"name":"(anonymous_1)","line":9,"loc":{"start":{"line":9,"column":17},"end":{"line":9,"column":28}}},"2":{"name":"(anonymous_2)","line":12,"loc":{"start":{"line":12,"column":38},"end":{"line":12,"column":52}}},"3":{"name":"(anonymous_3)","line":14,"loc":{"start":{"line":14,"column":9},"end":{"line":14,"column":23}}},"4":{"name":"(anonymous_4)","line":15,"loc":{"start":{"line":15,"column":29},"end":{"line":15,"column":43}}},"5":{"name":"(anonymous_5)","line":29,"loc":{"start":{"line":29,"column":30},"end":{"line":29,"column":53}}},"6":{"name":"(anonymous_6)","line":44,"loc":{"start":{"line":44,"column":22},"end":{"line":44,"column":54}}},"7":{"name":"(anonymous_7)","line":45,"loc":{"start":{"line":45,"column":40},"end":{"line":45,"column":54}}},"8":{"name":"humanReadableArgName","line":61,"loc":{"start":{"line":61,"column":0},"end":{"line":61,"column":35}}}},"statementMap":{"1":{"start":{"line":3,"column":0},"end":{"line":3,"column":28}},"2":{"start":{"line":9,"column":0},"end":{"line":52,"column":2}},"3":{"start":{"line":10,"column":2},"end":{"line":10,"column":39}},"4":{"start":{"line":10,"column":29},"end":{"line":10,"column":39}},"5":{"start":{"line":12,"column":2},"end":{"line":27,"column":5}},"6":{"start":{"line":13,"column":4},"end":{"line":13,"column":24}},"7":{"start":{"line":15,"column":4},"end":{"line":17,"column":17}},"8":{"start":{"line":16,"column":6},"end":{"line":16,"column":39}},"9":{"start":{"line":19,"column":4},"end":{"line":26,"column":6}},"10":{"start":{"line":29,"column":2},"end":{"line":31,"column":8}},"11":{"start":{"line":30,"column":4},"end":{"line":30,"column":44}},"12":{"start":{"line":33,"column":2},"end":{"line":33,"column":22}},"13":{"start":{"line":34,"column":2},"end":{"line":38,"column":5}},"14":{"start":{"line":35,"column":4},"end":{"line":35,"column":55}},"15":{"start":{"line":36,"column":4},"end":{"line":36,"column":56}},"16":{"start":{"line":37,"column":4},"end":{"line":37,"column":36}},"17":{"start":{"line":40,"column":2},"end":{"line":51,"column":15}},"18":{"start":{"line":45,"column":6},"end":{"line":48,"column":41}},"19":{"start":{"line":46,"column":8},"end":{"line":46,"column":47}},"20":{"start":{"line":47,"column":8},"end":{"line":47,"column":46}},"21":{"start":{"line":61,"column":0},"end":{"line":66,"column":1}},"22":{"start":{"line":62,"column":2},"end":{"line":62,"column":67}},"23":{"start":{"line":63,"column":2},"end":{"line":65,"column":29}}},"branchMap":{"1":{"line":10,"type":"if","locations":[{"start":{"line":10,"column":2},"end":{"line":10,"column":2}},{"start":{"line":10,"column":2},"end":{"line":10,"column":2}}]},"2":{"line":21,"type":"cond-expr","locations":[{"start":{"line":21,"column":24},"end":{"line":21,"column":40}},{"start":{"line":21,"column":43},"end":{"line":21,"column":45}}]},"3":{"line":22,"type":"cond-expr","locations":[{"start":{"line":22,"column":32},"end":{"line":22,"column":44}},{"start":{"line":22,"column":47},"end":{"line":22,"column":49}}]},"4":{"line":35,"type":"cond-expr","locations":[{"start":{"line":35,"column":33},"end":{"line":35,"column":49}},{"start":{"line":35,"column":52},"end":{"line":35,"column":54}}]},"5":{"line":36,"type":"binary-expr","locations":[{"start":{"line":36,"column":28},"end":{"line":36,"column":49}},{"start":{"line":36,"column":53},"end":{"line":36,"column":55}}]},"6":{"line":46,"type":"cond-expr","locations":[{"start":{"line":46,"column":28},"end":{"line":46,"column":41}},{"start":{"line":46,"column":44},"end":{"line":46,"column":46}}]},"7":{"line":62,"type":"cond-expr","locations":[{"start":{"line":62,"column":55},"end":{"line":62,"column":60}},{"start":{"line":62,"column":63},"end":{"line":62,"column":65}}]},"8":{"line":63,"type":"cond-expr","locations":[{"start":{"line":64,"column":6},"end":{"line":64,"column":28}},{"start":{"line":65,"column":6},"end":{"line":65,"column":28}}]}}},"/home/alexis/Workspace/anoio/lager/packages/cli/src/load-lager-project.js":{"path":"/home/alexis/Workspace/anoio/lager/packages/cli/src/load-lager-project.js","s":{"1":1,"2":1,"3":1,"4":2,"5":2,"6":1,"7":1,"8":1,"9":1,"10":1,"11":0,"12":0,"13":0,"14":1,"15":1,"16":2,"17":2,"18":2,"19":2,"20":8,"21":8,"22":3,"23":1,"24":2,"25":5,"26":2,"27":1,"28":1,"29":1,"30":1,"31":1,"32":1,"33":0,"34":1,"35":1,"36":0,"37":0,"38":0,"39":0,"40":0,"41":0,"42":0,"43":0,"44":0,"45":0,"46":0,"47":0,"48":0,"49":0,"50":0},"b":{"1":[1,1],"2":[1,2],"3":[3,2],"4":[8,7],"5":[1,1],"6":[0,1],"7":[1,1],"8":[0,0],"9":[0,0]},"f":{"1":2,"2":2,"3":1,"4":0},"fnMap":{"1":{"name":"loadLagerProject","line":11,"loc":{"start":{"line":11,"column":17},"end":{"line":11,"column":49}}},"2":{"name":"getProjectRootDirectory","line":40,"loc":{"start":{"line":40,"column":0},"end":{"line":40,"column":35}}},"3":{"name":"getLagerInstance","line":69,"loc":{"start":{"line":69,"column":0},"end":{"line":69,"column":28}}},"4":{"name":"getConfig","line":84,"loc":{"start":{"line":84,"column":0},"end":{"line":84,"column":21}}}},"statementMap":{"1":{"start":{"line":8,"column":0},"end":{"line":8,"column":29}},"2":{"start":{"line":9,"column":0},"end":{"line":9,"column":25}},"3":{"start":{"line":11,"column":0},"end":{"line":33,"column":2}},"4":{"start":{"line":12,"column":2},"end":{"line":12,"column":48}},"5":{"start":{"line":13,"column":2},"end":{"line":29,"column":3}},"6":{"start":{"line":14,"column":4},"end":{"line":14,"column":31}},"7":{"start":{"line":15,"column":4},"end":{"line":15,"column":14}},"8":{"start":{"line":16,"column":4},"end":{"line":20,"column":5}},"9":{"start":{"line":17,"column":6},"end":{"line":17,"column":47}},"10":{"start":{"line":19,"column":6},"end":{"line":19,"column":31}},"11":{"start":{"line":21,"column":4},"end":{"line":28,"column":7}},"12":{"start":{"line":24,"column":6},"end":{"line":24,"column":62}},"13":{"start":{"line":27,"column":6},"end":{"line":27,"column":19}},"14":{"start":{"line":32,"column":2},"end":{"line":32,"column":31}},"15":{"start":{"line":40,"column":0},"end":{"line":63,"column":1}},"16":{"start":{"line":43,"column":2},"end":{"line":43,"column":26}},"17":{"start":{"line":44,"column":2},"end":{"line":44,"column":18}},"18":{"start":{"line":45,"column":2},"end":{"line":45,"column":20}},"19":{"start":{"line":47,"column":2},"end":{"line":58,"column":48}},"20":{"start":{"line":48,"column":4},"end":{"line":57,"column":5}},"21":{"start":{"line":49,"column":6},"end":{"line":49,"column":60}},"22":{"start":{"line":50,"column":6},"end":{"line":54,"column":7}},"23":{"start":{"line":51,"column":8},"end":{"line":51,"column":21}},"24":{"start":{"line":53,"column":8},"end":{"line":53,"column":32}},"25":{"start":{"line":56,"column":6},"end":{"line":56,"column":30}},"26":{"start":{"line":59,"column":2},"end":{"line":61,"column":3}},"27":{"start":{"line":60,"column":4},"end":{"line":60,"column":15}},"28":{"start":{"line":62,"column":2},"end":{"line":62,"column":15}},"29":{"start":{"line":69,"column":0},"end":{"line":78,"column":1}},"30":{"start":{"line":70,"column":2},"end":{"line":77,"column":3}},"31":{"start":{"line":71,"column":4},"end":{"line":71,"column":80}},"32":{"start":{"line":73,"column":4},"end":{"line":75,"column":5}},"33":{"start":{"line":74,"column":6},"end":{"line":74,"column":14}},"34":{"start":{"line":76,"column":4},"end":{"line":76,"column":128}},"35":{"start":{"line":84,"column":0},"end":{"line":114,"column":1}},"36":{"start":{"line":86,"column":2},"end":{"line":86,"column":18}},"37":{"start":{"line":87,"column":2},"end":{"line":93,"column":3}},"38":{"start":{"line":89,"column":4},"end":{"line":89,"column":61}},"39":{"start":{"line":92,"column":4},"end":{"line":92,"column":18}},"40":{"start":{"line":96,"column":2},"end":{"line":96,"column":54}},"41":{"start":{"line":97,"column":2},"end":{"line":97,"column":65}},"42":{"start":{"line":98,"column":2},"end":{"line":98,"column":17}},"43":{"start":{"line":99,"column":2},"end":{"line":104,"column":3}},"44":{"start":{"line":100,"column":4},"end":{"line":100,"column":39}},"45":{"start":{"line":103,"column":4},"end":{"line":103,"column":18}},"46":{"start":{"line":105,"column":2},"end":{"line":111,"column":5}},"47":{"start":{"line":106,"column":4},"end":{"line":106,"column":35}},"48":{"start":{"line":108,"column":4},"end":{"line":110,"column":5}},"49":{"start":{"line":109,"column":6},"end":{"line":109,"column":64}},"50":{"start":{"line":113,"column":2},"end":{"line":113,"column":16}}},"branchMap":{"1":{"line":13,"type":"if","locations":[{"start":{"line":13,"column":2},"end":{"line":13,"column":2}},{"start":{"line":13,"column":2},"end":{"line":13,"column":2}}]},"2":{"line":50,"type":"if","locations":[{"start":{"line":50,"column":6},"end":{"line":50,"column":6}},{"start":{"line":50,"column":6},"end":{"line":50,"column":6}}]},"3":{"line":50,"type":"binary-expr","locations":[{"start":{"line":50,"column":10},"end":{"line":50,"column":34}},{"start":{"line":50,"column":38},"end":{"line":50,"column":78}}]},"4":{"line":58,"type":"binary-expr","locations":[{"start":{"line":58,"column":11},"end":{"line":58,"column":36}},{"start":{"line":58,"column":40},"end":{"line":58,"column":46}}]},"5":{"line":59,"type":"if","locations":[{"start":{"line":59,"column":2},"end":{"line":59,"column":2}},{"start":{"line":59,"column":2},"end":{"line":59,"column":2}}]},"6":{"line":73,"type":"if","locations":[{"start":{"line":73,"column":4},"end":{"line":73,"column":4}},{"start":{"line":73,"column":4},"end":{"line":73,"column":4}}]},"7":{"line":73,"type":"binary-expr","locations":[{"start":{"line":73,"column":8},"end":{"line":73,"column":37}},{"start":{"line":73,"column":41},"end":{"line":73,"column":117}}]},"8":{"line":96,"type":"binary-expr","locations":[{"start":{"line":96,"column":22},"end":{"line":96,"column":39}},{"start":{"line":96,"column":43},"end":{"line":96,"column":53}}]},"9":{"line":108,"type":"if","locations":[{"start":{"line":108,"column":4},"end":{"line":108,"column":4}},{"start":{"line":108,"column":4},"end":{"line":108,"column":4}}]}}},"/home/alexis/Workspace/anoio/lager/packages/cli/src/cli/disable-default.js":{"path":"/home/alexis/Workspace/anoio/lager/packages/cli/src/cli/disable-default.js","s":{"1":0,"2":0,"3":0,"4":0,"5":0,"6":0,"7":0,"8":0,"9":0},"b":{},"f":{"1":0},"fnMap":{"1":{"name":"executeCommand","line":20,"loc":{"start":{"line":20,"column":2},"end":{"line":20,"column":38}}}},"statementMap":{"1":{"start":{"line":7,"column":0},"end":{"line":32,"column":2}},"2":{"start":{"line":8,"column":2},"end":{"line":13,"column":4}},"3":{"start":{"line":20,"column":2},"end":{"line":26,"column":3}},"4":{"start":{"line":21,"column":4},"end":{"line":21,"column":62}},"5":{"start":{"line":22,"column":4},"end":{"line":22,"column":85}},"6":{"start":{"line":23,"column":4},"end":{"line":23,"column":118}},"7":{"start":{"line":24,"column":4},"end":{"line":24,"column":21}},"8":{"start":{"line":25,"column":4},"end":{"line":25,"column":20}},"9":{"start":{"line":31,"column":2},"end":{"line":31,"column":55}}},"branchMap":{}},"/home/alexis/Workspace/anoio/lager/packages/cli/test-assets/plugins/hello.js":{"path":"/home/alexis/Workspace/anoio/lager/packages/cli/test-assets/plugins/hello.js","s":{"1":0,"2":0,"3":0},"b":{},"f":{},"fnMap":{},"statementMap":{"1":{"start":{"line":3,"column":0},"end":{"line":10,"column":2}},"2":{"start":{"line":7,"column":6},"end":{"line":7,"column":68}},"3":{"start":{"line":12,"column":0},"end":{"line":12,"column":24}}},"branchMap":{}},"/home/alexis/Workspace/anoio/lager/packages/cli/test-assets/plugins/world/index.js":{"path":"/home/alexis/Workspace/anoio/lager/packages/cli/test-assets/plugins/world/index.js","s":{"1":0,"2":0,"3":0},"b":{},"f":{},"fnMap":{},"statementMap":{"1":{"start":{"line":3,"column":0},"end":{"line":10,"column":2}},"2":{"start":{"line":7,"column":6},"end":{"line":7,"column":68}},"3":{"start":{"line":12,"column":0},"end":{"line":12,"column":24}}},"branchMap":{}}}