TN:
SF:/home/alexis/Workspace/anoio/lager/packages/cli/src/cli/new.js
FN:42,getChoices
FN:68,executeCommand
FNF:2
FNH:1
FNDA:1,getChoices
FNDA:0,executeCommand
DA:3,1
DA:4,1
DA:5,1
DA:6,1
DA:12,1
DA:14,1
DA:16,1
DA:42,1
DA:43,1
DA:68,1
DA:71,0
DA:72,0
DA:73,0
DA:74,0
DA:75,0
DA:80,0
DA:81,0
DA:82,0
DA:86,0
DA:89,0
DA:90,0
DA:92,0
DA:94,0
DA:95,0
DA:96,0
DA:97,0
DA:98,0
DA:100,0
DA:105,0
DA:106,0
DA:107,0
DA:108,0
DA:109,0
DA:110,0
DA:111,0
DA:112,0
DA:115,0
DA:116,0
DA:117,0
DA:118,0
DA:119,0
DA:121,0
DA:122,0
DA:123,0
DA:130,1
LF:45
LH:11
BRDA:73,1,0,0
BRDA:73,1,1,0
BRDA:83,2,0,0
BRDA:83,2,1,0
BRDA:118,3,0,0
BRDA:118,3,1,0
BRF:6
BRH:0
end_of_record
TN:
SF:/home/alexis/Workspace/anoio/lager/packages/cli/src/commander-help-override.js
FN:9,(anonymous_1)
FN:12,(anonymous_2)
FN:14,(anonymous_3)
FN:15,(anonymous_4)
FN:29,(anonymous_5)
FN:44,(anonymous_6)
FN:45,(anonymous_7)
FN:61,humanReadableArgName
FNF:8
FNH:8
FNDA:1,(anonymous_1)
FNDA:2,(anonymous_2)
FNDA:2,(anonymous_3)
FNDA:3,(anonymous_4)
FNDA:2,(anonymous_5)
FNDA:2,(anonymous_6)
FNDA:2,(anonymous_7)
FNDA:3,humanReadableArgName
DA:3,1
DA:9,1
DA:10,1
DA:12,1
DA:13,2
DA:15,2
DA:16,3
DA:19,2
DA:29,1
DA:30,2
DA:33,1
DA:34,1
DA:35,2
DA:36,2
DA:37,2
DA:40,1
DA:45,2
DA:46,2
DA:47,2
DA:61,1
DA:62,3
DA:63,3
LF:22
LH:22
BRDA:10,1,0,0
BRDA:10,1,1,1
BRDA:21,2,0,0
BRDA:21,2,1,2
BRDA:22,3,0,0
BRDA:22,3,1,2
BRDA:35,4,0,1
BRDA:35,4,1,1
BRDA:36,5,0,2
BRDA:36,5,1,2
BRDA:46,6,0,2
BRDA:46,6,1,0
BRDA:62,7,0,1
BRDA:62,7,1,2
BRDA:63,8,0,1
BRDA:63,8,1,2
BRF:16
BRH:12
end_of_record
TN:
SF:/home/alexis/Workspace/anoio/lager/packages/cli/src/load-lager-project.js
FN:11,loadLagerProject
FN:40,getProjectRootDirectory
FN:69,getLagerInstance
FN:84,getConfig
FNF:4
FNH:3
FNDA:2,loadLagerProject
FNDA:2,getProjectRootDirectory
FNDA:1,getLagerInstance
FNDA:0,getConfig
DA:8,1
DA:9,1
DA:11,1
DA:12,2
DA:13,2
DA:14,1
DA:15,1
DA:16,1
DA:17,1
DA:19,1
DA:21,0
DA:24,0
DA:27,0
DA:32,1
DA:40,1
DA:43,2
DA:44,2
DA:45,2
DA:47,2
DA:48,8
DA:49,8
DA:50,3
DA:51,1
DA:53,2
DA:56,5
DA:59,2
DA:60,1
DA:62,1
DA:69,1
DA:70,1
DA:71,1
DA:73,1
DA:74,0
DA:76,1
DA:84,1
DA:86,0
DA:87,0
DA:89,0
DA:92,0
DA:96,0
DA:97,0
DA:98,0
DA:99,0
DA:100,0
DA:103,0
DA:105,0
DA:106,0
DA:108,0
DA:109,0
DA:113,0
LF:50
LH:31
BRDA:13,1,0,1
BRDA:13,1,1,1
BRDA:50,2,0,1
BRDA:50,2,1,2
BRDA:50,3,0,3
BRDA:50,3,1,2
BRDA:58,4,0,8
BRDA:58,4,1,7
BRDA:59,5,0,1
BRDA:59,5,1,1
BRDA:73,6,0,0
BRDA:73,6,1,1
BRDA:73,7,0,1
BRDA:73,7,1,1
BRDA:96,8,0,0
BRDA:96,8,1,0
BRDA:108,9,0,0
BRDA:108,9,1,0
BRF:18
BRH:13
end_of_record
TN:
SF:/home/alexis/Workspace/anoio/lager/packages/cli/src/cli/disable-default.js
FN:20,executeCommand
FNF:1
FNH:0
FNDA:0,executeCommand
DA:7,0
DA:8,0
DA:20,0
DA:21,0
DA:22,0
DA:23,0
DA:24,0
DA:25,0
DA:31,0
LF:9
LH:0
BRF:0
BRH:0
end_of_record
TN:
SF:/home/alexis/Workspace/anoio/lager/packages/cli/test-assets/plugins/hello.js
FNF:0
FNH:0
DA:3,0
DA:7,0
DA:12,0
LF:3
LH:0
BRF:0
BRH:0
end_of_record
TN:
SF:/home/alexis/Workspace/anoio/lager/packages/cli/test-assets/plugins/world/index.js
FNF:0
FNH:0
DA:3,0
DA:7,0
DA:12,0
LF:3
LH:0
BRF:0
BRH:0
end_of_record
