{"/home/alexis/Workspace/anoio/lager/packages/iam/src/index.js":{"path":"/home/alexis/Workspace/anoio/lager/packages/iam/src/index.js","s":{"1":1,"2":1,"3":1,"4":1,"5":1,"6":1,"7":1,"8":3,"9":3,"10":3,"11":3,"12":3,"13":3,"14":3,"15":3,"16":3,"17":3,"18":3,"19":0,"20":0,"21":0,"22":1,"23":3,"24":3,"25":3,"26":3,"27":3,"28":3,"29":1,"30":0,"31":0,"32":0,"33":1,"34":2,"35":2,"36":2,"37":2,"38":2,"39":4,"40":4,"41":4,"42":2,"43":2,"44":2,"45":0,"46":0,"47":0,"48":1,"49":4,"50":4,"51":4,"52":4,"53":4,"54":4,"55":1,"56":0,"57":0,"58":0,"59":1,"60":0,"61":0,"62":0,"63":0,"64":0,"65":0,"66":0,"67":0,"68":1,"69":0,"70":0,"71":1},"b":{"1":[0,0],"2":[0,0],"3":[0,0],"4":[0,0],"5":[0,0]},"f":{"1":3,"2":3,"3":0,"4":2,"5":4,"6":0,"7":0,"8":0},"fnMap":{"1":{"name":"loadPolicies","line":17,"loc":{"start":{"line":17,"column":0},"end":{"line":17,"column":24}}},"2":{"name":"loadPolicy","line":57,"loc":{"start":{"line":57,"column":0},"end":{"line":57,"column":40}}},"3":{"name":"findPolicies","line":81,"loc":{"start":{"line":81,"column":0},"end":{"line":81,"column":35}}},"4":{"name":"loadRoles","line":92,"loc":{"start":{"line":92,"column":0},"end":{"line":92,"column":21}}},"5":{"name":"loadRole","line":132,"loc":{"start":{"line":132,"column":0},"end":{"line":132,"column":36}}},"6":{"name":"findRoles","line":156,"loc":{"start":{"line":156,"column":0},"end":{"line":156,"column":32}}},"7":{"name":"retrieveRoleArn","line":171,"loc":{"start":{"line":171,"column":0},"end":{"line":171,"column":46}}},"8":{"name":"registerCommands","line":211,"loc":{"start":{"line":211,"column":22},"end":{"line":211,"column":54}}}},"statementMap":{"1":{"start":{"line":4,"column":0},"end":{"line":4,"column":36}},"2":{"start":{"line":5,"column":0},"end":{"line":5,"column":28}},"3":{"start":{"line":6,"column":0},"end":{"line":6,"column":31}},"4":{"start":{"line":8,"column":0},"end":{"line":8,"column":29}},"5":{"start":{"line":9,"column":0},"end":{"line":9,"column":47}},"6":{"start":{"line":11,"column":0},"end":{"line":11,"column":26}},"7":{"start":{"line":17,"column":0},"end":{"line":49,"column":1}},"8":{"start":{"line":18,"column":2},"end":{"line":18,"column":81}},"9":{"start":{"line":21,"column":2},"end":{"line":48,"column":5}},"10":{"start":{"line":24,"column":4},"end":{"line":24,"column":46}},"11":{"start":{"line":28,"column":4},"end":{"line":28,"column":30}},"12":{"start":{"line":29,"column":4},"end":{"line":33,"column":7}},"13":{"start":{"line":30,"column":6},"end":{"line":30,"column":70}},"14":{"start":{"line":31,"column":6},"end":{"line":31,"column":51}},"15":{"start":{"line":32,"column":6},"end":{"line":32,"column":68}},"16":{"start":{"line":34,"column":4},"end":{"line":34,"column":39}},"17":{"start":{"line":38,"column":4},"end":{"line":38,"column":60}},"18":{"start":{"line":41,"column":4},"end":{"line":41,"column":37}},"19":{"start":{"line":44,"column":4},"end":{"line":46,"column":5}},"20":{"start":{"line":45,"column":6},"end":{"line":45,"column":33}},"21":{"start":{"line":47,"column":4},"end":{"line":47,"column":29}},"22":{"start":{"line":57,"column":0},"end":{"line":74,"column":1}},"23":{"start":{"line":58,"column":2},"end":{"line":73,"column":5}},"24":{"start":{"line":64,"column":4},"end":{"line":64,"column":56}},"25":{"start":{"line":65,"column":4},"end":{"line":65,"column":39}},"26":{"start":{"line":66,"column":4},"end":{"line":66,"column":46}},"27":{"start":{"line":69,"column":4},"end":{"line":69,"column":56}},"28":{"start":{"line":72,"column":4},"end":{"line":72,"column":35}},"29":{"start":{"line":81,"column":0},"end":{"line":86,"column":1}},"30":{"start":{"line":82,"column":2},"end":{"line":85,"column":5}},"31":{"start":{"line":84,"column":4},"end":{"line":84,"column":95}},"32":{"start":{"line":84,"column":44},"end":{"line":84,"column":91}},"33":{"start":{"line":92,"column":0},"end":{"line":124,"column":1}},"34":{"start":{"line":93,"column":2},"end":{"line":93,"column":76}},"35":{"start":{"line":96,"column":2},"end":{"line":123,"column":5}},"36":{"start":{"line":99,"column":4},"end":{"line":99,"column":44}},"37":{"start":{"line":103,"column":4},"end":{"line":103,"column":28}},"38":{"start":{"line":104,"column":4},"end":{"line":108,"column":7}},"39":{"start":{"line":105,"column":6},"end":{"line":105,"column":66}},"40":{"start":{"line":106,"column":6},"end":{"line":106,"column":49}},"41":{"start":{"line":107,"column":6},"end":{"line":107,"column":60}},"42":{"start":{"line":109,"column":4},"end":{"line":109,"column":37}},"43":{"start":{"line":113,"column":4},"end":{"line":113,"column":54}},"44":{"start":{"line":116,"column":4},"end":{"line":116,"column":34}},"45":{"start":{"line":119,"column":4},"end":{"line":121,"column":5}},"46":{"start":{"line":120,"column":6},"end":{"line":120,"column":33}},"47":{"start":{"line":122,"column":4},"end":{"line":122,"column":29}},"48":{"start":{"line":132,"column":0},"end":{"line":149,"column":1}},"49":{"start":{"line":133,"column":2},"end":{"line":148,"column":5}},"50":{"start":{"line":139,"column":4},"end":{"line":139,"column":52}},"51":{"start":{"line":140,"column":4},"end":{"line":140,"column":35}},"52":{"start":{"line":141,"column":4},"end":{"line":141,"column":40}},"53":{"start":{"line":144,"column":4},"end":{"line":144,"column":52}},"54":{"start":{"line":147,"column":4},"end":{"line":147,"column":33}},"55":{"start":{"line":156,"column":0},"end":{"line":161,"column":1}},"56":{"start":{"line":157,"column":2},"end":{"line":160,"column":5}},"57":{"start":{"line":159,"column":4},"end":{"line":159,"column":88}},"58":{"start":{"line":159,"column":39},"end":{"line":159,"column":84}},"59":{"start":{"line":171,"column":0},"end":{"line":195,"column":1}},"60":{"start":{"line":173,"column":2},"end":{"line":175,"column":3}},"61":{"start":{"line":174,"column":4},"end":{"line":174,"column":39}},"62":{"start":{"line":177,"column":2},"end":{"line":194,"column":5}},"63":{"start":{"line":179,"column":4},"end":{"line":179,"column":42}},"64":{"start":{"line":183,"column":4},"end":{"line":193,"column":7}},"65":{"start":{"line":185,"column":6},"end":{"line":185,"column":44}},"66":{"start":{"line":189,"column":6},"end":{"line":192,"column":9}},"67":{"start":{"line":191,"column":8},"end":{"line":191,"column":46}},"68":{"start":{"line":198,"column":0},"end":{"line":234,"column":2}},"69":{"start":{"line":212,"column":6},"end":{"line":220,"column":9}},"70":{"start":{"line":219,"column":8},"end":{"line":219,"column":35}},"71":{"start":{"line":236,"column":0},"end":{"line":236,"column":24}}},"branchMap":{"1":{"line":44,"type":"if","locations":[{"start":{"line":44,"column":4},"end":{"line":44,"column":4}},{"start":{"line":44,"column":4},"end":{"line":44,"column":4}}]},"2":{"line":44,"type":"binary-expr","locations":[{"start":{"line":44,"column":8},"end":{"line":44,"column":27}},{"start":{"line":44,"column":31},"end":{"line":44,"column":67}}]},"3":{"line":119,"type":"if","locations":[{"start":{"line":119,"column":4},"end":{"line":119,"column":4}},{"start":{"line":119,"column":4},"end":{"line":119,"column":4}}]},"4":{"line":119,"type":"binary-expr","locations":[{"start":{"line":119,"column":8},"end":{"line":119,"column":27}},{"start":{"line":119,"column":31},"end":{"line":119,"column":64}}]},"5":{"line":173,"type":"if","locations":[{"start":{"line":173,"column":2},"end":{"line":173,"column":2}},{"start":{"line":173,"column":2},"end":{"line":173,"column":2}}]}}},"/home/alexis/Workspace/anoio/lager/packages/iam/src/cli/create-policy.js":{"path":"/home/alexis/Workspace/anoio/lager/packages/iam/src/cli/create-policy.js","s":{"1":1,"2":1,"3":1,"4":1,"5":1,"6":1,"7":1,"8":0,"9":1,"10":1,"11":0,"12":0,"13":0,"14":0,"15":0,"16":0},"b":{},"f":{"1":0},"fnMap":{"1":{"name":"executeCommand","line":42,"loc":{"start":{"line":42,"column":2},"end":{"line":42,"column":38}}}},"statementMap":{"1":{"start":{"line":3,"column":0},"end":{"line":3,"column":36}},"2":{"start":{"line":5,"column":0},"end":{"line":5,"column":29}},"3":{"start":{"line":6,"column":0},"end":{"line":6,"column":47}},"4":{"start":{"line":7,"column":0},"end":{"line":7,"column":57}},"5":{"start":{"line":9,"column":0},"end":{"line":9,"column":35}},"6":{"start":{"line":15,"column":0},"end":{"line":66,"column":2}},"7":{"start":{"line":18,"column":2},"end":{"line":30,"column":4}},"8":{"start":{"line":25,"column":28},"end":{"line":25,"column":64}},"9":{"start":{"line":35,"column":2},"end":{"line":35,"column":55}},"10":{"start":{"line":42,"column":2},"end":{"line":64,"column":3}},"11":{"start":{"line":43,"column":4},"end":{"line":43,"column":80}},"12":{"start":{"line":44,"column":4},"end":{"line":63,"column":7}},"13":{"start":{"line":47,"column":6},"end":{"line":54,"column":8}},"14":{"start":{"line":57,"column":6},"end":{"line":57,"column":127}},"15":{"start":{"line":60,"column":6},"end":{"line":61,"column":108}},"16":{"start":{"line":62,"column":6},"end":{"line":62,"column":23}}},"branchMap":{}},"/home/alexis/Workspace/anoio/lager/packages/iam/src/cli/create-role.js":{"path":"/home/alexis/Workspace/anoio/lager/packages/iam/src/cli/create-role.js","s":{"1":1,"2":1,"3":1,"4":1,"5":1,"6":1,"7":1,"8":1,"9":1,"10":1,"11":0,"12":0,"13":1,"14":1,"15":1,"16":1,"17":1,"18":1,"19":1,"20":1,"21":0,"22":0,"23":0,"24":0,"25":0,"26":0,"27":0,"28":0,"29":0,"30":0},"b":{"1":[0,0,0,0],"2":[0,0]},"f":{"1":0,"2":1,"3":0},"fnMap":{"1":{"name":"(anonymous_1)","line":47,"loc":{"start":{"line":47,"column":14},"end":{"line":47,"column":44}}},"2":{"name":"getChoices","line":66,"loc":{"start":{"line":66,"column":2},"end":{"line":66,"column":24}}},"3":{"name":"executeCommand","line":98,"loc":{"start":{"line":98,"column":2},"end":{"line":98,"column":38}}}},"statementMap":{"1":{"start":{"line":3,"column":0},"end":{"line":3,"column":36}},"2":{"start":{"line":4,"column":0},"end":{"line":4,"column":28}},"3":{"start":{"line":6,"column":0},"end":{"line":6,"column":29}},"4":{"start":{"line":7,"column":0},"end":{"line":7,"column":47}},"5":{"start":{"line":8,"column":0},"end":{"line":8,"column":57}},"6":{"start":{"line":9,"column":0},"end":{"line":9,"column":51}},"7":{"start":{"line":11,"column":0},"end":{"line":11,"column":35}},"8":{"start":{"line":17,"column":0},"end":{"line":132,"column":2}},"9":{"start":{"line":19,"column":2},"end":{"line":59,"column":5}},"10":{"start":{"line":21,"column":4},"end":{"line":53,"column":6}},"11":{"start":{"line":28,"column":30},"end":{"line":28,"column":66}},"12":{"start":{"line":48,"column":12},"end":{"line":49,"column":94}},"13":{"start":{"line":58,"column":4},"end":{"line":58,"column":57}},"14":{"start":{"line":66,"column":2},"end":{"line":91,"column":3}},"15":{"start":{"line":67,"column":4},"end":{"line":78,"column":6}},"16":{"start":{"line":79,"column":4},"end":{"line":90,"column":7}},"17":{"start":{"line":83,"column":6},"end":{"line":88,"column":9}},"18":{"start":{"line":84,"column":8},"end":{"line":87,"column":10}},"19":{"start":{"line":89,"column":6},"end":{"line":89,"column":26}},"20":{"start":{"line":98,"column":2},"end":{"line":130,"column":3}},"21":{"start":{"line":99,"column":4},"end":{"line":99,"column":77}},"22":{"start":{"line":100,"column":4},"end":{"line":129,"column":7}},"23":{"start":{"line":102,"column":6},"end":{"line":123,"column":7}},"24":{"start":{"line":104,"column":8},"end":{"line":104,"column":98}},"25":{"start":{"line":105,"column":8},"end":{"line":105,"column":80}},"26":{"start":{"line":106,"column":8},"end":{"line":106,"column":35}},"27":{"start":{"line":109,"column":8},"end":{"line":120,"column":10}},"28":{"start":{"line":122,"column":8},"end":{"line":122,"column":127}},"29":{"start":{"line":126,"column":6},"end":{"line":127,"column":131}},"30":{"start":{"line":128,"column":6},"end":{"line":128,"column":23}}},"branchMap":{"1":{"line":48,"type":"binary-expr","locations":[{"start":{"line":48,"column":20},"end":{"line":48,"column":51}},{"start":{"line":48,"column":55},"end":{"line":48,"column":96}},{"start":{"line":49,"column":22},"end":{"line":49,"column":50}},{"start":{"line":49,"column":54},"end":{"line":49,"column":93}}]},"2":{"line":102,"type":"if","locations":[{"start":{"line":102,"column":6},"end":{"line":102,"column":6}},{"start":{"line":102,"column":6},"end":{"line":102,"column":6}}]}}},"/home/alexis/Workspace/anoio/lager/packages/iam/src/cli/deploy-policies.js":{"path":"/home/alexis/Workspace/anoio/lager/packages/iam/src/cli/deploy-policies.js","s":{"1":1,"2":1,"3":1,"4":1,"5":1,"6":1,"7":1,"8":1,"9":1,"10":1,"11":1,"12":1,"13":0,"14":0,"15":0,"16":0,"17":0,"18":0,"19":0,"20":0,"21":0,"22":0,"23":0,"24":0,"25":0,"26":0},"b":{"1":[0,1],"2":[0,0],"3":[0,0,0]},"f":{"1":1,"2":0},"fnMap":{"1":{"name":"getChoices","line":57,"loc":{"start":{"line":57,"column":2},"end":{"line":57,"column":24}}},"2":{"name":"executeCommand","line":77,"loc":{"start":{"line":77,"column":2},"end":{"line":77,"column":38}}}},"statementMap":{"1":{"start":{"line":3,"column":0},"end":{"line":3,"column":36}},"2":{"start":{"line":4,"column":0},"end":{"line":4,"column":28}},"3":{"start":{"line":6,"column":0},"end":{"line":6,"column":35}},"4":{"start":{"line":12,"column":0},"end":{"line":102,"column":2}},"5":{"start":{"line":14,"column":2},"end":{"line":50,"column":5}},"6":{"start":{"line":16,"column":4},"end":{"line":44,"column":6}},"7":{"start":{"line":49,"column":4},"end":{"line":49,"column":57}},"8":{"start":{"line":57,"column":2},"end":{"line":70,"column":3}},"9":{"start":{"line":58,"column":4},"end":{"line":69,"column":7}},"10":{"start":{"line":61,"column":6},"end":{"line":68,"column":9}},"11":{"start":{"line":63,"column":10},"end":{"line":66,"column":12}},"12":{"start":{"line":77,"column":2},"end":{"line":100,"column":3}},"13":{"start":{"line":78,"column":4},"end":{"line":81,"column":6}},"14":{"start":{"line":82,"column":4},"end":{"line":99,"column":7}},"15":{"start":{"line":84,"column":6},"end":{"line":84,"column":81}},"16":{"start":{"line":84,"column":47},"end":{"line":84,"column":77}},"17":{"start":{"line":87,"column":6},"end":{"line":87,"column":108}},"18":{"start":{"line":88,"column":6},"end":{"line":88,"column":99}},"19":{"start":{"line":88,"column":46},"end":{"line":88,"column":85}},"20":{"start":{"line":91,"column":6},"end":{"line":97,"column":7}},"21":{"start":{"line":92,"column":8},"end":{"line":92,"column":102}},"22":{"start":{"line":93,"column":8},"end":{"line":93,"column":118}},"23":{"start":{"line":94,"column":8},"end":{"line":94,"column":44}},"24":{"start":{"line":95,"column":8},"end":{"line":95,"column":90}},"25":{"start":{"line":96,"column":8},"end":{"line":96,"column":24}},"26":{"start":{"line":98,"column":6},"end":{"line":98,"column":14}}},"branchMap":{"1":{"line":65,"type":"cond-expr","locations":[{"start":{"line":65,"column":54},"end":{"line":65,"column":80}},{"start":{"line":65,"column":83},"end":{"line":65,"column":85}}]},"2":{"line":91,"type":"if","locations":[{"start":{"line":91,"column":6},"end":{"line":91,"column":6}},{"start":{"line":91,"column":6},"end":{"line":91,"column":6}}]},"3":{"line":91,"type":"binary-expr","locations":[{"start":{"line":91,"column":10},"end":{"line":91,"column":35}},{"start":{"line":91,"column":39},"end":{"line":91,"column":46}},{"start":{"line":91,"column":50},"end":{"line":91,"column":65}}]}}},"/home/alexis/Workspace/anoio/lager/packages/iam/src/cli/deploy-roles.js":{"path":"/home/alexis/Workspace/anoio/lager/packages/iam/src/cli/deploy-roles.js","s":{"1":1,"2":1,"3":1,"4":1,"5":1,"6":1,"7":1,"8":1,"9":1,"10":1,"11":2,"12":1,"13":0,"14":0,"15":0,"16":0,"17":0,"18":0,"19":0,"20":0,"21":0,"22":0,"23":0,"24":0,"25":0,"26":0},"b":{"1":[0,2],"2":[0,0],"3":[0,0,0]},"f":{"1":1,"2":0},"fnMap":{"1":{"name":"getChoices","line":57,"loc":{"start":{"line":57,"column":2},"end":{"line":57,"column":24}}},"2":{"name":"executeCommand","line":77,"loc":{"start":{"line":77,"column":2},"end":{"line":77,"column":38}}}},"statementMap":{"1":{"start":{"line":3,"column":0},"end":{"line":3,"column":36}},"2":{"start":{"line":4,"column":0},"end":{"line":4,"column":28}},"3":{"start":{"line":6,"column":0},"end":{"line":6,"column":35}},"4":{"start":{"line":12,"column":0},"end":{"line":102,"column":2}},"5":{"start":{"line":14,"column":2},"end":{"line":50,"column":5}},"6":{"start":{"line":16,"column":4},"end":{"line":44,"column":6}},"7":{"start":{"line":49,"column":4},"end":{"line":49,"column":57}},"8":{"start":{"line":57,"column":2},"end":{"line":70,"column":3}},"9":{"start":{"line":58,"column":4},"end":{"line":69,"column":7}},"10":{"start":{"line":61,"column":6},"end":{"line":68,"column":9}},"11":{"start":{"line":63,"column":10},"end":{"line":66,"column":12}},"12":{"start":{"line":77,"column":2},"end":{"line":100,"column":3}},"13":{"start":{"line":78,"column":4},"end":{"line":81,"column":6}},"14":{"start":{"line":82,"column":4},"end":{"line":99,"column":7}},"15":{"start":{"line":84,"column":6},"end":{"line":84,"column":74}},"16":{"start":{"line":84,"column":42},"end":{"line":84,"column":70}},"17":{"start":{"line":87,"column":6},"end":{"line":87,"column":105}},"18":{"start":{"line":88,"column":6},"end":{"line":88,"column":92}},"19":{"start":{"line":88,"column":41},"end":{"line":88,"column":78}},"20":{"start":{"line":91,"column":6},"end":{"line":97,"column":7}},"21":{"start":{"line":92,"column":8},"end":{"line":92,"column":102}},"22":{"start":{"line":93,"column":8},"end":{"line":93,"column":118}},"23":{"start":{"line":94,"column":8},"end":{"line":94,"column":44}},"24":{"start":{"line":95,"column":8},"end":{"line":95,"column":90}},"25":{"start":{"line":96,"column":8},"end":{"line":96,"column":24}},"26":{"start":{"line":98,"column":6},"end":{"line":98,"column":14}}},"branchMap":{"1":{"line":65,"type":"cond-expr","locations":[{"start":{"line":65,"column":50},"end":{"line":65,"column":74}},{"start":{"line":65,"column":77},"end":{"line":65,"column":79}}]},"2":{"line":91,"type":"if","locations":[{"start":{"line":91,"column":6},"end":{"line":91,"column":6}},{"start":{"line":91,"column":6},"end":{"line":91,"column":6}}]},"3":{"line":91,"type":"binary-expr","locations":[{"start":{"line":91,"column":10},"end":{"line":91,"column":44}},{"start":{"line":91,"column":48},"end":{"line":91,"column":55}},{"start":{"line":91,"column":59},"end":{"line":91,"column":74}}]}}},"/home/alexis/Workspace/anoio/lager/packages/iam/src/policy.js":{"path":"/home/alexis/Workspace/anoio/lager/packages/iam/src/policy.js","s":{"1":1,"2":1,"3":1,"4":1,"5":1,"6":1,"7":4,"8":4,"9":4,"10":1,"11":4,"12":1,"13":0,"14":0,"15":0,"16":0,"17":0,"18":0,"19":0,"20":0,"21":0,"22":0,"23":0,"24":0,"25":0,"26":0,"27":0,"28":0,"29":0,"30":1,"31":0,"32":0,"33":1,"34":0,"35":0,"36":0,"37":0,"38":0,"39":0,"40":0,"41":1,"42":0,"43":0,"44":0,"45":0,"46":0,"47":0,"48":0,"49":0,"50":0,"51":0,"52":0,"53":0,"54":1,"55":0,"56":0,"57":0,"58":1},"b":{"1":[4,4],"2":[0,0],"3":[0,0],"4":[0,0],"5":[0,0],"6":[0,0],"7":[0,0],"8":[0,0]},"f":{"1":4,"2":4,"3":0,"4":0,"5":0,"6":0,"7":0,"8":0},"fnMap":{"1":{"name":"Policy","line":16,"loc":{"start":{"line":16,"column":15},"end":{"line":16,"column":59}}},"2":{"name":"getName","line":26,"loc":{"start":{"line":26,"column":27},"end":{"line":26,"column":46}}},"3":{"name":"deploy","line":35,"loc":{"start":{"line":35,"column":26},"end":{"line":35,"column":51}}},"4":{"name":"create","line":80,"loc":{"start":{"line":80,"column":26},"end":{"line":80,"column":56}}},"5":{"name":"updateIfNeeded","line":97,"loc":{"start":{"line":97,"column":34},"end":{"line":97,"column":81}}},"6":{"name":"update","line":120,"loc":{"start":{"line":120,"column":26},"end":{"line":120,"column":61}}},"7":{"name":"(anonymous_7)","line":130,"loc":{"start":{"line":130,"column":49},"end":{"line":130,"column":78}}},"8":{"name":"(anonymous_8)","line":155,"loc":{"start":{"line":155,"column":39},"end":{"line":155,"column":67}}}},"statementMap":{"1":{"start":{"line":3,"column":0},"end":{"line":3,"column":36}},"2":{"start":{"line":4,"column":0},"end":{"line":4,"column":28}},"3":{"start":{"line":5,"column":0},"end":{"line":5,"column":31}},"4":{"start":{"line":7,"column":0},"end":{"line":7,"column":38}},"5":{"start":{"line":8,"column":0},"end":{"line":8,"column":34}},"6":{"start":{"line":16,"column":0},"end":{"line":20,"column":2}},"7":{"start":{"line":17,"column":2},"end":{"line":17,"column":27}},"8":{"start":{"line":18,"column":2},"end":{"line":18,"column":19}},"9":{"start":{"line":19,"column":2},"end":{"line":19,"column":38}},"10":{"start":{"line":26,"column":0},"end":{"line":28,"column":2}},"11":{"start":{"line":27,"column":2},"end":{"line":27,"column":19}},"12":{"start":{"line":35,"column":0},"end":{"line":72,"column":2}},"13":{"start":{"line":36,"column":2},"end":{"line":36,"column":31}},"14":{"start":{"line":37,"column":2},"end":{"line":37,"column":23}},"15":{"start":{"line":38,"column":2},"end":{"line":40,"column":3}},"16":{"start":{"line":39,"column":4},"end":{"line":39,"column":44}},"17":{"start":{"line":41,"column":2},"end":{"line":43,"column":3}},"18":{"start":{"line":42,"column":4},"end":{"line":42,"column":38}},"19":{"start":{"line":45,"column":2},"end":{"line":71,"column":5}},"20":{"start":{"line":47,"column":4},"end":{"line":51,"column":6}},"21":{"start":{"line":52,"column":4},"end":{"line":52,"column":59}},"22":{"start":{"line":55,"column":4},"end":{"line":63,"column":5}},"23":{"start":{"line":57,"column":6},"end":{"line":57,"column":65}},"24":{"start":{"line":58,"column":6},"end":{"line":58,"column":56}},"25":{"start":{"line":61,"column":6},"end":{"line":61,"column":66}},"26":{"start":{"line":62,"column":6},"end":{"line":62,"column":39}},"27":{"start":{"line":66,"column":4},"end":{"line":66,"column":53}},"28":{"start":{"line":67,"column":4},"end":{"line":67,"column":56}},"29":{"start":{"line":70,"column":4},"end":{"line":70,"column":33}},"30":{"start":{"line":80,"column":0},"end":{"line":88,"column":2}},"31":{"start":{"line":81,"column":2},"end":{"line":86,"column":4}},"32":{"start":{"line":87,"column":2},"end":{"line":87,"column":69}},"33":{"start":{"line":97,"column":0},"end":{"line":112,"column":2}},"34":{"start":{"line":98,"column":2},"end":{"line":101,"column":4}},"35":{"start":{"line":102,"column":2},"end":{"line":111,"column":5}},"36":{"start":{"line":104,"column":4},"end":{"line":110,"column":5}},"37":{"start":{"line":105,"column":6},"end":{"line":105,"column":59}},"38":{"start":{"line":106,"column":6},"end":{"line":106,"column":44}},"39":{"start":{"line":108,"column":6},"end":{"line":108,"column":53}},"40":{"start":{"line":109,"column":6},"end":{"line":109,"column":52}},"41":{"start":{"line":120,"column":0},"end":{"line":147,"column":2}},"42":{"start":{"line":121,"column":2},"end":{"line":146,"column":5}},"43":{"start":{"line":123,"column":4},"end":{"line":145,"column":5}},"44":{"start":{"line":125,"column":6},"end":{"line":125,"column":57}},"45":{"start":{"line":129,"column":6},"end":{"line":129,"column":51}},"46":{"start":{"line":130,"column":6},"end":{"line":135,"column":19}},"47":{"start":{"line":131,"column":8},"end":{"line":133,"column":9}},"48":{"start":{"line":132,"column":10},"end":{"line":132,"column":24}},"49":{"start":{"line":134,"column":8},"end":{"line":134,"column":31}},"50":{"start":{"line":136,"column":6},"end":{"line":136,"column":57}},"51":{"start":{"line":137,"column":6},"end":{"line":140,"column":8}},"52":{"start":{"line":141,"column":6},"end":{"line":144,"column":9}},"53":{"start":{"line":143,"column":8},"end":{"line":143,"column":59}},"54":{"start":{"line":155,"column":0},"end":{"line":163,"column":2}},"55":{"start":{"line":156,"column":2},"end":{"line":156,"column":45}},"56":{"start":{"line":157,"column":2},"end":{"line":161,"column":4}},"57":{"start":{"line":162,"column":2},"end":{"line":162,"column":76}},"58":{"start":{"line":165,"column":0},"end":{"line":165,"column":24}}},"branchMap":{"1":{"line":19,"type":"binary-expr","locations":[{"start":{"line":19,"column":20},"end":{"line":19,"column":30}},{"start":{"line":19,"column":34},"end":{"line":19,"column":37}}]},"2":{"line":38,"type":"if","locations":[{"start":{"line":38,"column":2},"end":{"line":38,"column":2}},{"start":{"line":38,"column":2},"end":{"line":38,"column":2}}]},"3":{"line":41,"type":"if","locations":[{"start":{"line":41,"column":2},"end":{"line":41,"column":2}},{"start":{"line":41,"column":2},"end":{"line":41,"column":2}}]},"4":{"line":55,"type":"if","locations":[{"start":{"line":55,"column":4},"end":{"line":55,"column":4}},{"start":{"line":55,"column":4},"end":{"line":55,"column":4}}]},"5":{"line":104,"type":"if","locations":[{"start":{"line":104,"column":4},"end":{"line":104,"column":4}},{"start":{"line":104,"column":4},"end":{"line":104,"column":4}}]},"6":{"line":123,"type":"if","locations":[{"start":{"line":123,"column":4},"end":{"line":123,"column":4}},{"start":{"line":123,"column":4},"end":{"line":123,"column":4}}]},"7":{"line":131,"type":"if","locations":[{"start":{"line":131,"column":8},"end":{"line":131,"column":8}},{"start":{"line":131,"column":8},"end":{"line":131,"column":8}}]},"8":{"line":131,"type":"binary-expr","locations":[{"start":{"line":131,"column":12},"end":{"line":131,"column":34}},{"start":{"line":131,"column":38},"end":{"line":131,"column":62}}]}}},"/home/alexis/Workspace/anoio/lager/packages/iam/src/helper.js":{"path":"/home/alexis/Workspace/anoio/lager/packages/iam/src/helper.js","s":{"1":1,"2":1,"3":1,"4":0,"5":0,"6":0,"7":0,"8":0,"9":0,"10":0,"11":0,"12":0,"13":1,"14":0,"15":0,"16":0,"17":0,"18":0,"19":0,"20":0,"21":0,"22":0,"23":0,"24":0,"25":0,"26":0,"27":0,"28":0,"29":1,"30":0,"31":0,"32":0,"33":0,"34":1},"b":{"1":[0,0],"2":[0,0],"3":[0,0],"4":[0,0],"5":[0,0],"6":[0,0],"7":[0,0]},"f":{"1":0,"2":0,"3":0,"4":0},"fnMap":{"1":{"name":"getPolicyByName","line":9,"loc":{"start":{"line":9,"column":0},"end":{"line":9,"column":59}}},"2":{"name":"(anonymous_2)","line":20,"loc":{"start":{"line":20,"column":52},"end":{"line":20,"column":69}}},"3":{"name":"retrievePolicyArn","line":41,"loc":{"start":{"line":41,"column":0},"end":{"line":41,"column":70}},"skip":true},"4":{"name":"getAwsRole","line":82,"loc":{"start":{"line":82,"column":0},"end":{"line":82,"column":34}}}},"statementMap":{"1":{"start":{"line":3,"column":0},"end":{"line":3,"column":36}},"2":{"start":{"line":4,"column":0},"end":{"line":4,"column":28}},"3":{"start":{"line":9,"column":0},"end":{"line":29,"column":1}},"4":{"start":{"line":10,"column":2},"end":{"line":16,"column":17}},"5":{"start":{"line":17,"column":2},"end":{"line":28,"column":5}},"6":{"start":{"line":20,"column":4},"end":{"line":20,"column":109}},"7":{"start":{"line":20,"column":71},"end":{"line":20,"column":105}},"8":{"start":{"line":21,"column":4},"end":{"line":27,"column":5}},"9":{"start":{"line":22,"column":6},"end":{"line":22,"column":42}},"10":{"start":{"line":23,"column":11},"end":{"line":27,"column":5}},"11":{"start":{"line":24,"column":6},"end":{"line":24,"column":74}},"12":{"start":{"line":26,"column":6},"end":{"line":26,"column":35}},"13":{"start":{"line":41,"column":0},"end":{"line":74,"column":1},"skip":true},"14":{"start":{"line":42,"column":2},"end":{"line":44,"column":3},"skip":true},"15":{"start":{"line":43,"column":4},"end":{"line":43,"column":39},"skip":true},"16":{"start":{"line":48,"column":2},"end":{"line":48,"column":86},"skip":true},"17":{"start":{"line":49,"column":2},"end":{"line":73,"column":5},"skip":true},"18":{"start":{"line":51,"column":4},"end":{"line":68,"column":5},"skip":true},"19":{"start":{"line":53,"column":6},"end":{"line":53,"column":64},"skip":true},"20":{"start":{"line":54,"column":6},"end":{"line":67,"column":9},"skip":true},"21":{"start":{"line":56,"column":8},"end":{"line":65,"column":9},"skip":true},"22":{"start":{"line":58,"column":10},"end":{"line":64,"column":13},"skip":true},"23":{"start":{"line":60,"column":12},"end":{"line":62,"column":13},"skip":true},"24":{"start":{"line":61,"column":14},"end":{"line":61,"column":79},"skip":true},"25":{"start":{"line":63,"column":12},"end":{"line":63,"column":26},"skip":true},"26":{"start":{"line":66,"column":8},"end":{"line":66,"column":22},"skip":true},"27":{"start":{"line":69,"column":4},"end":{"line":69,"column":18},"skip":true},"28":{"start":{"line":72,"column":4},"end":{"line":72,"column":22},"skip":true},"29":{"start":{"line":82,"column":0},"end":{"line":90,"column":1}},"30":{"start":{"line":83,"column":2},"end":{"line":89,"column":5}},"31":{"start":{"line":85,"column":4},"end":{"line":87,"column":5}},"32":{"start":{"line":86,"column":6},"end":{"line":86,"column":31}},"33":{"start":{"line":88,"column":4},"end":{"line":88,"column":12}},"34":{"start":{"line":92,"column":0},"end":{"line":96,"column":2}}},"branchMap":{"1":{"line":21,"type":"if","locations":[{"start":{"line":21,"column":4},"end":{"line":21,"column":4}},{"start":{"line":21,"column":4},"end":{"line":21,"column":4}}]},"2":{"line":23,"type":"if","locations":[{"start":{"line":23,"column":11},"end":{"line":23,"column":11}},{"start":{"line":23,"column":11},"end":{"line":23,"column":11}}]},"3":{"line":42,"type":"if","locations":[{"start":{"line":42,"column":2},"end":{"line":42,"column":2},"skip":true},{"start":{"line":42,"column":2},"end":{"line":42,"column":2},"skip":true}]},"4":{"line":51,"type":"if","locations":[{"start":{"line":51,"column":4},"end":{"line":51,"column":4},"skip":true},{"start":{"line":51,"column":4},"end":{"line":51,"column":4},"skip":true}]},"5":{"line":56,"type":"if","locations":[{"start":{"line":56,"column":8},"end":{"line":56,"column":8},"skip":true},{"start":{"line":56,"column":8},"end":{"line":56,"column":8},"skip":true}]},"6":{"line":60,"type":"if","locations":[{"start":{"line":60,"column":12},"end":{"line":60,"column":12},"skip":true},{"start":{"line":60,"column":12},"end":{"line":60,"column":12},"skip":true}]},"7":{"line":85,"type":"if","locations":[{"start":{"line":85,"column":4},"end":{"line":85,"column":4}},{"start":{"line":85,"column":4},"end":{"line":85,"column":4}}]}}},"/home/alexis/Workspace/anoio/lager/packages/iam/src/role.js":{"path":"/home/alexis/Workspace/anoio/lager/packages/iam/src/role.js","s":{"1":1,"2":1,"3":1,"4":1,"5":1,"6":5,"7":5,"8":5,"9":1,"10":2,"11":1,"12":1,"13":1,"14":0,"15":0,"16":0,"17":0,"18":0,"19":0,"20":0,"21":0,"22":0,"23":0,"24":0,"25":0,"26":0,"27":0,"28":0,"29":0,"30":0,"31":1,"32":0,"33":0,"34":0,"35":1,"36":0,"37":0,"38":0,"39":1,"40":0,"41":0,"42":1,"43":0,"44":0,"45":0,"46":0,"47":1},"b":{"1":[5,5],"2":[0,0],"3":[0,0],"4":[0,0]},"f":{"1":5,"2":2,"3":1,"4":0,"5":0,"6":0,"7":0,"8":0},"fnMap":{"1":{"name":"Role","line":15,"loc":{"start":{"line":15,"column":13},"end":{"line":15,"column":53}}},"2":{"name":"getName","line":25,"loc":{"start":{"line":25,"column":25},"end":{"line":25,"column":44}}},"3":{"name":"getDescription","line":34,"loc":{"start":{"line":34,"column":32},"end":{"line":34,"column":58}}},"4":{"name":"deploy","line":43,"loc":{"start":{"line":43,"column":24},"end":{"line":43,"column":49}}},"5":{"name":"create","line":88,"loc":{"start":{"line":88,"column":24},"end":{"line":88,"column":54}}},"6":{"name":"update","line":104,"loc":{"start":{"line":104,"column":24},"end":{"line":104,"column":61}}},"7":{"name":"attachPolicies","line":120,"loc":{"start":{"line":120,"column":32},"end":{"line":120,"column":83}}},"8":{"name":"attachManagedPolicy","line":133,"loc":{"start":{"line":133,"column":37},"end":{"line":133,"column":111}}}},"statementMap":{"1":{"start":{"line":3,"column":0},"end":{"line":3,"column":36}},"2":{"start":{"line":4,"column":0},"end":{"line":4,"column":31}},"3":{"start":{"line":6,"column":0},"end":{"line":6,"column":38}},"4":{"start":{"line":7,"column":0},"end":{"line":7,"column":34}},"5":{"start":{"line":15,"column":0},"end":{"line":19,"column":2}},"6":{"start":{"line":16,"column":2},"end":{"line":16,"column":23}},"7":{"start":{"line":17,"column":2},"end":{"line":17,"column":19}},"8":{"start":{"line":18,"column":2},"end":{"line":18,"column":38}},"9":{"start":{"line":25,"column":0},"end":{"line":27,"column":2}},"10":{"start":{"line":26,"column":2},"end":{"line":26,"column":19}},"11":{"start":{"line":34,"column":0},"end":{"line":36,"column":2}},"12":{"start":{"line":35,"column":2},"end":{"line":35,"column":33}},"13":{"start":{"line":43,"column":0},"end":{"line":80,"column":2}},"14":{"start":{"line":44,"column":2},"end":{"line":44,"column":31}},"15":{"start":{"line":45,"column":2},"end":{"line":45,"column":23}},"16":{"start":{"line":46,"column":2},"end":{"line":48,"column":3}},"17":{"start":{"line":47,"column":4},"end":{"line":47,"column":44}},"18":{"start":{"line":49,"column":2},"end":{"line":51,"column":3}},"19":{"start":{"line":50,"column":4},"end":{"line":50,"column":38}},"20":{"start":{"line":53,"column":2},"end":{"line":78,"column":5}},"21":{"start":{"line":55,"column":4},"end":{"line":55,"column":46}},"22":{"start":{"line":58,"column":4},"end":{"line":66,"column":5}},"23":{"start":{"line":60,"column":6},"end":{"line":60,"column":63}},"24":{"start":{"line":61,"column":6},"end":{"line":61,"column":44}},"25":{"start":{"line":64,"column":6},"end":{"line":64,"column":64}},"26":{"start":{"line":65,"column":6},"end":{"line":65,"column":39}},"27":{"start":{"line":70,"column":4},"end":{"line":70,"column":54}},"28":{"start":{"line":73,"column":4},"end":{"line":73,"column":51}},"29":{"start":{"line":74,"column":4},"end":{"line":74,"column":56}},"30":{"start":{"line":77,"column":4},"end":{"line":77,"column":33}},"31":{"start":{"line":88,"column":0},"end":{"line":96,"column":2}},"32":{"start":{"line":89,"column":2},"end":{"line":89,"column":40}},"33":{"start":{"line":90,"column":2},"end":{"line":94,"column":4}},"34":{"start":{"line":95,"column":2},"end":{"line":95,"column":67}},"35":{"start":{"line":104,"column":0},"end":{"line":111,"column":2}},"36":{"start":{"line":105,"column":2},"end":{"line":105,"column":56}},"37":{"start":{"line":106,"column":2},"end":{"line":109,"column":4}},"38":{"start":{"line":110,"column":2},"end":{"line":110,"column":79}},"39":{"start":{"line":120,"column":0},"end":{"line":125,"column":2}},"40":{"start":{"line":122,"column":2},"end":{"line":124,"column":5}},"41":{"start":{"line":123,"column":4},"end":{"line":123,"column":81}},"42":{"start":{"line":133,"column":0},"end":{"line":146,"column":2}},"43":{"start":{"line":134,"column":2},"end":{"line":137,"column":4}},"44":{"start":{"line":138,"column":2},"end":{"line":145,"column":5}},"45":{"start":{"line":140,"column":4},"end":{"line":143,"column":6}},"46":{"start":{"line":144,"column":4},"end":{"line":144,"column":75}},"47":{"start":{"line":148,"column":0},"end":{"line":148,"column":22}}},"branchMap":{"1":{"line":18,"type":"binary-expr","locations":[{"start":{"line":18,"column":20},"end":{"line":18,"column":30}},{"start":{"line":18,"column":34},"end":{"line":18,"column":37}}]},"2":{"line":46,"type":"if","locations":[{"start":{"line":46,"column":2},"end":{"line":46,"column":2}},{"start":{"line":46,"column":2},"end":{"line":46,"column":2}}]},"3":{"line":49,"type":"if","locations":[{"start":{"line":49,"column":2},"end":{"line":49,"column":2}},{"start":{"line":49,"column":2},"end":{"line":49,"column":2}}]},"4":{"line":58,"type":"if","locations":[{"start":{"line":58,"column":4},"end":{"line":58,"column":4}},{"start":{"line":58,"column":4},"end":{"line":58,"column":4}}]}}}}