TN:
SF:/home/alexis/Workspace/anoio/lager/packages/iam/src/index.js
FN:17,loadPolicies
FN:57,loadPolicy
FN:81,findPolicies
FN:92,loadRoles
FN:132,loadRole
FN:156,findRoles
FN:171,retrieveRoleArn
FN:211,registerCommands
FNF:8
FNH:4
FNDA:3,loadPolicies
FNDA:3,loadPolicy
FNDA:0,findPolicies
FNDA:2,loadRoles
FNDA:4,loadRole
FNDA:0,findRoles
FNDA:0,retrieveRoleArn
FNDA:0,registerCommands
DA:4,1
DA:5,1
DA:6,1
DA:8,1
DA:9,1
DA:11,1
DA:17,1
DA:18,3
DA:21,3
DA:24,3
DA:28,3
DA:29,3
DA:30,3
DA:31,3
DA:32,3
DA:34,3
DA:38,3
DA:41,3
DA:44,0
DA:45,0
DA:47,0
DA:57,1
DA:58,3
DA:64,3
DA:65,3
DA:66,3
DA:69,3
DA:72,3
DA:81,1
DA:82,0
DA:84,0
DA:92,1
DA:93,2
DA:96,2
DA:99,2
DA:103,2
DA:104,2
DA:105,4
DA:106,4
DA:107,4
DA:109,2
DA:113,2
DA:116,2
DA:119,0
DA:120,0
DA:122,0
DA:132,1
DA:133,4
DA:139,4
DA:140,4
DA:141,4
DA:144,4
DA:147,4
DA:156,1
DA:157,0
DA:159,0
DA:171,1
DA:173,0
DA:174,0
DA:177,0
DA:179,0
DA:183,0
DA:185,0
DA:189,0
DA:191,0
DA:198,1
DA:212,0
DA:219,0
DA:236,1
LF:69
LH:49
BRDA:44,1,0,0
BRDA:44,1,1,0
BRDA:44,2,0,0
BRDA:44,2,1,0
BRDA:119,3,0,0
BRDA:119,3,1,0
BRDA:119,4,0,0
BRDA:119,4,1,0
BRDA:173,5,0,0
BRDA:173,5,1,0
BRF:10
BRH:0
end_of_record
TN:
SF:/home/alexis/Workspace/anoio/lager/packages/iam/src/cli/create-policy.js
FN:42,executeCommand
FNF:1
FNH:0
FNDA:0,executeCommand
DA:3,1
DA:5,1
DA:6,1
DA:7,1
DA:9,1
DA:15,1
DA:18,1
DA:25,0
DA:35,1
DA:42,1
DA:43,0
DA:44,0
DA:47,0
DA:57,0
DA:60,0
DA:62,0
LF:16
LH:9
BRF:0
BRH:0
end_of_record
TN:
SF:/home/alexis/Workspace/anoio/lager/packages/iam/src/cli/create-role.js
FN:47,(anonymous_1)
FN:66,getChoices
FN:98,executeCommand
FNF:3
FNH:1
FNDA:0,(anonymous_1)
FNDA:1,getChoices
FNDA:0,executeCommand
DA:3,1
DA:4,1
DA:6,1
DA:7,1
DA:8,1
DA:9,1
DA:11,1
DA:17,1
DA:19,1
DA:21,1
DA:28,0
DA:48,0
DA:58,1
DA:66,1
DA:67,1
DA:79,1
DA:83,1
DA:84,1
DA:89,1
DA:98,1
DA:99,0
DA:100,0
DA:102,0
DA:104,0
DA:105,0
DA:106,0
DA:109,0
DA:122,0
DA:126,0
DA:128,0
LF:30
LH:18
BRDA:48,1,0,0
BRDA:48,1,1,0
BRDA:48,1,2,0
BRDA:48,1,3,0
BRDA:102,2,0,0
BRDA:102,2,1,0
BRF:6
BRH:0
end_of_record
TN:
SF:/home/alexis/Workspace/anoio/lager/packages/iam/src/cli/deploy-policies.js
FN:57,getChoices
FN:77,executeCommand
FNF:2
FNH:1
FNDA:1,getChoices
FNDA:0,executeCommand
DA:3,1
DA:4,1
DA:6,1
DA:12,1
DA:14,1
DA:16,1
DA:49,1
DA:57,1
DA:58,1
DA:61,1
DA:63,1
DA:77,1
DA:78,0
DA:82,0
DA:84,0
DA:87,0
DA:88,0
DA:91,0
DA:92,0
DA:93,0
DA:94,0
DA:95,0
DA:96,0
DA:98,0
LF:24
LH:12
BRDA:65,1,0,0
BRDA:65,1,1,1
BRDA:91,2,0,0
BRDA:91,2,1,0
BRDA:91,3,0,0
BRDA:91,3,1,0
BRDA:91,3,2,0
BRF:7
BRH:1
end_of_record
TN:
SF:/home/alexis/Workspace/anoio/lager/packages/iam/src/cli/deploy-roles.js
FN:57,getChoices
FN:77,executeCommand
FNF:2
FNH:1
FNDA:1,getChoices
FNDA:0,executeCommand
DA:3,1
DA:4,1
DA:6,1
DA:12,1
DA:14,1
DA:16,1
DA:49,1
DA:57,1
DA:58,1
DA:61,1
DA:63,2
DA:77,1
DA:78,0
DA:82,0
DA:84,0
DA:87,0
DA:88,0
DA:91,0
DA:92,0
DA:93,0
DA:94,0
DA:95,0
DA:96,0
DA:98,0
LF:24
LH:12
BRDA:65,1,0,0
BRDA:65,1,1,2
BRDA:91,2,0,0
BRDA:91,2,1,0
BRDA:91,3,0,0
BRDA:91,3,1,0
BRDA:91,3,2,0
BRF:7
BRH:1
end_of_record
TN:
SF:/home/alexis/Workspace/anoio/lager/packages/iam/src/policy.js
FN:16,Policy
FN:26,getName
FN:35,deploy
FN:80,create
FN:97,updateIfNeeded
FN:120,update
FN:130,(anonymous_7)
FN:155,(anonymous_8)
FNF:8
FNH:2
FNDA:4,Policy
FNDA:4,getName
FNDA:0,deploy
FNDA:0,create
FNDA:0,updateIfNeeded
FNDA:0,update
FNDA:0,(anonymous_7)
FNDA:0,(anonymous_8)
DA:3,1
DA:4,1
DA:5,1
DA:7,1
DA:8,1
DA:16,1
DA:17,4
DA:18,4
DA:19,4
DA:26,1
DA:27,4
DA:35,1
DA:36,0
DA:37,0
DA:38,0
DA:39,0
DA:41,0
DA:42,0
DA:45,0
DA:47,0
DA:52,0
DA:55,0
DA:57,0
DA:58,0
DA:61,0
DA:62,0
DA:66,0
DA:67,0
DA:70,0
DA:80,1
DA:81,0
DA:87,0
DA:97,1
DA:98,0
DA:102,0
DA:104,0
DA:105,0
DA:106,0
DA:108,0
DA:109,0
DA:120,1
DA:121,0
DA:123,0
DA:125,0
DA:129,0
DA:130,0
DA:131,0
DA:132,0
DA:134,0
DA:136,0
DA:137,0
DA:141,0
DA:143,0
DA:155,1
DA:156,0
DA:157,0
DA:162,0
DA:165,1
LF:58
LH:17
BRDA:19,1,0,4
BRDA:19,1,1,4
BRDA:38,2,0,0
BRDA:38,2,1,0
BRDA:41,3,0,0
BRDA:41,3,1,0
BRDA:55,4,0,0
BRDA:55,4,1,0
BRDA:104,5,0,0
BRDA:104,5,1,0
BRDA:123,6,0,0
BRDA:123,6,1,0
BRDA:131,7,0,0
BRDA:131,7,1,0
BRDA:131,8,0,0
BRDA:131,8,1,0
BRF:16
BRH:2
end_of_record
TN:
SF:/home/alexis/Workspace/anoio/lager/packages/iam/src/helper.js
FN:9,getPolicyByName
FN:20,(anonymous_2)
FN:41,retrievePolicyArn
FN:82,getAwsRole
FNF:4
FNH:1
FNDA:0,getPolicyByName
FNDA:0,(anonymous_2)
FNDA:0,retrievePolicyArn
FNDA:0,getAwsRole
DA:3,1
DA:4,1
DA:9,1
DA:10,0
DA:17,0
DA:20,0
DA:21,0
DA:22,0
DA:23,0
DA:24,0
DA:26,0
DA:41,1
DA:42,1
DA:43,1
DA:48,1
DA:49,1
DA:51,1
DA:53,1
DA:54,1
DA:56,1
DA:58,1
DA:60,1
DA:61,1
DA:63,1
DA:66,1
DA:69,1
DA:72,1
DA:82,1
DA:83,0
DA:85,0
DA:86,0
DA:88,0
DA:92,1
LF:33
LH:21
BRDA:21,1,0,0
BRDA:21,1,1,0
BRDA:23,2,0,0
BRDA:23,2,1,0
BRDA:42,3,0,0
BRDA:42,3,1,0
BRDA:51,4,0,0
BRDA:51,4,1,0
BRDA:56,5,0,0
BRDA:56,5,1,0
BRDA:60,6,0,0
BRDA:60,6,1,0
BRDA:85,7,0,0
BRDA:85,7,1,0
BRF:14
BRH:8
end_of_record
TN:
SF:/home/alexis/Workspace/anoio/lager/packages/iam/src/role.js
FN:15,Role
FN:25,getName
FN:34,getDescription
FN:43,deploy
FN:88,create
FN:104,update
FN:120,attachPolicies
FN:133,attachManagedPolicy
FNF:8
FNH:3
FNDA:5,Role
FNDA:2,getName
FNDA:1,getDescription
FNDA:0,deploy
FNDA:0,create
FNDA:0,update
FNDA:0,attachPolicies
FNDA:0,attachManagedPolicy
DA:3,1
DA:4,1
DA:6,1
DA:7,1
DA:15,1
DA:16,5
DA:17,5
DA:18,5
DA:25,1
DA:26,2
DA:34,1
DA:35,1
DA:43,1
DA:44,0
DA:45,0
DA:46,0
DA:47,0
DA:49,0
DA:50,0
DA:53,0
DA:55,0
DA:58,0
DA:60,0
DA:61,0
DA:64,0
DA:65,0
DA:70,0
DA:73,0
DA:74,0
DA:77,0
DA:88,1
DA:89,0
DA:90,0
DA:95,0
DA:104,1
DA:105,0
DA:106,0
DA:110,0
DA:120,1
DA:122,0
DA:123,0
DA:133,1
DA:134,0
DA:138,0
DA:140,0
DA:144,0
DA:148,1
LF:47
LH:18
BRDA:18,1,0,5
BRDA:18,1,1,5
BRDA:46,2,0,0
BRDA:46,2,1,0
BRDA:49,3,0,0
BRDA:49,3,1,0
BRDA:58,4,0,0
BRDA:58,4,1,0
BRF:8
BRH:2
end_of_record
