{"/home/alexis/Workspace/anoio/lager/packages/api-gateway/src/index.js":{"path":"/home/alexis/Workspace/anoio/lager/packages/api-gateway/src/index.js","s":{"1":1,"2":1,"3":1,"4":1,"5":1,"6":1,"7":1,"8":0,"9":1,"10":0,"11":0,"12":0,"13":0,"14":0,"15":0,"16":0,"17":0,"18":0,"19":0,"20":0,"21":0,"22":0,"23":1,"24":0,"25":0,"26":0,"27":0,"28":0,"29":0,"30":0,"31":1,"32":1,"33":1,"34":1,"35":1,"36":6,"37":6,"38":6,"39":6,"40":2,"41":4,"42":4,"43":1,"44":1,"45":1,"46":0,"47":0,"48":0,"49":1,"50":4,"51":4,"52":4,"53":4,"54":4,"55":4,"56":4,"57":4,"58":4,"59":4,"60":4,"61":4,"62":4,"63":4,"64":4,"65":1,"66":0,"67":0,"68":0,"69":0,"70":0,"71":0,"72":0,"73":0,"74":0,"75":0,"76":0,"77":0,"78":1,"79":0,"80":0,"81":0,"82":0,"83":0,"84":0,"85":1,"86":0,"87":0,"88":0,"89":0,"90":0,"91":0,"92":0,"93":1,"94":0,"95":0,"96":0,"97":1,"98":0,"99":0,"100":0,"101":0,"102":0,"103":0,"104":1,"105":0,"106":0,"107":0,"108":0,"109":0,"110":0,"111":0,"112":0,"113":0,"114":0,"115":0,"116":1,"117":0,"118":0,"119":0,"120":0,"121":0,"122":0,"123":0,"124":0,"125":0,"126":0,"127":0,"128":0,"129":0,"130":0,"131":0,"132":0,"133":0,"134":0,"135":0,"136":0,"137":0,"138":0,"139":0,"140":0,"141":0,"142":0,"143":0,"144":0,"145":0,"146":0,"147":0,"148":0,"149":0,"150":0,"151":1,"152":0,"153":0,"154":0,"155":0,"156":0,"157":1,"158":0,"159":0,"160":0,"161":1,"162":0,"163":0,"164":0,"165":1,"166":0,"167":0,"168":1,"169":0,"170":1,"171":1,"172":4,"173":4,"174":4,"175":4,"176":12,"177":12,"178":12,"179":12,"180":12,"181":8,"182":0,"183":12,"184":4,"185":1,"186":4,"187":4,"188":0,"189":0},"b":{"1":[0,0],"2":[0,0],"3":[0,0],"4":[2,4],"5":[0,0],"6":[0,0],"7":[4,0],"8":[4,0],"9":[4,0],"10":[0,0],"11":[0,0],"12":[0,0],"13":[0,0],"14":[0,0],"15":[0,0],"16":[0,8]},"f":{"1":0,"2":0,"3":0,"4":1,"5":4,"6":0,"7":0,"8":0,"9":0,"10":0,"11":0,"12":0,"13":0,"14":0,"15":0,"16":0,"17":0,"18":4,"19":4},"fnMap":{"1":{"name":"getPath","line":15,"loc":{"start":{"line":15,"column":0},"end":{"line":15,"column":19}}},"2":{"name":"loadApis","line":23,"loc":{"start":{"line":23,"column":0},"end":{"line":23,"column":20}}},"3":{"name":"loadApi","line":64,"loc":{"start":{"line":64,"column":0},"end":{"line":64,"column":42}}},"4":{"name":"loadEndpoints","line":90,"loc":{"start":{"line":90,"column":0},"end":{"line":90,"column":25}}},"5":{"name":"loadEndpoint","line":133,"loc":{"start":{"line":133,"column":0},"end":{"line":133,"column":66}}},"6":{"name":"loadModels","line":172,"loc":{"start":{"line":172,"column":0},"end":{"line":172,"column":22}}},"7":{"name":"loadModel","line":206,"loc":{"start":{"line":206,"column":0},"end":{"line":206,"column":40}}},"8":{"name":"addEndpointsToApis","line":235,"loc":{"start":{"line":235,"column":0},"end":{"line":235,"column":45}}},"9":{"name":"loadIntegrations","line":261,"loc":{"start":{"line":261,"column":0},"end":{"line":261,"column":43}}},"10":{"name":"addIntegrationDataToEndpoints","line":282,"loc":{"start":{"line":282,"column":0},"end":{"line":282,"column":76}}},"11":{"name":"publishApis","line":306,"loc":{"start":{"line":306,"column":0},"end":{"line":306,"column":44}}},"12":{"name":"deploy","line":338,"loc":{"start":{"line":338,"column":0},"end":{"line":338,"column":49}}},"13":{"name":"findApi","line":400,"loc":{"start":{"line":400,"column":0},"end":{"line":400,"column":29}}},"14":{"name":"findEndpoint","line":417,"loc":{"start":{"line":417,"column":0},"end":{"line":417,"column":44}}},"15":{"name":"findModel","line":429,"loc":{"start":{"line":429,"column":0},"end":{"line":429,"column":25}}},"16":{"name":"registerCommands","line":442,"loc":{"start":{"line":442,"column":0},"end":{"line":442,"column":32}}},"17":{"name":"(anonymous_17)","line":478,"loc":{"start":{"line":478,"column":19},"end":{"line":478,"column":22}}},"18":{"name":"mergeSpecsFiles","line":492,"loc":{"start":{"line":492,"column":0},"end":{"line":492,"column":45}}},"19":{"name":"loadIntegrationTemplate","line":528,"loc":{"start":{"line":528,"column":0},"end":{"line":528,"column":60}}}},"statementMap":{"1":{"start":{"line":3,"column":0},"end":{"line":3,"column":29}},"2":{"start":{"line":4,"column":0},"end":{"line":4,"column":29}},"3":{"start":{"line":5,"column":0},"end":{"line":5,"column":25}},"4":{"start":{"line":7,"column":0},"end":{"line":7,"column":36}},"5":{"start":{"line":8,"column":0},"end":{"line":8,"column":36}},"6":{"start":{"line":9,"column":0},"end":{"line":9,"column":28}},"7":{"start":{"line":15,"column":0},"end":{"line":17,"column":1}},"8":{"start":{"line":16,"column":2},"end":{"line":16,"column":47}},"9":{"start":{"line":23,"column":0},"end":{"line":55,"column":1}},"10":{"start":{"line":24,"column":2},"end":{"line":24,"column":72}},"11":{"start":{"line":27,"column":2},"end":{"line":54,"column":5}},"12":{"start":{"line":30,"column":4},"end":{"line":30,"column":55}},"13":{"start":{"line":34,"column":4},"end":{"line":34,"column":27}},"14":{"start":{"line":35,"column":4},"end":{"line":39,"column":7}},"15":{"start":{"line":36,"column":6},"end":{"line":36,"column":66}},"16":{"start":{"line":38,"column":6},"end":{"line":38,"column":53}},"17":{"start":{"line":40,"column":4},"end":{"line":40,"column":36}},"18":{"start":{"line":44,"column":4},"end":{"line":44,"column":52}},"19":{"start":{"line":47,"column":4},"end":{"line":47,"column":33}},"20":{"start":{"line":50,"column":4},"end":{"line":52,"column":5}},"21":{"start":{"line":51,"column":6},"end":{"line":51,"column":33}},"22":{"start":{"line":53,"column":4},"end":{"line":53,"column":29}},"23":{"start":{"line":64,"column":0},"end":{"line":84,"column":1}},"24":{"start":{"line":65,"column":2},"end":{"line":83,"column":5}},"25":{"start":{"line":71,"column":4},"end":{"line":71,"column":54}},"26":{"start":{"line":72,"column":4},"end":{"line":72,"column":50}},"27":{"start":{"line":75,"column":4},"end":{"line":75,"column":33}},"28":{"start":{"line":76,"column":4},"end":{"line":76,"column":45}},"29":{"start":{"line":79,"column":4},"end":{"line":79,"column":50}},"30":{"start":{"line":82,"column":4},"end":{"line":82,"column":32}},"31":{"start":{"line":90,"column":0},"end":{"line":122,"column":1}},"32":{"start":{"line":91,"column":2},"end":{"line":91,"column":82}},"33":{"start":{"line":93,"column":2},"end":{"line":121,"column":5}},"34":{"start":{"line":95,"column":4},"end":{"line":95,"column":32}},"35":{"start":{"line":96,"column":4},"end":{"line":107,"column":7}},"36":{"start":{"line":98,"column":6},"end":{"line":98,"column":63}},"37":{"start":{"line":99,"column":6},"end":{"line":99,"column":56}},"38":{"start":{"line":100,"column":6},"end":{"line":100,"column":45}},"39":{"start":{"line":101,"column":6},"end":{"line":101,"column":94}},"40":{"start":{"line":101,"column":85},"end":{"line":101,"column":92}},"41":{"start":{"line":104,"column":6},"end":{"line":104,"column":55}},"42":{"start":{"line":106,"column":6},"end":{"line":106,"column":83}},"43":{"start":{"line":108,"column":4},"end":{"line":108,"column":41}},"44":{"start":{"line":111,"column":4},"end":{"line":111,"column":62}},"45":{"start":{"line":114,"column":4},"end":{"line":114,"column":38}},"46":{"start":{"line":117,"column":4},"end":{"line":119,"column":5}},"47":{"start":{"line":118,"column":6},"end":{"line":118,"column":33}},"48":{"start":{"line":120,"column":4},"end":{"line":120,"column":22}},"49":{"start":{"line":133,"column":0},"end":{"line":165,"column":1}},"50":{"start":{"line":135,"column":2},"end":{"line":135,"column":32}},"51":{"start":{"line":136,"column":2},"end":{"line":164,"column":5}},"52":{"start":{"line":138,"column":4},"end":{"line":138,"column":42}},"53":{"start":{"line":139,"column":4},"end":{"line":139,"column":61}},"54":{"start":{"line":140,"column":4},"end":{"line":140,"column":64}},"55":{"start":{"line":143,"column":4},"end":{"line":156,"column":7}},"56":{"start":{"line":144,"column":6},"end":{"line":150,"column":9}},"57":{"start":{"line":146,"column":8},"end":{"line":146,"column":96}},"58":{"start":{"line":147,"column":8},"end":{"line":147,"column":130}},"59":{"start":{"line":148,"column":8},"end":{"line":148,"column":100}},"60":{"start":{"line":149,"column":8},"end":{"line":149,"column":33}},"61":{"start":{"line":154,"column":6},"end":{"line":154,"column":45}},"62":{"start":{"line":155,"column":6},"end":{"line":155,"column":71}},"63":{"start":{"line":160,"column":4},"end":{"line":160,"column":60}},"64":{"start":{"line":163,"column":4},"end":{"line":163,"column":37}},"65":{"start":{"line":172,"column":0},"end":{"line":199,"column":1}},"66":{"start":{"line":173,"column":2},"end":{"line":173,"column":76}},"67":{"start":{"line":175,"column":2},"end":{"line":198,"column":5}},"68":{"start":{"line":177,"column":4},"end":{"line":177,"column":57}},"69":{"start":{"line":181,"column":4},"end":{"line":185,"column":7}},"70":{"start":{"line":182,"column":6},"end":{"line":182,"column":64}},"71":{"start":{"line":183,"column":6},"end":{"line":183,"column":50}},"72":{"start":{"line":184,"column":6},"end":{"line":184,"column":49}},"73":{"start":{"line":188,"column":4},"end":{"line":188,"column":56}},"74":{"start":{"line":191,"column":4},"end":{"line":191,"column":35}},"75":{"start":{"line":194,"column":4},"end":{"line":196,"column":5}},"76":{"start":{"line":195,"column":6},"end":{"line":195,"column":33}},"77":{"start":{"line":197,"column":4},"end":{"line":197,"column":22}},"78":{"start":{"line":206,"column":0},"end":{"line":227,"column":1}},"79":{"start":{"line":208,"column":2},"end":{"line":226,"column":5}},"80":{"start":{"line":214,"column":4},"end":{"line":214,"column":58}},"81":{"start":{"line":217,"column":4},"end":{"line":217,"column":37}},"82":{"start":{"line":218,"column":4},"end":{"line":218,"column":55}},"83":{"start":{"line":222,"column":4},"end":{"line":222,"column":54}},"84":{"start":{"line":225,"column":4},"end":{"line":225,"column":34}},"85":{"start":{"line":235,"column":0},"end":{"line":252,"column":1}},"86":{"start":{"line":236,"column":2},"end":{"line":251,"column":5}},"87":{"start":{"line":238,"column":4},"end":{"line":244,"column":7}},"88":{"start":{"line":239,"column":6},"end":{"line":243,"column":9}},"89":{"start":{"line":240,"column":8},"end":{"line":242,"column":9}},"90":{"start":{"line":241,"column":10},"end":{"line":241,"column":43}},"91":{"start":{"line":247,"column":4},"end":{"line":247,"column":73}},"92":{"start":{"line":250,"column":4},"end":{"line":250,"column":33}},"93":{"start":{"line":261,"column":0},"end":{"line":270,"column":1}},"94":{"start":{"line":265,"column":2},"end":{"line":265,"column":38}},"95":{"start":{"line":266,"column":2},"end":{"line":269,"column":5}},"96":{"start":{"line":268,"column":4},"end":{"line":268,"column":53}},"97":{"start":{"line":282,"column":0},"end":{"line":297,"column":1}},"98":{"start":{"line":283,"column":2},"end":{"line":296,"column":5}},"99":{"start":{"line":285,"column":4},"end":{"line":289,"column":7}},"100":{"start":{"line":286,"column":6},"end":{"line":288,"column":9}},"101":{"start":{"line":287,"column":8},"end":{"line":287,"column":65}},"102":{"start":{"line":292,"column":4},"end":{"line":292,"column":104}},"103":{"start":{"line":295,"column":4},"end":{"line":295,"column":38}},"104":{"start":{"line":306,"column":0},"end":{"line":329,"column":1}},"105":{"start":{"line":307,"column":2},"end":{"line":328,"column":5}},"106":{"start":{"line":309,"column":4},"end":{"line":309,"column":24}},"107":{"start":{"line":310,"column":4},"end":{"line":310,"column":18}},"108":{"start":{"line":312,"column":4},"end":{"line":320,"column":7}},"109":{"start":{"line":313,"column":6},"end":{"line":318,"column":10}},"110":{"start":{"line":315,"column":8},"end":{"line":317,"column":26}},"111":{"start":{"line":316,"column":10},"end":{"line":316,"column":48}},"112":{"start":{"line":319,"column":6},"end":{"line":319,"column":14}},"113":{"start":{"line":321,"column":4},"end":{"line":321,"column":33}},"114":{"start":{"line":324,"column":4},"end":{"line":324,"column":65}},"115":{"start":{"line":327,"column":4},"end":{"line":327,"column":43}},"116":{"start":{"line":338,"column":0},"end":{"line":393,"column":1}},"117":{"start":{"line":340,"column":2},"end":{"line":392,"column":5}},"118":{"start":{"line":342,"column":4},"end":{"line":342,"column":97}},"119":{"start":{"line":342,"column":35},"end":{"line":342,"column":93}},"120":{"start":{"line":343,"column":4},"end":{"line":343,"column":73}},"121":{"start":{"line":346,"column":4},"end":{"line":346,"column":26}},"122":{"start":{"line":347,"column":4},"end":{"line":356,"column":7}},"123":{"start":{"line":348,"column":6},"end":{"line":348,"column":49}},"124":{"start":{"line":349,"column":6},"end":{"line":349,"column":45}},"125":{"start":{"line":350,"column":6},"end":{"line":354,"column":9}},"126":{"start":{"line":351,"column":8},"end":{"line":353,"column":9}},"127":{"start":{"line":352,"column":10},"end":{"line":352,"column":37}},"128":{"start":{"line":355,"column":6},"end":{"line":355,"column":17}},"129":{"start":{"line":357,"column":4},"end":{"line":357,"column":18}},"130":{"start":{"line":358,"column":4},"end":{"line":358,"column":39}},"131":{"start":{"line":359,"column":4},"end":{"line":359,"column":18}},"132":{"start":{"line":360,"column":4},"end":{"line":360,"column":30}},"133":{"start":{"line":363,"column":4},"end":{"line":363,"column":77}},"134":{"start":{"line":367,"column":4},"end":{"line":367,"column":100}},"135":{"start":{"line":371,"column":4},"end":{"line":371,"column":46}},"136":{"start":{"line":374,"column":4},"end":{"line":374,"column":26}},"137":{"start":{"line":375,"column":4},"end":{"line":387,"column":7}},"138":{"start":{"line":376,"column":6},"end":{"line":376,"column":55}},"139":{"start":{"line":377,"column":6},"end":{"line":377,"column":41}},"140":{"start":{"line":378,"column":6},"end":{"line":378,"column":51}},"141":{"start":{"line":379,"column":6},"end":{"line":379,"column":43}},"142":{"start":{"line":380,"column":6},"end":{"line":380,"column":52}},"143":{"start":{"line":381,"column":6},"end":{"line":385,"column":7}},"144":{"start":{"line":382,"column":8},"end":{"line":382,"column":44}},"145":{"start":{"line":384,"column":8},"end":{"line":384,"column":120}},"146":{"start":{"line":386,"column":6},"end":{"line":386,"column":17}},"147":{"start":{"line":388,"column":4},"end":{"line":388,"column":18}},"148":{"start":{"line":389,"column":4},"end":{"line":389,"column":33}},"149":{"start":{"line":390,"column":4},"end":{"line":390,"column":18}},"150":{"start":{"line":391,"column":4},"end":{"line":391,"column":30}},"151":{"start":{"line":400,"column":0},"end":{"line":409,"column":1}},"152":{"start":{"line":401,"column":2},"end":{"line":408,"column":5}},"153":{"start":{"line":403,"column":4},"end":{"line":403,"column":86}},"154":{"start":{"line":403,"column":40},"end":{"line":403,"column":82}},"155":{"start":{"line":404,"column":4},"end":{"line":404,"column":48}},"156":{"start":{"line":407,"column":4},"end":{"line":407,"column":19}},"157":{"start":{"line":417,"column":0},"end":{"line":422,"column":1}},"158":{"start":{"line":418,"column":2},"end":{"line":421,"column":5}},"159":{"start":{"line":420,"column":4},"end":{"line":420,"column":133}},"160":{"start":{"line":420,"column":43},"end":{"line":420,"column":129}},"161":{"start":{"line":429,"column":0},"end":{"line":436,"column":1}},"162":{"start":{"line":430,"column":2},"end":{"line":435,"column":5}},"163":{"start":{"line":432,"column":4},"end":{"line":434,"column":7}},"164":{"start":{"line":433,"column":6},"end":{"line":433,"column":44}},"165":{"start":{"line":442,"column":0},"end":{"line":454,"column":1}},"166":{"start":{"line":443,"column":2},"end":{"line":453,"column":5}},"167":{"start":{"line":452,"column":4},"end":{"line":452,"column":31}},"168":{"start":{"line":456,"column":0},"end":{"line":481,"column":2}},"169":{"start":{"line":479,"column":4},"end":{"line":479,"column":40}},"170":{"start":{"line":483,"column":0},"end":{"line":483,"column":24}},"171":{"start":{"line":492,"column":0},"end":{"line":525,"column":1}},"172":{"start":{"line":494,"column":2},"end":{"line":494,"column":18}},"173":{"start":{"line":497,"column":2},"end":{"line":497,"column":42}},"174":{"start":{"line":500,"column":2},"end":{"line":500,"column":32}},"175":{"start":{"line":502,"column":2},"end":{"line":521,"column":27}},"176":{"start":{"line":503,"column":4},"end":{"line":503,"column":21}},"177":{"start":{"line":504,"column":4},"end":{"line":504,"column":35}},"178":{"start":{"line":505,"column":4},"end":{"line":505,"column":53}},"179":{"start":{"line":507,"column":4},"end":{"line":517,"column":5}},"180":{"start":{"line":513,"column":6},"end":{"line":513,"column":72}},"181":{"start":{"line":516,"column":6},"end":{"line":516,"column":53}},"182":{"start":{"line":516,"column":43},"end":{"line":516,"column":51}},"183":{"start":{"line":520,"column":4},"end":{"line":520,"column":27}},"184":{"start":{"line":524,"column":2},"end":{"line":524,"column":14}},"185":{"start":{"line":528,"column":0},"end":{"line":538,"column":1}},"186":{"start":{"line":530,"column":2},"end":{"line":537,"column":5}},"187":{"start":{"line":532,"column":4},"end":{"line":532,"column":29}},"188":{"start":{"line":535,"column":4},"end":{"line":535,"column":19}},"189":{"start":{"line":536,"column":4},"end":{"line":536,"column":33}}},"branchMap":{"1":{"line":50,"type":"if","locations":[{"start":{"line":50,"column":4},"end":{"line":50,"column":4}},{"start":{"line":50,"column":4},"end":{"line":50,"column":4}}]},"2":{"line":50,"type":"binary-expr","locations":[{"start":{"line":50,"column":8},"end":{"line":50,"column":27}},{"start":{"line":50,"column":31},"end":{"line":50,"column":94}}]},"3":{"line":72,"type":"binary-expr","locations":[{"start":{"line":72,"column":25},"end":{"line":72,"column":43}},{"start":{"line":72,"column":47},"end":{"line":72,"column":49}}]},"4":{"line":101,"type":"if","locations":[{"start":{"line":101,"column":6},"end":{"line":101,"column":6}},{"start":{"line":101,"column":6},"end":{"line":101,"column":6}}]},"5":{"line":117,"type":"if","locations":[{"start":{"line":117,"column":4},"end":{"line":117,"column":4}},{"start":{"line":117,"column":4},"end":{"line":117,"column":4}}]},"6":{"line":117,"type":"binary-expr","locations":[{"start":{"line":117,"column":8},"end":{"line":117,"column":27}},{"start":{"line":117,"column":31},"end":{"line":117,"column":99}}]},"7":{"line":143,"type":"binary-expr","locations":[{"start":{"line":143,"column":23},"end":{"line":143,"column":35}},{"start":{"line":143,"column":39},"end":{"line":143,"column":41}}]},"8":{"line":146,"type":"binary-expr","locations":[{"start":{"line":146,"column":50},"end":{"line":146,"column":89}},{"start":{"line":146,"column":93},"end":{"line":146,"column":95}}]},"9":{"line":147,"type":"binary-expr","locations":[{"start":{"line":147,"column":67},"end":{"line":147,"column":123}},{"start":{"line":147,"column":127},"end":{"line":147,"column":129}}]},"10":{"line":194,"type":"if","locations":[{"start":{"line":194,"column":4},"end":{"line":194,"column":4}},{"start":{"line":194,"column":4},"end":{"line":194,"column":4}}]},"11":{"line":194,"type":"binary-expr","locations":[{"start":{"line":194,"column":8},"end":{"line":194,"column":27}},{"start":{"line":194,"column":31},"end":{"line":194,"column":96}}]},"12":{"line":240,"type":"if","locations":[{"start":{"line":240,"column":8},"end":{"line":240,"column":8}},{"start":{"line":240,"column":8},"end":{"line":240,"column":8}}]},"13":{"line":351,"type":"if","locations":[{"start":{"line":351,"column":8},"end":{"line":351,"column":8}},{"start":{"line":351,"column":8},"end":{"line":351,"column":8}}]},"14":{"line":381,"type":"if","locations":[{"start":{"line":381,"column":6},"end":{"line":381,"column":6}},{"start":{"line":381,"column":6},"end":{"line":381,"column":6}}]},"15":{"line":420,"type":"binary-expr","locations":[{"start":{"line":420,"column":50},"end":{"line":420,"column":93}},{"start":{"line":420,"column":97},"end":{"line":420,"column":128}}]},"16":{"line":516,"type":"if","locations":[{"start":{"line":516,"column":6},"end":{"line":516,"column":6}},{"start":{"line":516,"column":6},"end":{"line":516,"column":6}}]}}},"/home/alexis/Workspace/anoio/lager/packages/api-gateway/src/api.js":{"path":"/home/alexis/Workspace/anoio/lager/packages/api-gateway/src/api.js","s":{"1":1,"2":1,"3":1,"4":1,"5":1,"6":0,"7":0,"8":0,"9":0,"10":1,"11":0,"12":1,"13":0,"14":1,"15":0,"16":0,"17":0,"18":0,"19":1,"20":0,"21":0,"22":0,"23":0,"24":0,"25":0,"26":0,"27":0,"28":0,"29":0,"30":1,"31":0,"32":0,"33":0,"34":0,"35":0,"36":0,"37":0,"38":0,"39":0,"40":0,"41":0,"42":0,"43":0,"44":0,"45":0,"46":0,"47":0,"48":0,"49":0,"50":0,"51":1,"52":0,"53":0,"54":0,"55":0,"56":0,"57":0,"58":0,"59":0,"60":0,"61":0,"62":0,"63":0,"64":0,"65":0,"66":0,"67":0,"68":0,"69":0,"70":0,"71":1,"72":0,"73":0,"74":0,"75":0,"76":0,"77":0,"78":0,"79":0,"80":0,"81":1,"82":0,"83":0,"84":1,"85":0,"86":0,"87":0,"88":0,"89":1,"90":0,"91":0,"92":0,"93":0,"94":1,"95":0,"96":0,"97":1,"98":1,"99":0,"100":0,"101":0,"102":0,"103":0,"104":0,"105":1,"106":0,"107":0,"108":0,"109":0,"110":0,"111":0,"112":0,"113":1,"114":0,"115":0,"116":0,"117":0,"118":0,"119":0,"120":0,"121":0,"122":0,"123":0,"124":0,"125":0,"126":0,"127":0,"128":0},"b":{"1":[0,0],"2":[0,0,0],"3":[0,0],"4":[0,0],"5":[0,0],"6":[0,0],"7":[0,0],"8":[0,0],"9":[0,0],"10":[0,0],"11":[0,0],"12":[0,0]},"f":{"1":0,"2":0,"3":0,"4":0,"5":0,"6":0,"7":0,"8":0,"9":0,"10":0,"11":0,"12":0,"13":0,"14":0,"15":0},"fnMap":{"1":{"name":"Api","line":14,"loc":{"start":{"line":14,"column":12},"end":{"line":14,"column":43}}},"2":{"name":"getIdentifier","line":25,"loc":{"start":{"line":25,"column":30},"end":{"line":25,"column":55}}},"3":{"name":"toString","line":33,"loc":{"start":{"line":33,"column":25},"end":{"line":33,"column":45}}},"4":{"name":"doesExposeEndpoint","line":42,"loc":{"start":{"line":42,"column":35},"end":{"line":42,"column":73}}},"5":{"name":"addEndpoint","line":55,"loc":{"start":{"line":55,"column":28},"end":{"line":55,"column":59}}},"6":{"name":"generateSpec","line":87,"loc":{"start":{"line":87,"column":29},"end":{"line":87,"column":66}}},"7":{"name":"publish","line":135,"loc":{"start":{"line":135,"column":24},"end":{"line":135,"column":58}}},"8":{"name":"findInApiGateway","line":190,"loc":{"start":{"line":190,"column":33},"end":{"line":190,"column":93}}},"9":{"name":"_findIdentificationInName","line":209,"loc":{"start":{"line":209,"column":42},"end":{"line":209,"column":92}}},"10":{"name":"_createInApiGateway","line":220,"loc":{"start":{"line":220,"column":36},"end":{"line":220,"column":89}}},"11":{"name":"_updateInApiGateway","line":241,"loc":{"start":{"line":241,"column":36},"end":{"line":241,"column":97}}},"12":{"name":"_publish","line":257,"loc":{"start":{"line":257,"column":25},"end":{"line":257,"column":75}}},"13":{"name":"cleanSpecForApiGateway","line":272,"loc":{"start":{"line":272,"column":0},"end":{"line":272,"column":38}}},"14":{"name":"cleanSpecForDoc","line":291,"loc":{"start":{"line":291,"column":0},"end":{"line":291,"column":31}}},"15":{"name":"applyCredentialsARNs","line":310,"loc":{"start":{"line":310,"column":0},"end":{"line":310,"column":45}}}},"statementMap":{"1":{"start":{"line":3,"column":0},"end":{"line":3,"column":31}},"2":{"start":{"line":4,"column":0},"end":{"line":4,"column":36}},"3":{"start":{"line":5,"column":0},"end":{"line":5,"column":28}},"4":{"start":{"line":7,"column":0},"end":{"line":7,"column":34}},"5":{"start":{"line":14,"column":0},"end":{"line":19,"column":2}},"6":{"start":{"line":15,"column":2},"end":{"line":15,"column":31}},"7":{"start":{"line":16,"column":2},"end":{"line":16,"column":19}},"8":{"start":{"line":17,"column":2},"end":{"line":17,"column":22}},"9":{"start":{"line":18,"column":2},"end":{"line":18,"column":19}},"10":{"start":{"line":25,"column":0},"end":{"line":27,"column":2}},"11":{"start":{"line":26,"column":2},"end":{"line":26,"column":25}},"12":{"start":{"line":33,"column":0},"end":{"line":35,"column":2}},"13":{"start":{"line":34,"column":2},"end":{"line":34,"column":34}},"14":{"start":{"line":42,"column":0},"end":{"line":48,"column":2}},"15":{"start":{"line":43,"column":2},"end":{"line":43,"column":34}},"16":{"start":{"line":44,"column":2},"end":{"line":46,"column":3}},"17":{"start":{"line":45,"column":4},"end":{"line":45,"column":78}},"18":{"start":{"line":47,"column":2},"end":{"line":47,"column":15}},"19":{"start":{"line":55,"column":0},"end":{"line":76,"column":2}},"20":{"start":{"line":56,"column":2},"end":{"line":75,"column":5}},"21":{"start":{"line":58,"column":4},"end":{"line":58,"column":34}},"22":{"start":{"line":59,"column":4},"end":{"line":59,"column":42}},"23":{"start":{"line":63,"column":4},"end":{"line":70,"column":7}},"24":{"start":{"line":64,"column":6},"end":{"line":66,"column":9}},"25":{"start":{"line":65,"column":8},"end":{"line":65,"column":47}},"26":{"start":{"line":67,"column":6},"end":{"line":69,"column":7}},"27":{"start":{"line":68,"column":8},"end":{"line":68,"column":32}},"28":{"start":{"line":71,"column":4},"end":{"line":71,"column":70}},"29":{"start":{"line":74,"column":4},"end":{"line":74,"column":33}},"30":{"start":{"line":87,"column":0},"end":{"line":128,"column":2}},"31":{"start":{"line":88,"column":2},"end":{"line":88,"column":38}},"32":{"start":{"line":91,"column":2},"end":{"line":97,"column":5}},"33":{"start":{"line":93,"column":4},"end":{"line":93,"column":20}},"34":{"start":{"line":94,"column":4},"end":{"line":94,"column":42}},"35":{"start":{"line":95,"column":4},"end":{"line":95,"column":103}},"36":{"start":{"line":96,"column":4},"end":{"line":96,"column":30}},"37":{"start":{"line":101,"column":2},"end":{"line":127,"column":5}},"38":{"start":{"line":102,"column":4},"end":{"line":107,"column":7}},"39":{"start":{"line":105,"column":6},"end":{"line":105,"column":35}},"40":{"start":{"line":106,"column":6},"end":{"line":106,"column":30}},"41":{"start":{"line":111,"column":4},"end":{"line":111,"column":53}},"42":{"start":{"line":112,"column":4},"end":{"line":114,"column":7}},"43":{"start":{"line":113,"column":6},"end":{"line":113,"column":64}},"44":{"start":{"line":117,"column":4},"end":{"line":125,"column":5}},"45":{"start":{"line":119,"column":6},"end":{"line":121,"column":7}},"46":{"start":{"line":120,"column":8},"end":{"line":120,"column":96}},"47":{"start":{"line":122,"column":6},"end":{"line":122,"column":42}},"48":{"start":{"line":123,"column":11},"end":{"line":125,"column":5}},"49":{"start":{"line":124,"column":6},"end":{"line":124,"column":35}},"50":{"start":{"line":126,"column":4},"end":{"line":126,"column":16}},"51":{"start":{"line":135,"column":0},"end":{"line":177,"column":2}},"52":{"start":{"line":136,"column":2},"end":{"line":136,"column":55}},"53":{"start":{"line":138,"column":2},"end":{"line":138,"column":20}},"54":{"start":{"line":140,"column":2},"end":{"line":176,"column":5}},"55":{"start":{"line":143,"column":4},"end":{"line":143,"column":57}},"56":{"start":{"line":146,"column":4},"end":{"line":149,"column":5}},"57":{"start":{"line":147,"column":6},"end":{"line":147,"column":34}},"58":{"start":{"line":148,"column":6},"end":{"line":148,"column":70}},"59":{"start":{"line":150,"column":4},"end":{"line":150,"column":34}},"60":{"start":{"line":151,"column":4},"end":{"line":151,"column":60}},"61":{"start":{"line":154,"column":4},"end":{"line":154,"column":29}},"62":{"start":{"line":155,"column":4},"end":{"line":155,"column":30}},"63":{"start":{"line":156,"column":4},"end":{"line":156,"column":44}},"64":{"start":{"line":157,"column":4},"end":{"line":157,"column":33}},"65":{"start":{"line":158,"column":4},"end":{"line":158,"column":57}},"66":{"start":{"line":161,"column":4},"end":{"line":161,"column":54}},"67":{"start":{"line":164,"column":4},"end":{"line":167,"column":7}},"68":{"start":{"line":170,"column":4},"end":{"line":170,"column":87}},"69":{"start":{"line":171,"column":4},"end":{"line":171,"column":52}},"70":{"start":{"line":172,"column":4},"end":{"line":175,"column":7}},"71":{"start":{"line":190,"column":0},"end":{"line":207,"column":2}},"72":{"start":{"line":191,"column":2},"end":{"line":194,"column":4}},"73":{"start":{"line":195,"column":2},"end":{"line":206,"column":5}},"74":{"start":{"line":197,"column":4},"end":{"line":199,"column":7}},"75":{"start":{"line":198,"column":6},"end":{"line":198,"column":63}},"76":{"start":{"line":200,"column":4},"end":{"line":204,"column":5}},"77":{"start":{"line":201,"column":6},"end":{"line":201,"column":39}},"78":{"start":{"line":202,"column":11},"end":{"line":204,"column":5}},"79":{"start":{"line":203,"column":6},"end":{"line":203,"column":95}},"80":{"start":{"line":205,"column":4},"end":{"line":205,"column":33}},"81":{"start":{"line":209,"column":0},"end":{"line":212,"column":2}},"82":{"start":{"line":210,"column":2},"end":{"line":210,"column":77}},"83":{"start":{"line":211,"column":2},"end":{"line":211,"column":44}},"84":{"start":{"line":220,"column":0},"end":{"line":232,"column":2}},"85":{"start":{"line":221,"column":2},"end":{"line":231,"column":5}},"86":{"start":{"line":223,"column":4},"end":{"line":223,"column":47}},"87":{"start":{"line":226,"column":4},"end":{"line":229,"column":6}},"88":{"start":{"line":230,"column":4},"end":{"line":230,"column":86}},"89":{"start":{"line":241,"column":0},"end":{"line":255,"column":2}},"90":{"start":{"line":242,"column":2},"end":{"line":254,"column":5}},"91":{"start":{"line":244,"column":4},"end":{"line":244,"column":47}},"92":{"start":{"line":247,"column":4},"end":{"line":252,"column":6}},"93":{"start":{"line":253,"column":4},"end":{"line":253,"column":83}},"94":{"start":{"line":257,"column":0},"end":{"line":263,"column":2}},"95":{"start":{"line":258,"column":2},"end":{"line":261,"column":4}},"96":{"start":{"line":262,"column":2},"end":{"line":262,"column":87}},"97":{"start":{"line":265,"column":0},"end":{"line":265,"column":21}},"98":{"start":{"line":272,"column":0},"end":{"line":284,"column":1}},"99":{"start":{"line":276,"column":2},"end":{"line":276,"column":25}},"100":{"start":{"line":277,"column":2},"end":{"line":282,"column":5}},"101":{"start":{"line":278,"column":4},"end":{"line":278,"column":30}},"102":{"start":{"line":279,"column":4},"end":{"line":281,"column":7}},"103":{"start":{"line":280,"column":6},"end":{"line":280,"column":30}},"104":{"start":{"line":283,"column":2},"end":{"line":283,"column":14}},"105":{"start":{"line":291,"column":0},"end":{"line":303,"column":1}},"106":{"start":{"line":294,"column":2},"end":{"line":294,"column":25}},"107":{"start":{"line":295,"column":2},"end":{"line":301,"column":5}},"108":{"start":{"line":296,"column":4},"end":{"line":296,"column":24}},"109":{"start":{"line":297,"column":4},"end":{"line":300,"column":7}},"110":{"start":{"line":298,"column":6},"end":{"line":298,"column":48}},"111":{"start":{"line":299,"column":6},"end":{"line":299,"column":55}},"112":{"start":{"line":302,"column":2},"end":{"line":302,"column":14}},"113":{"start":{"line":310,"column":0},"end":{"line":342,"column":1}},"114":{"start":{"line":312,"column":2},"end":{"line":320,"column":9}},"115":{"start":{"line":313,"column":4},"end":{"line":318,"column":11}},"116":{"start":{"line":314,"column":6},"end":{"line":316,"column":7}},"117":{"start":{"line":315,"column":8},"end":{"line":315,"column":77}},"118":{"start":{"line":317,"column":6},"end":{"line":317,"column":16}},"119":{"start":{"line":319,"column":4},"end":{"line":319,"column":28}},"120":{"start":{"line":323,"column":2},"end":{"line":341,"column":5}},"121":{"start":{"line":326,"column":4},"end":{"line":327,"column":62}},"122":{"start":{"line":327,"column":19},"end":{"line":327,"column":58}},"123":{"start":{"line":331,"column":4},"end":{"line":339,"column":7}},"124":{"start":{"line":332,"column":6},"end":{"line":338,"column":9}},"125":{"start":{"line":333,"column":8},"end":{"line":337,"column":9}},"126":{"start":{"line":334,"column":10},"end":{"line":336,"column":16}},"127":{"start":{"line":335,"column":12},"end":{"line":335,"column":96}},"128":{"start":{"line":340,"column":4},"end":{"line":340,"column":16}}},"branchMap":{"1":{"line":44,"type":"if","locations":[{"start":{"line":44,"column":2},"end":{"line":44,"column":2}},{"start":{"line":44,"column":2},"end":{"line":44,"column":2}}]},"2":{"line":44,"type":"binary-expr","locations":[{"start":{"line":44,"column":6},"end":{"line":44,"column":21}},{"start":{"line":44,"column":25},"end":{"line":44,"column":45}},{"start":{"line":44,"column":49},"end":{"line":44,"column":76}}]},"3":{"line":67,"type":"if","locations":[{"start":{"line":67,"column":6},"end":{"line":67,"column":6}},{"start":{"line":67,"column":6},"end":{"line":67,"column":6}}]},"4":{"line":117,"type":"if","locations":[{"start":{"line":117,"column":4},"end":{"line":117,"column":4}},{"start":{"line":117,"column":4},"end":{"line":117,"column":4}}]},"5":{"line":119,"type":"if","locations":[{"start":{"line":119,"column":6},"end":{"line":119,"column":6}},{"start":{"line":119,"column":6},"end":{"line":119,"column":6}}]},"6":{"line":123,"type":"if","locations":[{"start":{"line":123,"column":11},"end":{"line":123,"column":11}},{"start":{"line":123,"column":11},"end":{"line":123,"column":11}}]},"7":{"line":146,"type":"if","locations":[{"start":{"line":146,"column":4},"end":{"line":146,"column":4}},{"start":{"line":146,"column":4},"end":{"line":146,"column":4}}]},"8":{"line":200,"type":"if","locations":[{"start":{"line":200,"column":4},"end":{"line":200,"column":4}},{"start":{"line":200,"column":4},"end":{"line":200,"column":4}}]},"9":{"line":202,"type":"if","locations":[{"start":{"line":202,"column":11},"end":{"line":202,"column":11}},{"start":{"line":202,"column":11},"end":{"line":202,"column":11}}]},"10":{"line":314,"type":"if","locations":[{"start":{"line":314,"column":6},"end":{"line":314,"column":6}},{"start":{"line":314,"column":6},"end":{"line":314,"column":6}}]},"11":{"line":314,"type":"binary-expr","locations":[{"start":{"line":314,"column":10},"end":{"line":314,"column":69}},{"start":{"line":314,"column":73},"end":{"line":314,"column":151}}]},"12":{"line":333,"type":"if","locations":[{"start":{"line":333,"column":8},"end":{"line":333,"column":8}},{"start":{"line":333,"column":8},"end":{"line":333,"column":8}}]}}},"/home/alexis/Workspace/anoio/lager/packages/api-gateway/src/cli/create-api.js":{"path":"/home/alexis/Workspace/anoio/lager/packages/api-gateway/src/cli/create-api.js","s":{"1":1,"2":1,"3":1,"4":1,"5":1,"6":1,"7":1,"8":1,"9":1,"10":1,"11":0,"12":0,"13":1,"14":1,"15":1,"16":4,"17":4,"18":1,"19":1,"20":0,"21":0,"22":0,"23":0,"24":0,"25":0,"26":0},"b":{"1":[0,0],"2":[4,0]},"f":{"1":1,"2":0},"fnMap":{"1":{"name":"getChoices","line":78,"loc":{"start":{"line":78,"column":2},"end":{"line":78,"column":33}}},"2":{"name":"executeCommand","line":96,"loc":{"start":{"line":96,"column":2},"end":{"line":96,"column":38}}}},"statementMap":{"1":{"start":{"line":3,"column":0},"end":{"line":3,"column":36}},"2":{"start":{"line":4,"column":0},"end":{"line":4,"column":28}},"3":{"start":{"line":6,"column":0},"end":{"line":6,"column":29}},"4":{"start":{"line":7,"column":0},"end":{"line":7,"column":47}},"5":{"start":{"line":8,"column":0},"end":{"line":8,"column":57}},"6":{"start":{"line":17,"column":0},"end":{"line":123,"column":2}},"7":{"start":{"line":19,"column":2},"end":{"line":19,"column":31}},"8":{"start":{"line":22,"column":2},"end":{"line":70,"column":5}},"9":{"start":{"line":25,"column":4},"end":{"line":25,"column":47}},"10":{"start":{"line":27,"column":4},"end":{"line":64,"column":6}},"11":{"start":{"line":34,"column":29},"end":{"line":34,"column":65}},"12":{"start":{"line":60,"column":12},"end":{"line":60,"column":100}},"13":{"start":{"line":69,"column":4},"end":{"line":69,"column":57}},"14":{"start":{"line":78,"column":2},"end":{"line":89,"column":3}},"15":{"start":{"line":79,"column":4},"end":{"line":87,"column":6}},"16":{"start":{"line":81,"column":8},"end":{"line":81,"column":40}},"17":{"start":{"line":82,"column":8},"end":{"line":85,"column":10}},"18":{"start":{"line":88,"column":4},"end":{"line":88,"column":24}},"19":{"start":{"line":96,"column":2},"end":{"line":121,"column":3}},"20":{"start":{"line":98,"column":4},"end":{"line":98,"column":100}},"21":{"start":{"line":99,"column":4},"end":{"line":120,"column":7}},"22":{"start":{"line":101,"column":6},"end":{"line":113,"column":8}},"23":{"start":{"line":114,"column":6},"end":{"line":114,"column":101}},"24":{"start":{"line":117,"column":6},"end":{"line":117,"column":54}},"25":{"start":{"line":118,"column":6},"end":{"line":118,"column":125}},"26":{"start":{"line":119,"column":6},"end":{"line":119,"column":23}}},"branchMap":{"1":{"line":60,"type":"binary-expr","locations":[{"start":{"line":60,"column":19},"end":{"line":60,"column":63}},{"start":{"line":60,"column":67},"end":{"line":60,"column":99}}]},"2":{"line":84,"type":"cond-expr","locations":[{"start":{"line":84,"column":90},"end":{"line":84,"column":110}},{"start":{"line":84,"column":113},"end":{"line":84,"column":115}}]}}},"/home/alexis/Workspace/anoio/lager/packages/api-gateway/src/endpoint.js":{"path":"/home/alexis/Workspace/anoio/lager/packages/api-gateway/src/endpoint.js","s":{"1":1,"2":1,"3":1,"4":4,"5":4,"6":4,"7":1,"8":0,"9":1,"10":8,"11":1,"12":8,"13":1,"14":0,"15":0,"16":0,"17":0,"18":0,"19":0,"20":0,"21":0,"22":0,"23":0,"24":0,"25":0,"26":0,"27":1,"28":4,"29":1,"30":0,"31":0,"32":0,"33":0,"34":0,"35":0,"36":1,"37":1,"38":0,"39":0,"40":1,"41":0,"42":0,"43":0,"44":0},"b":{"1":[0,0],"2":[0,0],"3":[0,0],"4":[0,0],"5":[0,0],"6":[0,0],"7":[0,0],"8":[0,0]},"f":{"1":4,"2":0,"3":8,"4":8,"5":0,"6":4,"7":0,"8":0,"9":0},"fnMap":{"1":{"name":"Endpoint","line":14,"loc":{"start":{"line":14,"column":17},"end":{"line":14,"column":63}}},"2":{"name":"toString","line":24,"loc":{"start":{"line":24,"column":30},"end":{"line":24,"column":50}}},"3":{"name":"getMethod","line":32,"loc":{"start":{"line":32,"column":31},"end":{"line":32,"column":52}}},"4":{"name":"getResourcePath","line":40,"loc":{"start":{"line":40,"column":37},"end":{"line":40,"column":64}}},"5":{"name":"getReferencedModels","line":48,"loc":{"start":{"line":48,"column":41},"end":{"line":48,"column":72}}},"6":{"name":"getSpec","line":78,"loc":{"start":{"line":78,"column":29},"end":{"line":78,"column":48}}},"7":{"name":"generateSpec","line":90,"loc":{"start":{"line":90,"column":34},"end":{"line":90,"column":62}}},"8":{"name":"cleanSpecForApiGateway","line":109,"loc":{"start":{"line":109,"column":0},"end":{"line":109,"column":38}}},"9":{"name":"cleanSpecForDoc","line":119,"loc":{"start":{"line":119,"column":0},"end":{"line":119,"column":31}}}},"statementMap":{"1":{"start":{"line":3,"column":0},"end":{"line":3,"column":28}},"2":{"start":{"line":5,"column":0},"end":{"line":5,"column":34}},"3":{"start":{"line":14,"column":0},"end":{"line":18,"column":2}},"4":{"start":{"line":15,"column":2},"end":{"line":15,"column":23}},"5":{"start":{"line":16,"column":2},"end":{"line":16,"column":35}},"6":{"start":{"line":17,"column":2},"end":{"line":17,"column":19}},"7":{"start":{"line":24,"column":0},"end":{"line":26,"column":2}},"8":{"start":{"line":25,"column":2},"end":{"line":25,"column":61}},"9":{"start":{"line":32,"column":0},"end":{"line":34,"column":2}},"10":{"start":{"line":33,"column":2},"end":{"line":33,"column":21}},"11":{"start":{"line":40,"column":0},"end":{"line":42,"column":2}},"12":{"start":{"line":41,"column":2},"end":{"line":41,"column":27}},"13":{"start":{"line":48,"column":0},"end":{"line":72,"column":2}},"14":{"start":{"line":49,"column":2},"end":{"line":49,"column":23}},"15":{"start":{"line":50,"column":2},"end":{"line":56,"column":3}},"16":{"start":{"line":51,"column":4},"end":{"line":55,"column":7}},"17":{"start":{"line":52,"column":6},"end":{"line":54,"column":7}},"18":{"start":{"line":53,"column":8},"end":{"line":53,"column":45}},"19":{"start":{"line":57,"column":2},"end":{"line":63,"column":3}},"20":{"start":{"line":58,"column":4},"end":{"line":62,"column":7}},"21":{"start":{"line":59,"column":6},"end":{"line":61,"column":7}},"22":{"start":{"line":60,"column":8},"end":{"line":60,"column":46}},"23":{"start":{"line":65,"column":2},"end":{"line":67,"column":5}},"24":{"start":{"line":66,"column":4},"end":{"line":66,"column":50}},"25":{"start":{"line":69,"column":2},"end":{"line":71,"column":5}},"26":{"start":{"line":70,"column":4},"end":{"line":70,"column":39}},"27":{"start":{"line":78,"column":0},"end":{"line":80,"column":2}},"28":{"start":{"line":79,"column":2},"end":{"line":79,"column":19}},"29":{"start":{"line":90,"column":0},"end":{"line":100,"column":2}},"30":{"start":{"line":91,"column":2},"end":{"line":91,"column":38}},"31":{"start":{"line":94,"column":2},"end":{"line":98,"column":3}},"32":{"start":{"line":95,"column":4},"end":{"line":95,"column":40}},"33":{"start":{"line":96,"column":9},"end":{"line":98,"column":3}},"34":{"start":{"line":97,"column":4},"end":{"line":97,"column":33}},"35":{"start":{"line":99,"column":2},"end":{"line":99,"column":14}},"36":{"start":{"line":102,"column":0},"end":{"line":102,"column":26}},"37":{"start":{"line":109,"column":0},"end":{"line":112,"column":1}},"38":{"start":{"line":110,"column":2},"end":{"line":110,"column":25}},"39":{"start":{"line":111,"column":2},"end":{"line":111,"column":14}},"40":{"start":{"line":119,"column":0},"end":{"line":126,"column":1}},"41":{"start":{"line":122,"column":2},"end":{"line":122,"column":25}},"42":{"start":{"line":123,"column":2},"end":{"line":123,"column":42}},"43":{"start":{"line":124,"column":2},"end":{"line":124,"column":49}},"44":{"start":{"line":125,"column":2},"end":{"line":125,"column":14}}},"branchMap":{"1":{"line":50,"type":"if","locations":[{"start":{"line":50,"column":2},"end":{"line":50,"column":2}},{"start":{"line":50,"column":2},"end":{"line":50,"column":2}}]},"2":{"line":52,"type":"if","locations":[{"start":{"line":52,"column":6},"end":{"line":52,"column":6}},{"start":{"line":52,"column":6},"end":{"line":52,"column":6}}]},"3":{"line":52,"type":"binary-expr","locations":[{"start":{"line":52,"column":10},"end":{"line":52,"column":25}},{"start":{"line":52,"column":29},"end":{"line":52,"column":49}}]},"4":{"line":57,"type":"if","locations":[{"start":{"line":57,"column":2},"end":{"line":57,"column":2}},{"start":{"line":57,"column":2},"end":{"line":57,"column":2}}]},"5":{"line":59,"type":"if","locations":[{"start":{"line":59,"column":6},"end":{"line":59,"column":6}},{"start":{"line":59,"column":6},"end":{"line":59,"column":6}}]},"6":{"line":59,"type":"binary-expr","locations":[{"start":{"line":59,"column":10},"end":{"line":59,"column":26}},{"start":{"line":59,"column":30},"end":{"line":59,"column":51}}]},"7":{"line":94,"type":"if","locations":[{"start":{"line":94,"column":2},"end":{"line":94,"column":2}},{"start":{"line":94,"column":2},"end":{"line":94,"column":2}}]},"8":{"line":96,"type":"if","locations":[{"start":{"line":96,"column":9},"end":{"line":96,"column":9}},{"start":{"line":96,"column":9},"end":{"line":96,"column":9}}]}}},"/home/alexis/Workspace/anoio/lager/packages/api-gateway/src/aws-permissions.js":{"path":"/home/alexis/Workspace/anoio/lager/packages/api-gateway/src/aws-permissions.js","s":{"1":0},"b":{},"f":{},"fnMap":{},"statementMap":{"1":{"start":{"line":3,"column":0},"end":{"line":20,"column":2}}},"branchMap":{}},"/home/alexis/Workspace/anoio/lager/packages/api-gateway/src/cli/create-endpoint.js":{"path":"/home/alexis/Workspace/anoio/lager/packages/api-gateway/src/cli/create-endpoint.js","s":{"1":0,"2":0,"3":0,"4":0,"5":0,"6":0,"7":0,"8":0,"9":0,"10":0,"11":0,"12":0,"13":0,"14":0,"15":0,"16":0,"17":0,"18":0,"19":0,"20":0,"21":0,"22":0,"23":0,"24":0,"25":0,"26":0,"27":0,"28":0,"29":0,"30":0,"31":0,"32":0,"33":0,"34":0,"35":0,"36":0,"37":0,"38":0,"39":0,"40":0,"41":0,"42":0,"43":0,"44":0,"45":0,"46":0,"47":0,"48":0,"49":0,"50":0,"51":0,"52":0,"53":0},"b":{"1":[0,0,0],"2":[0,0,0],"3":[0,0],"4":[0,0],"5":[0,0],"6":[0,0],"7":[0,0],"8":[0,0],"9":[0,0],"10":[0,0],"11":[0,0]},"f":{"1":0,"2":0,"3":0,"4":0,"5":0,"6":0,"7":0},"fnMap":{"1":{"name":"(anonymous_1)","line":87,"loc":{"start":{"line":87,"column":14},"end":{"line":87,"column":44}}},"2":{"name":"(anonymous_2)","line":98,"loc":{"start":{"line":98,"column":14},"end":{"line":98,"column":44}}},"3":{"name":"(anonymous_3)","line":107,"loc":{"start":{"line":107,"column":14},"end":{"line":107,"column":44}}},"4":{"name":"(anonymous_4)","line":110,"loc":{"start":{"line":110,"column":25},"end":{"line":110,"column":28}}},"5":{"name":"(anonymous_5)","line":115,"loc":{"start":{"line":115,"column":24},"end":{"line":115,"column":58}}},"6":{"name":"getChoices","line":133,"loc":{"start":{"line":133,"column":2},"end":{"line":133,"column":24}}},"7":{"name":"executeCommand","line":182,"loc":{"start":{"line":182,"column":2},"end":{"line":182,"column":38}}}},"statementMap":{"1":{"start":{"line":3,"column":0},"end":{"line":3,"column":36}},"2":{"start":{"line":4,"column":0},"end":{"line":4,"column":28}},"3":{"start":{"line":6,"column":0},"end":{"line":6,"column":29}},"4":{"start":{"line":7,"column":0},"end":{"line":7,"column":47}},"5":{"start":{"line":8,"column":0},"end":{"line":8,"column":57}},"6":{"start":{"line":9,"column":0},"end":{"line":9,"column":51}},"7":{"start":{"line":15,"column":0},"end":{"line":255,"column":2}},"8":{"start":{"line":17,"column":2},"end":{"line":17,"column":31}},"9":{"start":{"line":20,"column":2},"end":{"line":127,"column":5}},"10":{"start":{"line":22,"column":4},"end":{"line":121,"column":6}},"11":{"start":{"line":88,"column":12},"end":{"line":88,"column":105}},"12":{"start":{"line":99,"column":12},"end":{"line":99,"column":118}},"13":{"start":{"line":107,"column":46},"end":{"line":107,"column":109}},"14":{"start":{"line":112,"column":8},"end":{"line":112,"column":72}},"15":{"start":{"line":112,"column":28},"end":{"line":112,"column":70}},"16":{"start":{"line":113,"column":8},"end":{"line":113,"column":25}},"17":{"start":{"line":116,"column":8},"end":{"line":118,"column":9}},"18":{"start":{"line":117,"column":10},"end":{"line":117,"column":57}},"19":{"start":{"line":119,"column":8},"end":{"line":119,"column":66}},"20":{"start":{"line":126,"column":4},"end":{"line":126,"column":57}},"21":{"start":{"line":133,"column":2},"end":{"line":175,"column":3}},"22":{"start":{"line":135,"column":4},"end":{"line":142,"column":6}},"23":{"start":{"line":144,"column":4},"end":{"line":144,"column":63}},"24":{"start":{"line":145,"column":4},"end":{"line":145,"column":75}},"25":{"start":{"line":146,"column":4},"end":{"line":174,"column":7}},"26":{"start":{"line":148,"column":6},"end":{"line":153,"column":9}},"27":{"start":{"line":149,"column":8},"end":{"line":152,"column":10}},"28":{"start":{"line":154,"column":6},"end":{"line":159,"column":9}},"29":{"start":{"line":155,"column":8},"end":{"line":158,"column":10}},"30":{"start":{"line":160,"column":6},"end":{"line":165,"column":7}},"31":{"start":{"line":161,"column":8},"end":{"line":164,"column":11}},"32":{"start":{"line":166,"column":6},"end":{"line":172,"column":9}},"33":{"start":{"line":168,"column":8},"end":{"line":171,"column":10}},"34":{"start":{"line":173,"column":6},"end":{"line":173,"column":26}},"35":{"start":{"line":182,"column":2},"end":{"line":253,"column":3}},"36":{"start":{"line":183,"column":4},"end":{"line":183,"column":111}},"37":{"start":{"line":183,"column":53},"end":{"line":183,"column":109}},"38":{"start":{"line":188,"column":4},"end":{"line":188,"column":57}},"39":{"start":{"line":189,"column":4},"end":{"line":189,"column":42}},"40":{"start":{"line":190,"column":4},"end":{"line":190,"column":77}},"41":{"start":{"line":191,"column":4},"end":{"line":191,"column":58}},"42":{"start":{"line":193,"column":4},"end":{"line":252,"column":7}},"43":{"start":{"line":196,"column":6},"end":{"line":220,"column":8}},"44":{"start":{"line":212,"column":12},"end":{"line":212,"column":36}},"45":{"start":{"line":221,"column":6},"end":{"line":223,"column":7}},"46":{"start":{"line":222,"column":8},"end":{"line":222,"column":51}},"47":{"start":{"line":226,"column":6},"end":{"line":228,"column":8}},"48":{"start":{"line":230,"column":6},"end":{"line":243,"column":7}},"49":{"start":{"line":231,"column":8},"end":{"line":236,"column":10}},"50":{"start":{"line":237,"column":8},"end":{"line":242,"column":10}},"51":{"start":{"line":244,"column":6},"end":{"line":244,"column":41}},"52":{"start":{"line":247,"column":6},"end":{"line":250,"column":124}},"53":{"start":{"line":251,"column":6},"end":{"line":251,"column":23}}},"branchMap":{"1":{"line":88,"type":"binary-expr","locations":[{"start":{"line":88,"column":19},"end":{"line":88,"column":45}},{"start":{"line":88,"column":49},"end":{"line":88,"column":69}},{"start":{"line":88,"column":73},"end":{"line":88,"column":104}}]},"2":{"line":99,"type":"binary-expr","locations":[{"start":{"line":99,"column":19},"end":{"line":99,"column":50}},{"start":{"line":99,"column":54},"end":{"line":99,"column":78}},{"start":{"line":99,"column":82},"end":{"line":99,"column":117}}]},"3":{"line":107,"type":"binary-expr","locations":[{"start":{"line":107,"column":53},"end":{"line":107,"column":73}},{"start":{"line":107,"column":77},"end":{"line":107,"column":108}}]},"4":{"line":112,"type":"if","locations":[{"start":{"line":112,"column":8},"end":{"line":112,"column":8}},{"start":{"line":112,"column":8},"end":{"line":112,"column":8}}]},"5":{"line":116,"type":"if","locations":[{"start":{"line":116,"column":8},"end":{"line":116,"column":8}},{"start":{"line":116,"column":8},"end":{"line":116,"column":8}}]},"6":{"line":151,"type":"cond-expr","locations":[{"start":{"line":151,"column":96},"end":{"line":151,"column":123}},{"start":{"line":151,"column":126},"end":{"line":151,"column":128}}]},"7":{"line":151,"type":"binary-expr","locations":[{"start":{"line":151,"column":57},"end":{"line":151,"column":70}},{"start":{"line":151,"column":74},"end":{"line":151,"column":93}}]},"8":{"line":160,"type":"if","locations":[{"start":{"line":160,"column":6},"end":{"line":160,"column":6}},{"start":{"line":160,"column":6},"end":{"line":160,"column":6}}]},"9":{"line":183,"type":"if","locations":[{"start":{"line":183,"column":4},"end":{"line":183,"column":4}},{"start":{"line":183,"column":4},"end":{"line":183,"column":4}}]},"10":{"line":221,"type":"if","locations":[{"start":{"line":221,"column":6},"end":{"line":221,"column":6}},{"start":{"line":221,"column":6},"end":{"line":221,"column":6}}]},"11":{"line":230,"type":"if","locations":[{"start":{"line":230,"column":6},"end":{"line":230,"column":6}},{"start":{"line":230,"column":6},"end":{"line":230,"column":6}}]}}},"/home/alexis/Workspace/anoio/lager/packages/api-gateway/src/cli/create-model.js":{"path":"/home/alexis/Workspace/anoio/lager/packages/api-gateway/src/cli/create-model.js","s":{"1":0,"2":0,"3":0,"4":0,"5":0,"6":0,"7":0,"8":0,"9":0,"10":0,"11":0,"12":0,"13":0,"14":0,"15":0,"16":0,"17":0,"18":0,"19":0,"20":0,"21":0},"b":{},"f":{"1":0,"2":0},"fnMap":{"1":{"name":"getChoices","line":43,"loc":{"start":{"line":43,"column":2},"end":{"line":43,"column":24}}},"2":{"name":"executeCommand","line":55,"loc":{"start":{"line":55,"column":2},"end":{"line":55,"column":38}}}},"statementMap":{"1":{"start":{"line":3,"column":0},"end":{"line":3,"column":36}},"2":{"start":{"line":5,"column":0},"end":{"line":5,"column":29}},"3":{"start":{"line":6,"column":0},"end":{"line":6,"column":47}},"4":{"start":{"line":7,"column":0},"end":{"line":7,"column":57}},"5":{"start":{"line":14,"column":0},"end":{"line":73,"column":2}},"6":{"start":{"line":16,"column":2},"end":{"line":16,"column":31}},"7":{"start":{"line":17,"column":2},"end":{"line":17,"column":36}},"8":{"start":{"line":19,"column":2},"end":{"line":31,"column":4}},"9":{"start":{"line":26,"column":27},"end":{"line":26,"column":63}},"10":{"start":{"line":36,"column":2},"end":{"line":36,"column":55}},"11":{"start":{"line":43,"column":2},"end":{"line":48,"column":3}},"12":{"start":{"line":44,"column":4},"end":{"line":46,"column":6}},"13":{"start":{"line":47,"column":4},"end":{"line":47,"column":24}},"14":{"start":{"line":55,"column":2},"end":{"line":71,"column":3}},"15":{"start":{"line":57,"column":4},"end":{"line":57,"column":77}},"16":{"start":{"line":58,"column":4},"end":{"line":70,"column":7}},"17":{"start":{"line":60,"column":6},"end":{"line":63,"column":8}},"18":{"start":{"line":64,"column":6},"end":{"line":64,"column":117}},"19":{"start":{"line":67,"column":6},"end":{"line":67,"column":56}},"20":{"start":{"line":68,"column":6},"end":{"line":68,"column":140}},"21":{"start":{"line":69,"column":6},"end":{"line":69,"column":23}}},"branchMap":{}},"/home/alexis/Workspace/anoio/lager/packages/api-gateway/src/cli/deploy-apis.js":{"path":"/home/alexis/Workspace/anoio/lager/packages/api-gateway/src/cli/deploy-apis.js","s":{"1":0,"2":0,"3":0,"4":0,"5":0,"6":0,"7":0,"8":0,"9":0,"10":0,"11":0,"12":0},"b":{"1":[0,0],"2":[0,0]},"f":{"1":0,"2":0},"fnMap":{"1":{"name":"getChoices","line":65,"loc":{"start":{"line":65,"column":2},"end":{"line":65,"column":24}}},"2":{"name":"executeCommand","line":110,"loc":{"start":{"line":110,"column":2},"end":{"line":110,"column":38}}}},"statementMap":{"1":{"start":{"line":3,"column":0},"end":{"line":3,"column":28}},"2":{"start":{"line":9,"column":0},"end":{"line":121,"column":2}},"3":{"start":{"line":11,"column":2},"end":{"line":11,"column":31}},"4":{"start":{"line":14,"column":2},"end":{"line":59,"column":5}},"5":{"start":{"line":16,"column":4},"end":{"line":53,"column":6}},"6":{"start":{"line":58,"column":4},"end":{"line":58,"column":57}},"7":{"start":{"line":65,"column":2},"end":{"line":103,"column":3}},"8":{"start":{"line":67,"column":4},"end":{"line":102,"column":7}},"9":{"start":{"line":69,"column":6},"end":{"line":101,"column":8}},"10":{"start":{"line":71,"column":10},"end":{"line":74,"column":12}},"11":{"start":{"line":110,"column":2},"end":{"line":119,"column":3}},"12":{"start":{"line":111,"column":4},"end":{"line":118,"column":6}}},"branchMap":{"1":{"line":73,"type":"cond-expr","locations":[{"start":{"line":73,"column":98},"end":{"line":73,"column":125}},{"start":{"line":73,"column":128},"end":{"line":73,"column":130}}]},"2":{"line":73,"type":"binary-expr","locations":[{"start":{"line":73,"column":59},"end":{"line":73,"column":72}},{"start":{"line":73,"column":76},"end":{"line":73,"column":95}}]}}},"/home/alexis/Workspace/anoio/lager/packages/api-gateway/src/cli/inspect-api.js":{"path":"/home/alexis/Workspace/anoio/lager/packages/api-gateway/src/cli/inspect-api.js","s":{"1":0,"2":0,"3":0,"4":0,"5":0,"6":0,"7":0,"8":0,"9":0,"10":0,"11":0,"12":0,"13":0,"14":0,"15":0,"16":0,"17":0},"b":{"1":[0,0],"2":[0,0],"3":[0,0]},"f":{"1":0,"2":0},"fnMap":{"1":{"name":"getChoices","line":62,"loc":{"start":{"line":62,"column":2},"end":{"line":62,"column":28}}},"2":{"name":"executeCommand","line":83,"loc":{"start":{"line":83,"column":2},"end":{"line":83,"column":38}}}},"statementMap":{"1":{"start":{"line":3,"column":0},"end":{"line":3,"column":28}},"2":{"start":{"line":9,"column":0},"end":{"line":97,"column":2}},"3":{"start":{"line":11,"column":2},"end":{"line":11,"column":31}},"4":{"start":{"line":14,"column":2},"end":{"line":55,"column":5}},"5":{"start":{"line":17,"column":4},"end":{"line":17,"column":42}},"6":{"start":{"line":19,"column":4},"end":{"line":49,"column":6}},"7":{"start":{"line":54,"column":4},"end":{"line":54,"column":57}},"8":{"start":{"line":62,"column":2},"end":{"line":76,"column":3}},"9":{"start":{"line":63,"column":4},"end":{"line":75,"column":6}},"10":{"start":{"line":65,"column":8},"end":{"line":68,"column":10}},"11":{"start":{"line":83,"column":2},"end":{"line":95,"column":3}},"12":{"start":{"line":84,"column":4},"end":{"line":94,"column":7}},"13":{"start":{"line":86,"column":6},"end":{"line":86,"column":54}},"14":{"start":{"line":89,"column":6},"end":{"line":89,"column":43}},"15":{"start":{"line":90,"column":6},"end":{"line":92,"column":7}},"16":{"start":{"line":91,"column":8},"end":{"line":91,"column":52}},"17":{"start":{"line":93,"column":6},"end":{"line":93,"column":24}}},"branchMap":{"1":{"line":67,"type":"cond-expr","locations":[{"start":{"line":67,"column":96},"end":{"line":67,"column":123}},{"start":{"line":67,"column":126},"end":{"line":67,"column":128}}]},"2":{"line":67,"type":"binary-expr","locations":[{"start":{"line":67,"column":57},"end":{"line":67,"column":70}},{"start":{"line":67,"column":74},"end":{"line":67,"column":93}}]},"3":{"line":90,"type":"if","locations":[{"start":{"line":90,"column":6},"end":{"line":90,"column":6}},{"start":{"line":90,"column":6},"end":{"line":90,"column":6}}]}}},"/home/alexis/Workspace/anoio/lager/packages/api-gateway/src/cli/inspect-endpoint.js":{"path":"/home/alexis/Workspace/anoio/lager/packages/api-gateway/src/cli/inspect-endpoint.js","s":{"1":0,"2":0,"3":0,"4":0,"5":0,"6":0,"7":0,"8":0,"9":0,"10":0,"11":0,"12":0,"13":0,"14":0,"15":0,"16":0,"17":0,"18":0,"19":0,"20":0,"21":0,"22":0,"23":0,"24":0,"25":0,"26":0,"27":0,"28":0,"29":0},"b":{"1":[0,0],"2":[0,0],"3":[0,0],"4":[0,0],"5":[0,0]},"f":{"1":0,"2":0},"fnMap":{"1":{"name":"getChoices","line":82,"loc":{"start":{"line":82,"column":2},"end":{"line":82,"column":33}}},"2":{"name":"executeCommand","line":112,"loc":{"start":{"line":112,"column":2},"end":{"line":112,"column":38}}}},"statementMap":{"1":{"start":{"line":3,"column":0},"end":{"line":3,"column":28}},"2":{"start":{"line":9,"column":0},"end":{"line":123,"column":2}},"3":{"start":{"line":11,"column":2},"end":{"line":11,"column":31}},"4":{"start":{"line":14,"column":2},"end":{"line":75,"column":5}},"5":{"start":{"line":18,"column":4},"end":{"line":18,"column":47}},"6":{"start":{"line":20,"column":4},"end":{"line":69,"column":6}},"7":{"start":{"line":35,"column":52},"end":{"line":35,"column":105}},"8":{"start":{"line":41,"column":10},"end":{"line":41,"column":101}},"9":{"start":{"line":42,"column":10},"end":{"line":45,"column":12}},"10":{"start":{"line":46,"column":10},"end":{"line":46,"column":34}},"11":{"start":{"line":74,"column":4},"end":{"line":74,"column":57}},"12":{"start":{"line":82,"column":2},"end":{"line":105,"column":3}},"13":{"start":{"line":84,"column":4},"end":{"line":95,"column":45}},"14":{"start":{"line":85,"column":6},"end":{"line":85,"column":54}},"15":{"start":{"line":86,"column":6},"end":{"line":86,"column":46}},"16":{"start":{"line":87,"column":6},"end":{"line":90,"column":7}},"17":{"start":{"line":88,"column":8},"end":{"line":88,"column":53}},"18":{"start":{"line":89,"column":8},"end":{"line":89,"column":51}},"19":{"start":{"line":91,"column":6},"end":{"line":93,"column":7}},"20":{"start":{"line":92,"column":8},"end":{"line":92,"column":63}},"21":{"start":{"line":94,"column":6},"end":{"line":94,"column":26}},"22":{"start":{"line":98,"column":4},"end":{"line":102,"column":6}},"23":{"start":{"line":104,"column":4},"end":{"line":104,"column":17}},"24":{"start":{"line":112,"column":2},"end":{"line":121,"column":3}},"25":{"start":{"line":113,"column":4},"end":{"line":120,"column":7}},"26":{"start":{"line":115,"column":6},"end":{"line":115,"column":88}},"27":{"start":{"line":116,"column":6},"end":{"line":118,"column":7}},"28":{"start":{"line":117,"column":8},"end":{"line":117,"column":52}},"29":{"start":{"line":119,"column":6},"end":{"line":119,"column":24}}},"branchMap":{"1":{"line":41,"type":"binary-expr","locations":[{"start":{"line":41,"column":32},"end":{"line":41,"column":69}},{"start":{"line":41,"column":74},"end":{"line":41,"column":100}}]},"2":{"line":41,"type":"cond-expr","locations":[{"start":{"line":41,"column":42},"end":{"line":41,"column":62}},{"start":{"line":41,"column":65},"end":{"line":41,"column":69}}]},"3":{"line":87,"type":"if","locations":[{"start":{"line":87,"column":6},"end":{"line":87,"column":6}},{"start":{"line":87,"column":6},"end":{"line":87,"column":6}}]},"4":{"line":91,"type":"if","locations":[{"start":{"line":91,"column":6},"end":{"line":91,"column":6}},{"start":{"line":91,"column":6},"end":{"line":91,"column":6}}]},"5":{"line":116,"type":"if","locations":[{"start":{"line":116,"column":6},"end":{"line":116,"column":6}},{"start":{"line":116,"column":6},"end":{"line":116,"column":6}}]}}},"/home/alexis/Workspace/anoio/lager/packages/api-gateway/src/cli/templates/default-index.js":{"path":"/home/alexis/Workspace/anoio/lager/packages/api-gateway/src/cli/templates/default-index.js","s":{"1":0,"2":0,"3":0,"4":0},"b":{},"f":{},"fnMap":{},"statementMap":{"1":{"start":{"line":8,"column":0},"end":{"line":15,"column":2}},"2":{"start":{"line":9,"column":2},"end":{"line":12,"column":4}},"3":{"start":{"line":13,"column":2},"end":{"line":13,"column":22}},"4":{"start":{"line":14,"column":2},"end":{"line":14,"column":19}}},"branchMap":{}},"/home/alexis/Workspace/anoio/lager/packages/api-gateway/src/model.js":{"path":"/home/alexis/Workspace/anoio/lager/packages/api-gateway/src/model.js","s":{"1":0,"2":0,"3":0,"4":0,"5":0,"6":0,"7":0,"8":0,"9":0,"10":0,"11":0,"12":0,"13":0,"14":0,"15":0,"16":0,"17":0,"18":0,"19":0,"20":0,"21":0,"22":0,"23":0,"24":0,"25":0,"26":0,"27":0,"28":0,"29":0,"30":0,"31":0,"32":0,"33":0,"34":0,"35":0,"36":0,"37":0,"38":0,"39":0,"40":0,"41":0,"42":0,"43":0},"b":{"1":[0,0],"2":[0,0],"3":[0,0],"4":[0,0],"5":[0,0],"6":[0,0]},"f":{"1":0,"2":0,"3":0,"4":0,"5":0,"6":0,"7":0},"fnMap":{"1":{"name":"Model","line":12,"loc":{"start":{"line":12,"column":14},"end":{"line":12,"column":41}}},"2":{"name":"toString","line":21,"loc":{"start":{"line":21,"column":27},"end":{"line":21,"column":47}}},"3":{"name":"getName","line":29,"loc":{"start":{"line":29,"column":26},"end":{"line":29,"column":49}}},"4":{"name":"getSpec","line":40,"loc":{"start":{"line":40,"column":26},"end":{"line":40,"column":45}}},"5":{"name":"getChildModels","line":48,"loc":{"start":{"line":48,"column":33},"end":{"line":48,"column":59}}},"6":{"name":"getNestedModelsList","line":70,"loc":{"start":{"line":70,"column":38},"end":{"line":70,"column":69}}},"7":{"name":"getRelatedModels","line":98,"loc":{"start":{"line":98,"column":35},"end":{"line":98,"column":63}}}},"statementMap":{"1":{"start":{"line":3,"column":0},"end":{"line":3,"column":28}},"2":{"start":{"line":5,"column":0},"end":{"line":5,"column":34}},"3":{"start":{"line":12,"column":0},"end":{"line":15,"column":2}},"4":{"start":{"line":13,"column":2},"end":{"line":13,"column":19}},"5":{"start":{"line":14,"column":2},"end":{"line":14,"column":19}},"6":{"start":{"line":21,"column":0},"end":{"line":23,"column":2}},"7":{"start":{"line":22,"column":2},"end":{"line":22,"column":30}},"8":{"start":{"line":29,"column":0},"end":{"line":34,"column":2}},"9":{"start":{"line":30,"column":2},"end":{"line":32,"column":3}},"10":{"start":{"line":31,"column":4},"end":{"line":31,"column":48}},"11":{"start":{"line":33,"column":2},"end":{"line":33,"column":19}},"12":{"start":{"line":40,"column":0},"end":{"line":42,"column":2}},"13":{"start":{"line":41,"column":2},"end":{"line":41,"column":19}},"14":{"start":{"line":48,"column":0},"end":{"line":64,"column":2}},"15":{"start":{"line":49,"column":2},"end":{"line":49,"column":23}},"16":{"start":{"line":50,"column":2},"end":{"line":56,"column":3}},"17":{"start":{"line":51,"column":4},"end":{"line":55,"column":7}},"18":{"start":{"line":52,"column":6},"end":{"line":54,"column":7}},"19":{"start":{"line":53,"column":8},"end":{"line":53,"column":38}},"20":{"start":{"line":57,"column":2},"end":{"line":59,"column":5}},"21":{"start":{"line":58,"column":4},"end":{"line":58,"column":50}},"22":{"start":{"line":61,"column":2},"end":{"line":63,"column":5}},"23":{"start":{"line":62,"column":4},"end":{"line":62,"column":39}},"24":{"start":{"line":70,"column":0},"end":{"line":93,"column":2}},"25":{"start":{"line":71,"column":2},"end":{"line":71,"column":39}},"26":{"start":{"line":74,"column":2},"end":{"line":76,"column":3}},"27":{"start":{"line":75,"column":4},"end":{"line":75,"column":31}},"28":{"start":{"line":79,"column":2},"end":{"line":92,"column":5}},"29":{"start":{"line":82,"column":4},"end":{"line":87,"column":7}},"30":{"start":{"line":85,"column":6},"end":{"line":85,"column":40}},"31":{"start":{"line":86,"column":6},"end":{"line":86,"column":30}},"32":{"start":{"line":91,"column":4},"end":{"line":91,"column":68}},"33":{"start":{"line":98,"column":0},"end":{"line":114,"column":2}},"34":{"start":{"line":99,"column":2},"end":{"line":99,"column":23}},"35":{"start":{"line":100,"column":2},"end":{"line":106,"column":3}},"36":{"start":{"line":101,"column":4},"end":{"line":105,"column":7}},"37":{"start":{"line":102,"column":6},"end":{"line":104,"column":7}},"38":{"start":{"line":103,"column":8},"end":{"line":103,"column":38}},"39":{"start":{"line":107,"column":2},"end":{"line":109,"column":5}},"40":{"start":{"line":108,"column":4},"end":{"line":108,"column":50}},"41":{"start":{"line":111,"column":2},"end":{"line":113,"column":5}},"42":{"start":{"line":112,"column":4},"end":{"line":112,"column":39}},"43":{"start":{"line":116,"column":0},"end":{"line":116,"column":23}}},"branchMap":{"1":{"line":30,"type":"if","locations":[{"start":{"line":30,"column":2},"end":{"line":30,"column":2}},{"start":{"line":30,"column":2},"end":{"line":30,"column":2}}]},"2":{"line":50,"type":"if","locations":[{"start":{"line":50,"column":2},"end":{"line":50,"column":2}},{"start":{"line":50,"column":2},"end":{"line":50,"column":2}}]},"3":{"line":52,"type":"if","locations":[{"start":{"line":52,"column":6},"end":{"line":52,"column":6}},{"start":{"line":52,"column":6},"end":{"line":52,"column":6}}]},"4":{"line":74,"type":"if","locations":[{"start":{"line":74,"column":2},"end":{"line":74,"column":2}},{"start":{"line":74,"column":2},"end":{"line":74,"column":2}}]},"5":{"line":100,"type":"if","locations":[{"start":{"line":100,"column":2},"end":{"line":100,"column":2}},{"start":{"line":100,"column":2},"end":{"line":100,"column":2}}]},"6":{"line":102,"type":"if","locations":[{"start":{"line":102,"column":6},"end":{"line":102,"column":6}},{"start":{"line":102,"column":6},"end":{"line":102,"column":6}}]}}},"/home/alexis/Workspace/anoio/lager/packages/api-gateway/test-assets/endpoints/delivery/DELETE/index.js":{"path":"/home/alexis/Workspace/anoio/lager/packages/api-gateway/test-assets/endpoints/delivery/DELETE/index.js","s":{"1":0,"2":0,"3":0,"4":0},"b":{},"f":{},"fnMap":{},"statementMap":{"1":{"start":{"line":8,"column":0},"end":{"line":15,"column":2}},"2":{"start":{"line":9,"column":2},"end":{"line":12,"column":4}},"3":{"start":{"line":13,"column":2},"end":{"line":13,"column":22}},"4":{"start":{"line":14,"column":2},"end":{"line":14,"column":19}}},"branchMap":{}},"/home/alexis/Workspace/anoio/lager/packages/api-gateway/test-assets/endpoints/delivery/GET/index.js":{"path":"/home/alexis/Workspace/anoio/lager/packages/api-gateway/test-assets/endpoints/delivery/GET/index.js","s":{"1":0,"2":0,"3":0,"4":0},"b":{},"f":{},"fnMap":{},"statementMap":{"1":{"start":{"line":8,"column":0},"end":{"line":15,"column":2}},"2":{"start":{"line":9,"column":2},"end":{"line":12,"column":4}},"3":{"start":{"line":13,"column":2},"end":{"line":13,"column":22}},"4":{"start":{"line":14,"column":2},"end":{"line":14,"column":19}}},"branchMap":{}},"/home/alexis/Workspace/anoio/lager/packages/api-gateway/test-assets/endpoints/delivery/PATCH/index.js":{"path":"/home/alexis/Workspace/anoio/lager/packages/api-gateway/test-assets/endpoints/delivery/PATCH/index.js","s":{"1":0,"2":0,"3":0,"4":0},"b":{},"f":{},"fnMap":{},"statementMap":{"1":{"start":{"line":8,"column":0},"end":{"line":15,"column":2}},"2":{"start":{"line":9,"column":2},"end":{"line":12,"column":4}},"3":{"start":{"line":13,"column":2},"end":{"line":13,"column":22}},"4":{"start":{"line":14,"column":2},"end":{"line":14,"column":19}}},"branchMap":{}},"/home/alexis/Workspace/anoio/lager/packages/api-gateway/test-assets/endpoints/delivery/PUT/index.js":{"path":"/home/alexis/Workspace/anoio/lager/packages/api-gateway/test-assets/endpoints/delivery/PUT/index.js","s":{"1":0,"2":0,"3":0,"4":0},"b":{},"f":{},"fnMap":{},"statementMap":{"1":{"start":{"line":8,"column":0},"end":{"line":15,"column":2}},"2":{"start":{"line":9,"column":2},"end":{"line":12,"column":4}},"3":{"start":{"line":13,"column":2},"end":{"line":13,"column":22}},"4":{"start":{"line":14,"column":2},"end":{"line":14,"column":19}}},"branchMap":{}}}