TN:
SF:/home/alexis/Workspace/anoio/lager/packages/api-gateway/src/index.js
FN:15,getPath
FN:23,loadApis
FN:64,loadApi
FN:90,loadEndpoints
FN:133,loadEndpoint
FN:172,loadModels
FN:206,loadModel
FN:235,addEndpointsToApis
FN:261,loadIntegrations
FN:282,addIntegrationDataToEndpoints
FN:306,publishApis
FN:338,deploy
FN:400,findApi
FN:417,findEndpoint
FN:429,findModel
FN:442,registerCommands
FN:478,(anonymous_17)
FN:492,mergeSpecsFiles
FN:528,loadIntegrationTemplate
FNF:19
FNH:4
FNDA:0,getPath
FNDA:0,loadApis
FNDA:0,loadApi
FNDA:1,loadEndpoints
FNDA:4,loadEndpoint
FNDA:0,loadModels
FNDA:0,loadModel
FNDA:0,addEndpointsToApis
FNDA:0,loadIntegrations
FNDA:0,addIntegrationDataToEndpoints
FNDA:0,publishApis
FNDA:0,deploy
FNDA:0,findApi
FNDA:0,findEndpoint
FNDA:0,findModel
FNDA:0,registerCommands
FNDA:0,(anonymous_17)
FNDA:4,mergeSpecsFiles
FNDA:4,loadIntegrationTemplate
DA:3,1
DA:4,1
DA:5,1
DA:7,1
DA:8,1
DA:9,1
DA:15,1
DA:16,0
DA:23,1
DA:24,0
DA:27,0
DA:30,0
DA:34,0
DA:35,0
DA:36,0
DA:38,0
DA:40,0
DA:44,0
DA:47,0
DA:50,0
DA:51,0
DA:53,0
DA:64,1
DA:65,0
DA:71,0
DA:72,0
DA:75,0
DA:76,0
DA:79,0
DA:82,0
DA:90,1
DA:91,1
DA:93,1
DA:95,1
DA:96,1
DA:98,6
DA:99,6
DA:100,6
DA:101,6
DA:104,4
DA:106,4
DA:108,1
DA:111,1
DA:114,1
DA:117,0
DA:118,0
DA:120,0
DA:133,1
DA:135,4
DA:136,4
DA:138,4
DA:139,4
DA:140,4
DA:143,4
DA:144,4
DA:146,4
DA:147,4
DA:148,4
DA:149,4
DA:154,4
DA:155,4
DA:160,4
DA:163,4
DA:172,1
DA:173,0
DA:175,0
DA:177,0
DA:181,0
DA:182,0
DA:183,0
DA:184,0
DA:188,0
DA:191,0
DA:194,0
DA:195,0
DA:197,0
DA:206,1
DA:208,0
DA:214,0
DA:217,0
DA:218,0
DA:222,0
DA:225,0
DA:235,1
DA:236,0
DA:238,0
DA:239,0
DA:240,0
DA:241,0
DA:247,0
DA:250,0
DA:261,1
DA:265,0
DA:266,0
DA:268,0
DA:282,1
DA:283,0
DA:285,0
DA:286,0
DA:287,0
DA:292,0
DA:295,0
DA:306,1
DA:307,0
DA:309,0
DA:310,0
DA:312,0
DA:313,0
DA:315,0
DA:316,0
DA:319,0
DA:321,0
DA:324,0
DA:327,0
DA:338,1
DA:340,0
DA:342,0
DA:343,0
DA:346,0
DA:347,0
DA:348,0
DA:349,0
DA:350,0
DA:351,0
DA:352,0
DA:355,0
DA:357,0
DA:358,0
DA:359,0
DA:360,0
DA:363,0
DA:367,0
DA:371,0
DA:374,0
DA:375,0
DA:376,0
DA:377,0
DA:378,0
DA:379,0
DA:380,0
DA:381,0
DA:382,0
DA:384,0
DA:386,0
DA:388,0
DA:389,0
DA:390,0
DA:391,0
DA:400,1
DA:401,0
DA:403,0
DA:404,0
DA:407,0
DA:417,1
DA:418,0
DA:420,0
DA:429,1
DA:430,0
DA:432,0
DA:433,0
DA:442,1
DA:443,0
DA:452,0
DA:456,1
DA:479,0
DA:483,1
DA:492,1
DA:494,4
DA:497,4
DA:500,4
DA:502,4
DA:503,12
DA:504,12
DA:505,12
DA:507,12
DA:513,12
DA:516,8
DA:520,12
DA:524,4
DA:528,1
DA:530,4
DA:532,4
DA:535,0
DA:536,0
LF:184
LH:68
BRDA:50,1,0,0
BRDA:50,1,1,0
BRDA:50,2,0,0
BRDA:50,2,1,0
BRDA:72,3,0,0
BRDA:72,3,1,0
BRDA:101,4,0,2
BRDA:101,4,1,4
BRDA:117,5,0,0
BRDA:117,5,1,0
BRDA:117,6,0,0
BRDA:117,6,1,0
BRDA:143,7,0,4
BRDA:143,7,1,0
BRDA:146,8,0,4
BRDA:146,8,1,0
BRDA:147,9,0,4
BRDA:147,9,1,0
BRDA:194,10,0,0
BRDA:194,10,1,0
BRDA:194,11,0,0
BRDA:194,11,1,0
BRDA:240,12,0,0
BRDA:240,12,1,0
BRDA:351,13,0,0
BRDA:351,13,1,0
BRDA:381,14,0,0
BRDA:381,14,1,0
BRDA:420,15,0,0
BRDA:420,15,1,0
BRDA:516,16,0,0
BRDA:516,16,1,8
BRF:32
BRH:6
end_of_record
TN:
SF:/home/alexis/Workspace/anoio/lager/packages/api-gateway/src/api.js
FN:14,Api
FN:25,getIdentifier
FN:33,toString
FN:42,doesExposeEndpoint
FN:55,addEndpoint
FN:87,generateSpec
FN:135,publish
FN:190,findInApiGateway
FN:209,_findIdentificationInName
FN:220,_createInApiGateway
FN:241,_updateInApiGateway
FN:257,_publish
FN:272,cleanSpecForApiGateway
FN:291,cleanSpecForDoc
FN:310,applyCredentialsARNs
FNF:15
FNH:0
FNDA:0,Api
FNDA:0,getIdentifier
FNDA:0,toString
FNDA:0,doesExposeEndpoint
FNDA:0,addEndpoint
FNDA:0,generateSpec
FNDA:0,publish
FNDA:0,findInApiGateway
FNDA:0,_findIdentificationInName
FNDA:0,_createInApiGateway
FNDA:0,_updateInApiGateway
FNDA:0,_publish
FNDA:0,cleanSpecForApiGateway
FNDA:0,cleanSpecForDoc
FNDA:0,applyCredentialsARNs
DA:3,1
DA:4,1
DA:5,1
DA:7,1
DA:14,1
DA:15,0
DA:16,0
DA:17,0
DA:18,0
DA:25,1
DA:26,0
DA:33,1
DA:34,0
DA:42,1
DA:43,0
DA:44,0
DA:45,0
DA:47,0
DA:55,1
DA:56,0
DA:58,0
DA:59,0
DA:63,0
DA:64,0
DA:65,0
DA:67,0
DA:68,0
DA:71,0
DA:74,0
DA:87,1
DA:88,0
DA:91,0
DA:93,0
DA:94,0
DA:95,0
DA:96,0
DA:101,0
DA:102,0
DA:105,0
DA:106,0
DA:111,0
DA:112,0
DA:113,0
DA:117,0
DA:119,0
DA:120,0
DA:122,0
DA:123,0
DA:124,0
DA:126,0
DA:135,1
DA:136,0
DA:138,0
DA:140,0
DA:143,0
DA:146,0
DA:147,0
DA:148,0
DA:150,0
DA:151,0
DA:154,0
DA:155,0
DA:156,0
DA:157,0
DA:158,0
DA:161,0
DA:164,0
DA:170,0
DA:171,0
DA:172,0
DA:190,1
DA:191,0
DA:195,0
DA:197,0
DA:198,0
DA:200,0
DA:201,0
DA:202,0
DA:203,0
DA:205,0
DA:209,1
DA:210,0
DA:211,0
DA:220,1
DA:221,0
DA:223,0
DA:226,0
DA:230,0
DA:241,1
DA:242,0
DA:244,0
DA:247,0
DA:253,0
DA:257,1
DA:258,0
DA:262,0
DA:265,1
DA:272,1
DA:276,0
DA:277,0
DA:278,0
DA:279,0
DA:280,0
DA:283,0
DA:291,1
DA:294,0
DA:295,0
DA:296,0
DA:297,0
DA:298,0
DA:299,0
DA:302,0
DA:310,1
DA:312,0
DA:313,0
DA:314,0
DA:315,0
DA:317,0
DA:319,0
DA:323,0
DA:326,0
DA:327,0
DA:331,0
DA:332,0
DA:333,0
DA:334,0
DA:335,0
DA:340,0
LF:128
LH:20
BRDA:44,1,0,0
BRDA:44,1,1,0
BRDA:44,2,0,0
BRDA:44,2,1,0
BRDA:44,2,2,0
BRDA:67,3,0,0
BRDA:67,3,1,0
BRDA:117,4,0,0
BRDA:117,4,1,0
BRDA:119,5,0,0
BRDA:119,5,1,0
BRDA:123,6,0,0
BRDA:123,6,1,0
BRDA:146,7,0,0
BRDA:146,7,1,0
BRDA:200,8,0,0
BRDA:200,8,1,0
BRDA:202,9,0,0
BRDA:202,9,1,0
BRDA:314,10,0,0
BRDA:314,10,1,0
BRDA:314,11,0,0
BRDA:314,11,1,0
BRDA:333,12,0,0
BRDA:333,12,1,0
BRF:25
BRH:0
end_of_record
TN:
SF:/home/alexis/Workspace/anoio/lager/packages/api-gateway/src/cli/create-api.js
FN:78,getChoices
FN:96,executeCommand
FNF:2
FNH:1
FNDA:1,getChoices
FNDA:0,executeCommand
DA:3,1
DA:4,1
DA:6,1
DA:7,1
DA:8,1
DA:17,1
DA:19,1
DA:22,1
DA:25,1
DA:27,1
DA:34,0
DA:60,0
DA:69,1
DA:78,1
DA:79,1
DA:81,4
DA:82,4
DA:88,1
DA:96,1
DA:98,0
DA:99,0
DA:101,0
DA:114,0
DA:117,0
DA:118,0
DA:119,0
LF:26
LH:17
BRDA:60,1,0,0
BRDA:60,1,1,0
BRDA:84,2,0,4
BRDA:84,2,1,0
BRF:4
BRH:1
end_of_record
TN:
SF:/home/alexis/Workspace/anoio/lager/packages/api-gateway/src/endpoint.js
FN:14,Endpoint
FN:24,toString
FN:32,getMethod
FN:40,getResourcePath
FN:48,getReferencedModels
FN:78,getSpec
FN:90,generateSpec
FN:109,cleanSpecForApiGateway
FN:119,cleanSpecForDoc
FNF:9
FNH:4
FNDA:4,Endpoint
FNDA:0,toString
FNDA:8,getMethod
FNDA:8,getResourcePath
FNDA:0,getReferencedModels
FNDA:4,getSpec
FNDA:0,generateSpec
FNDA:0,cleanSpecForApiGateway
FNDA:0,cleanSpecForDoc
DA:3,1
DA:5,1
DA:14,1
DA:15,4
DA:16,4
DA:17,4
DA:24,1
DA:25,0
DA:32,1
DA:33,8
DA:40,1
DA:41,8
DA:48,1
DA:49,0
DA:50,0
DA:51,0
DA:52,0
DA:53,0
DA:57,0
DA:58,0
DA:59,0
DA:60,0
DA:65,0
DA:66,0
DA:69,0
DA:70,0
DA:78,1
DA:79,4
DA:90,1
DA:91,0
DA:94,0
DA:95,0
DA:96,0
DA:97,0
DA:99,0
DA:102,1
DA:109,1
DA:110,0
DA:111,0
DA:119,1
DA:122,0
DA:123,0
DA:124,0
DA:125,0
LF:44
LH:18
BRDA:50,1,0,0
BRDA:50,1,1,0
BRDA:52,2,0,0
BRDA:52,2,1,0
BRDA:52,3,0,0
BRDA:52,3,1,0
BRDA:57,4,0,0
BRDA:57,4,1,0
BRDA:59,5,0,0
BRDA:59,5,1,0
BRDA:59,6,0,0
BRDA:59,6,1,0
BRDA:94,7,0,0
BRDA:94,7,1,0
BRDA:96,8,0,0
BRDA:96,8,1,0
BRF:16
BRH:0
end_of_record
TN:
SF:/home/alexis/Workspace/anoio/lager/packages/api-gateway/src/aws-permissions.js
FNF:0
FNH:0
DA:3,0
LF:1
LH:0
BRF:0
BRH:0
end_of_record
TN:
SF:/home/alexis/Workspace/anoio/lager/packages/api-gateway/src/cli/create-endpoint.js
FN:87,(anonymous_1)
FN:98,(anonymous_2)
FN:107,(anonymous_3)
FN:110,(anonymous_4)
FN:115,(anonymous_5)
FN:133,getChoices
FN:182,executeCommand
FNF:7
FNH:0
FNDA:0,(anonymous_1)
FNDA:0,(anonymous_2)
FNDA:0,(anonymous_3)
FNDA:0,(anonymous_4)
FNDA:0,(anonymous_5)
FNDA:0,getChoices
FNDA:0,executeCommand
DA:3,0
DA:4,0
DA:6,0
DA:7,0
DA:8,0
DA:9,0
DA:15,0
DA:17,0
DA:20,0
DA:22,0
DA:88,0
DA:99,0
DA:107,0
DA:112,0
DA:113,0
DA:116,0
DA:117,0
DA:119,0
DA:126,0
DA:133,0
DA:135,0
DA:144,0
DA:145,0
DA:146,0
DA:148,0
DA:149,0
DA:154,0
DA:155,0
DA:160,0
DA:161,0
DA:166,0
DA:168,0
DA:173,0
DA:182,0
DA:183,0
DA:188,0
DA:189,0
DA:190,0
DA:191,0
DA:193,0
DA:196,0
DA:212,0
DA:221,0
DA:222,0
DA:226,0
DA:230,0
DA:231,0
DA:237,0
DA:244,0
DA:247,0
DA:251,0
LF:51
LH:0
BRDA:88,1,0,0
BRDA:88,1,1,0
BRDA:88,1,2,0
BRDA:99,2,0,0
BRDA:99,2,1,0
BRDA:99,2,2,0
BRDA:107,3,0,0
BRDA:107,3,1,0
BRDA:112,4,0,0
BRDA:112,4,1,0
BRDA:116,5,0,0
BRDA:116,5,1,0
BRDA:151,6,0,0
BRDA:151,6,1,0
BRDA:151,7,0,0
BRDA:151,7,1,0
BRDA:160,8,0,0
BRDA:160,8,1,0
BRDA:183,9,0,0
BRDA:183,9,1,0
BRDA:221,10,0,0
BRDA:221,10,1,0
BRDA:230,11,0,0
BRDA:230,11,1,0
BRF:24
BRH:0
end_of_record
TN:
SF:/home/alexis/Workspace/anoio/lager/packages/api-gateway/src/cli/create-model.js
FN:43,getChoices
FN:55,executeCommand
FNF:2
FNH:0
FNDA:0,getChoices
FNDA:0,executeCommand
DA:3,0
DA:5,0
DA:6,0
DA:7,0
DA:14,0
DA:16,0
DA:17,0
DA:19,0
DA:26,0
DA:36,0
DA:43,0
DA:44,0
DA:47,0
DA:55,0
DA:57,0
DA:58,0
DA:60,0
DA:64,0
DA:67,0
DA:68,0
DA:69,0
LF:21
LH:0
BRF:0
BRH:0
end_of_record
TN:
SF:/home/alexis/Workspace/anoio/lager/packages/api-gateway/src/cli/deploy-apis.js
FN:65,getChoices
FN:110,executeCommand
FNF:2
FNH:0
FNDA:0,getChoices
FNDA:0,executeCommand
DA:3,0
DA:9,0
DA:11,0
DA:14,0
DA:16,0
DA:58,0
DA:65,0
DA:67,0
DA:69,0
DA:71,0
DA:110,0
DA:111,0
LF:12
LH:0
BRDA:73,1,0,0
BRDA:73,1,1,0
BRDA:73,2,0,0
BRDA:73,2,1,0
BRF:4
BRH:0
end_of_record
TN:
SF:/home/alexis/Workspace/anoio/lager/packages/api-gateway/src/cli/inspect-api.js
FN:62,getChoices
FN:83,executeCommand
FNF:2
FNH:0
FNDA:0,getChoices
FNDA:0,executeCommand
DA:3,0
DA:9,0
DA:11,0
DA:14,0
DA:17,0
DA:19,0
DA:54,0
DA:62,0
DA:63,0
DA:65,0
DA:83,0
DA:84,0
DA:86,0
DA:89,0
DA:90,0
DA:91,0
DA:93,0
LF:17
LH:0
BRDA:67,1,0,0
BRDA:67,1,1,0
BRDA:67,2,0,0
BRDA:67,2,1,0
BRDA:90,3,0,0
BRDA:90,3,1,0
BRF:6
BRH:0
end_of_record
TN:
SF:/home/alexis/Workspace/anoio/lager/packages/api-gateway/src/cli/inspect-endpoint.js
FN:82,getChoices
FN:112,executeCommand
FNF:2
FNH:0
FNDA:0,getChoices
FNDA:0,executeCommand
DA:3,0
DA:9,0
DA:11,0
DA:14,0
DA:18,0
DA:20,0
DA:35,0
DA:41,0
DA:42,0
DA:46,0
DA:74,0
DA:82,0
DA:84,0
DA:85,0
DA:86,0
DA:87,0
DA:88,0
DA:89,0
DA:91,0
DA:92,0
DA:94,0
DA:98,0
DA:104,0
DA:112,0
DA:113,0
DA:115,0
DA:116,0
DA:117,0
DA:119,0
LF:29
LH:0
BRDA:41,1,0,0
BRDA:41,1,1,0
BRDA:41,2,0,0
BRDA:41,2,1,0
BRDA:87,3,0,0
BRDA:87,3,1,0
BRDA:91,4,0,0
BRDA:91,4,1,0
BRDA:116,5,0,0
BRDA:116,5,1,0
BRF:10
BRH:0
end_of_record
TN:
SF:/home/alexis/Workspace/anoio/lager/packages/api-gateway/src/cli/templates/default-index.js
FNF:0
FNH:0
DA:8,0
DA:9,0
DA:13,0
DA:14,0
LF:4
LH:0
BRF:0
BRH:0
end_of_record
TN:
SF:/home/alexis/Workspace/anoio/lager/packages/api-gateway/src/model.js
FN:12,Model
FN:21,toString
FN:29,getName
FN:40,getSpec
FN:48,getChildModels
FN:70,getNestedModelsList
FN:98,getRelatedModels
FNF:7
FNH:0
FNDA:0,Model
FNDA:0,toString
FNDA:0,getName
FNDA:0,getSpec
FNDA:0,getChildModels
FNDA:0,getNestedModelsList
FNDA:0,getRelatedModels
DA:3,0
DA:5,0
DA:12,0
DA:13,0
DA:14,0
DA:21,0
DA:22,0
DA:29,0
DA:30,0
DA:31,0
DA:33,0
DA:40,0
DA:41,0
DA:48,0
DA:49,0
DA:50,0
DA:51,0
DA:52,0
DA:53,0
DA:57,0
DA:58,0
DA:61,0
DA:62,0
DA:70,0
DA:71,0
DA:74,0
DA:75,0
DA:79,0
DA:82,0
DA:85,0
DA:86,0
DA:91,0
DA:98,0
DA:99,0
DA:100,0
DA:101,0
DA:102,0
DA:103,0
DA:107,0
DA:108,0
DA:111,0
DA:112,0
DA:116,0
LF:43
LH:0
BRDA:30,1,0,0
BRDA:30,1,1,0
BRDA:50,2,0,0
BRDA:50,2,1,0
BRDA:52,3,0,0
BRDA:52,3,1,0
BRDA:74,4,0,0
BRDA:74,4,1,0
BRDA:100,5,0,0
BRDA:100,5,1,0
BRDA:102,6,0,0
BRDA:102,6,1,0
BRF:12
BRH:0
end_of_record
TN:
SF:/home/alexis/Workspace/anoio/lager/packages/api-gateway/test-assets/endpoints/delivery/DELETE/index.js
FNF:0
FNH:0
DA:8,0
DA:9,0
DA:13,0
DA:14,0
LF:4
LH:0
BRF:0
BRH:0
end_of_record
TN:
SF:/home/alexis/Workspace/anoio/lager/packages/api-gateway/test-assets/endpoints/delivery/GET/index.js
FNF:0
FNH:0
DA:8,0
DA:9,0
DA:13,0
DA:14,0
LF:4
LH:0
BRF:0
BRH:0
end_of_record
TN:
SF:/home/alexis/Workspace/anoio/lager/packages/api-gateway/test-assets/endpoints/delivery/PATCH/index.js
FNF:0
FNH:0
DA:8,0
DA:9,0
DA:13,0
DA:14,0
LF:4
LH:0
BRF:0
BRH:0
end_of_record
TN:
SF:/home/alexis/Workspace/anoio/lager/packages/api-gateway/test-assets/endpoints/delivery/PUT/index.js
FNF:0
FNH:0
DA:8,0
DA:9,0
DA:13,0
DA:14,0
LF:4
LH:0
BRF:0
BRH:0
end_of_record
