{"/home/alexis/Workspace/anoio/lager/packages/lager/src/cli/please.js":{"path":"/home/alexis/Workspace/anoio/lager/packages/lager/src/cli/please.js","s":{"1":1,"2":1,"3":1,"4":1,"5":1,"6":1,"7":1,"8":2,"9":2,"10":2,"11":1,"12":2,"13":2,"14":1,"15":0,"16":0,"17":0,"18":0,"19":0,"20":0,"21":0,"22":0,"23":0,"24":0,"25":0,"26":0,"27":0,"28":0,"29":0,"30":0},"b":{"1":[0,0],"2":[0,0],"3":[0,0]},"f":{"1":2,"2":0},"fnMap":{"1":{"name":"getChoices","line":106,"loc":{"start":{"line":106,"column":2},"end":{"line":106,"column":24}}},"2":{"name":"executeCommand","line":126,"loc":{"start":{"line":126,"column":2},"end":{"line":126,"column":38}},"skip":true}},"statementMap":{"1":{"start":{"line":4,"column":0},"end":{"line":4,"column":28}},"2":{"start":{"line":5,"column":0},"end":{"line":5,"column":36}},"3":{"start":{"line":6,"column":0},"end":{"line":6,"column":52}},"4":{"start":{"line":7,"column":0},"end":{"line":7,"column":47}},"5":{"start":{"line":9,"column":0},"end":{"line":66,"column":2}},"6":{"start":{"line":68,"column":0},"end":{"line":69,"column":111}},"7":{"start":{"line":75,"column":0},"end":{"line":176,"column":2}},"8":{"start":{"line":77,"column":2},"end":{"line":99,"column":5}},"9":{"start":{"line":79,"column":4},"end":{"line":93,"column":6}},"10":{"start":{"line":98,"column":4},"end":{"line":98,"column":57}},"11":{"start":{"line":106,"column":2},"end":{"line":114,"column":3}},"12":{"start":{"line":107,"column":4},"end":{"line":113,"column":7}},"13":{"start":{"line":109,"column":6},"end":{"line":112,"column":8}},"14":{"start":{"line":126,"column":2},"end":{"line":174,"column":3},"skip":true},"15":{"start":{"line":127,"column":4},"end":{"line":127,"column":84},"skip":true},"16":{"start":{"line":128,"column":4},"end":{"line":173,"column":7},"skip":true},"17":{"start":{"line":130,"column":6},"end":{"line":130,"column":71},"skip":true},"18":{"start":{"line":131,"column":6},"end":{"line":131,"column":69},"skip":true},"19":{"start":{"line":131,"column":45},"end":{"line":131,"column":67},"skip":true},"20":{"start":{"line":132,"column":6},"end":{"line":132,"column":36},"skip":true},"21":{"start":{"line":135,"column":6},"end":{"line":135,"column":71},"skip":true},"22":{"start":{"line":135,"column":25},"end":{"line":135,"column":68},"skip":true},"23":{"start":{"line":136,"column":6},"end":{"line":136,"column":70},"skip":true},"24":{"start":{"line":136,"column":25},"end":{"line":136,"column":67},"skip":true},"25":{"start":{"line":137,"column":6},"end":{"line":166,"column":8},"skip":true},"26":{"start":{"line":167,"column":6},"end":{"line":167,"column":34},"skip":true},"27":{"start":{"line":168,"column":6},"end":{"line":168,"column":64},"skip":true},"28":{"start":{"line":169,"column":6},"end":{"line":171,"column":7},"skip":true},"29":{"start":{"line":170,"column":8},"end":{"line":170,"column":47},"skip":true},"30":{"start":{"line":172,"column":6},"end":{"line":172,"column":35},"skip":true}},"branchMap":{"1":{"line":127,"type":"cond-expr","locations":[{"start":{"line":127,"column":37},"end":{"line":127,"column":64},"skip":true},{"start":{"line":127,"column":67},"end":{"line":127,"column":83},"skip":true}]},"2":{"line":130,"type":"cond-expr","locations":[{"start":{"line":130,"column":37},"end":{"line":130,"column":52},"skip":true},{"start":{"line":130,"column":55},"end":{"line":130,"column":70},"skip":true}]},"3":{"line":131,"type":"if","locations":[{"start":{"line":131,"column":6},"end":{"line":131,"column":6},"skip":true},{"start":{"line":131,"column":6},"end":{"line":131,"column":6},"skip":true}]}}},"/home/alexis/Workspace/anoio/lager/packages/lager/src/lib/core-plugin.js":{"path":"/home/alexis/Workspace/anoio/lager/packages/lager/src/lib/core-plugin.js","s":{"1":1,"2":1,"3":1,"4":1,"5":1},"b":{},"f":{"1":1},"fnMap":{"1":{"name":"registerCommands","line":5,"loc":{"start":{"line":5,"column":0},"end":{"line":5,"column":32}}}},"statementMap":{"1":{"start":{"line":3,"column":0},"end":{"line":3,"column":36}},"2":{"start":{"line":5,"column":0},"end":{"line":12,"column":1}},"3":{"start":{"line":6,"column":2},"end":{"line":11,"column":5}},"4":{"start":{"line":10,"column":4},"end":{"line":10,"column":35}},"5":{"start":{"line":15,"column":0},"end":{"line":21,"column":2}}},"branchMap":{}},"/home/alexis/Workspace/anoio/lager/packages/lager/src/lib/lager.js":{"path":"/home/alexis/Workspace/anoio/lager/packages/lager/src/lib/lager.js","s":{"1":1,"2":1,"3":1,"4":1,"5":1,"6":1,"7":1,"8":1,"9":1,"10":0,"11":0,"12":1,"13":0,"14":0,"15":1,"16":1,"17":1,"18":1,"19":1,"20":1,"21":1,"22":0,"23":0,"24":0,"25":2,"26":0,"27":2,"28":2,"29":2,"30":2,"31":1,"32":2,"33":2,"34":0,"35":2,"36":3,"37":4,"38":3,"39":1,"40":2,"41":0,"42":0,"43":0,"44":0,"45":0,"46":2,"47":2,"48":2,"49":1,"50":1,"51":1,"52":1,"53":1,"54":1,"55":1,"56":1,"57":1,"58":0,"59":0,"60":2,"61":1,"62":1},"b":{"1":[1,0],"2":[0,0],"3":[0,2],"4":[2,0],"5":[2,2],"6":[1,2],"7":[0,0],"8":[2,1],"9":[0,1]},"f":{"1":1,"2":0,"3":2,"4":3,"5":0,"6":2},"fnMap":{"1":{"name":"(anonymous_1)","line":47,"loc":{"start":{"line":47,"column":13},"end":{"line":47,"column":16}}},"2":{"name":"(anonymous_2)","line":56,"loc":{"start":{"line":56,"column":16},"end":{"line":56,"column":27}}},"3":{"name":"(anonymous_3)","line":68,"loc":{"start":{"line":68,"column":16},"end":{"line":68,"column":25}}},"4":{"name":"(anonymous_4)","line":96,"loc":{"start":{"line":96,"column":11},"end":{"line":96,"column":18}}},"5":{"name":"(anonymous_5)","line":112,"loc":{"start":{"line":112,"column":6},"end":{"line":112,"column":9}}},"6":{"name":"(anonymous_6)","line":127,"loc":{"start":{"line":127,"column":6},"end":{"line":127,"column":15}}}},"statementMap":{"1":{"start":{"line":3,"column":0},"end":{"line":3,"column":29}},"2":{"start":{"line":4,"column":0},"end":{"line":4,"column":36}},"3":{"start":{"line":5,"column":0},"end":{"line":5,"column":28}},"4":{"start":{"line":6,"column":0},"end":{"line":6,"column":29}},"5":{"start":{"line":7,"column":0},"end":{"line":7,"column":25}},"6":{"start":{"line":8,"column":0},"end":{"line":8,"column":29}},"7":{"start":{"line":10,"column":0},"end":{"line":24,"column":1}},"8":{"start":{"line":11,"column":2},"end":{"line":13,"column":5}},"9":{"start":{"line":15,"column":2},"end":{"line":18,"column":5}},"10":{"start":{"line":16,"column":4},"end":{"line":16,"column":40}},"11":{"start":{"line":17,"column":4},"end":{"line":17,"column":19}},"12":{"start":{"line":20,"column":2},"end":{"line":23,"column":5}},"13":{"start":{"line":21,"column":4},"end":{"line":21,"column":73}},"14":{"start":{"line":22,"column":4},"end":{"line":22,"column":33}},"15":{"start":{"line":48,"column":4},"end":{"line":48,"column":12}},"16":{"start":{"line":49,"column":4},"end":{"line":49,"column":19}},"17":{"start":{"line":50,"column":4},"end":{"line":50,"column":22}},"18":{"start":{"line":51,"column":4},"end":{"line":51,"column":25}},"19":{"start":{"line":52,"column":4},"end":{"line":52,"column":50}},"20":{"start":{"line":53,"column":4},"end":{"line":53,"column":35}},"21":{"start":{"line":56,"column":4},"end":{"line":60,"column":17}},"22":{"start":{"line":57,"column":6},"end":{"line":57,"column":76}},"23":{"start":{"line":58,"column":6},"end":{"line":58,"column":100}},"24":{"start":{"line":59,"column":6},"end":{"line":59,"column":49}},"25":{"start":{"line":69,"column":4},"end":{"line":73,"column":5}},"26":{"start":{"line":70,"column":6},"end":{"line":70,"column":36}},"27":{"start":{"line":72,"column":6},"end":{"line":72,"column":26}},"28":{"start":{"line":74,"column":4},"end":{"line":74,"column":30}},"29":{"start":{"line":77,"column":4},"end":{"line":77,"column":38}},"30":{"start":{"line":78,"column":4},"end":{"line":80,"column":7}},"31":{"start":{"line":79,"column":6},"end":{"line":79,"column":27}},"32":{"start":{"line":83,"column":4},"end":{"line":83,"column":48}},"33":{"start":{"line":84,"column":4},"end":{"line":86,"column":7}},"34":{"start":{"line":85,"column":6},"end":{"line":85,"column":62}},"35":{"start":{"line":88,"column":4},"end":{"line":88,"column":16}},"36":{"start":{"line":97,"column":4},"end":{"line":99,"column":7}},"37":{"start":{"line":98,"column":6},"end":{"line":98,"column":34}},"38":{"start":{"line":100,"column":4},"end":{"line":102,"column":5}},"39":{"start":{"line":101,"column":6},"end":{"line":101,"column":91}},"40":{"start":{"line":103,"column":4},"end":{"line":103,"column":18}},"41":{"start":{"line":114,"column":4},"end":{"line":114,"column":55}},"42":{"start":{"line":115,"column":4},"end":{"line":115,"column":30}},"43":{"start":{"line":116,"column":4},"end":{"line":118,"column":5}},"44":{"start":{"line":117,"column":6},"end":{"line":117,"column":53}},"45":{"start":{"line":119,"column":4},"end":{"line":119,"column":50}},"46":{"start":{"line":128,"column":4},"end":{"line":128,"column":42}},"47":{"start":{"line":130,"column":4},"end":{"line":152,"column":5}},"48":{"start":{"line":131,"column":6},"end":{"line":149,"column":9}},"49":{"start":{"line":132,"column":8},"end":{"line":132,"column":42}},"50":{"start":{"line":133,"column":8},"end":{"line":145,"column":9}},"51":{"start":{"line":135,"column":10},"end":{"line":135,"column":38}},"52":{"start":{"line":137,"column":10},"end":{"line":144,"column":11}},"53":{"start":{"line":139,"column":12},"end":{"line":139,"column":68}},"54":{"start":{"line":140,"column":12},"end":{"line":140,"column":40}},"55":{"start":{"line":142,"column":12},"end":{"line":142,"column":31}},"56":{"start":{"line":143,"column":12},"end":{"line":143,"column":89}},"57":{"start":{"line":146,"column":8},"end":{"line":148,"column":9}},"58":{"start":{"line":147,"column":10},"end":{"line":147,"column":70}},"59":{"start":{"line":151,"column":6},"end":{"line":151,"column":31}},"60":{"start":{"line":154,"column":4},"end":{"line":154,"column":29}},"61":{"start":{"line":158,"column":0},"end":{"line":158,"column":26}},"62":{"start":{"line":160,"column":0},"end":{"line":160,"column":23}}},"branchMap":{"1":{"line":10,"type":"if","locations":[{"start":{"line":10,"column":0},"end":{"line":10,"column":0}},{"start":{"line":10,"column":0},"end":{"line":10,"column":0}}]},"2":{"line":57,"type":"cond-expr","locations":[{"start":{"line":57,"column":54},"end":{"line":57,"column":71}},{"start":{"line":57,"column":74},"end":{"line":57,"column":75}}]},"3":{"line":69,"type":"if","locations":[{"start":{"line":69,"column":4},"end":{"line":69,"column":4}},{"start":{"line":69,"column":4},"end":{"line":69,"column":4}}]},"4":{"line":77,"type":"binary-expr","locations":[{"start":{"line":77,"column":19},"end":{"line":77,"column":31}},{"start":{"line":77,"column":35},"end":{"line":77,"column":37}}]},"5":{"line":83,"type":"binary-expr","locations":[{"start":{"line":83,"column":24},"end":{"line":83,"column":41}},{"start":{"line":83,"column":45},"end":{"line":83,"column":47}}]},"6":{"line":100,"type":"if","locations":[{"start":{"line":100,"column":4},"end":{"line":100,"column":4}},{"start":{"line":100,"column":4},"end":{"line":100,"column":4}}]},"7":{"line":116,"type":"if","locations":[{"start":{"line":116,"column":4},"end":{"line":116,"column":4}},{"start":{"line":116,"column":4},"end":{"line":116,"column":4}}]},"8":{"line":128,"type":"binary-expr","locations":[{"start":{"line":128,"column":21},"end":{"line":128,"column":35}},{"start":{"line":128,"column":39},"end":{"line":128,"column":41}}]},"9":{"line":146,"type":"if","locations":[{"start":{"line":146,"column":8},"end":{"line":146,"column":8}},{"start":{"line":146,"column":8},"end":{"line":146,"column":8}}]}}},"/home/alexis/Workspace/anoio/lager/packages/lager/src/lib/log.js":{"path":"/home/alexis/Workspace/anoio/lager/packages/lager/src/lib/log.js","s":{"1":1,"2":1,"3":1,"4":1,"5":1,"6":1},"b":{},"f":{},"fnMap":{},"statementMap":{"1":{"start":{"line":3,"column":0},"end":{"line":3,"column":29}},"2":{"start":{"line":4,"column":0},"end":{"line":4,"column":33}},"3":{"start":{"line":6,"column":0},"end":{"line":9,"column":2}},"4":{"start":{"line":11,"column":0},"end":{"line":14,"column":2}},"5":{"start":{"line":16,"column":0},"end":{"line":20,"column":3}},"6":{"start":{"line":22,"column":0},"end":{"line":22,"column":21}}},"branchMap":{}}}