TN:
SF:/home/alexis/Workspace/anoio/lager/packages/lager/src/cli/please.js
FN:106,getChoices
FN:126,executeCommand
FNF:2
FNH:2
FNDA:2,getChoices
FNDA:0,executeCommand
DA:4,1
DA:5,1
DA:6,1
DA:7,1
DA:9,1
DA:68,1
DA:75,1
DA:77,2
DA:79,2
DA:98,2
DA:106,1
DA:107,2
DA:109,2
DA:126,1
DA:127,1
DA:128,1
DA:130,1
DA:131,1
DA:132,1
DA:135,1
DA:136,1
DA:137,1
DA:167,1
DA:168,1
DA:169,1
DA:170,1
DA:172,1
LF:27
LH:27
BRDA:127,1,0,0
BRDA:127,1,1,0
BRDA:130,2,0,0
BRDA:130,2,1,0
BRDA:131,3,0,0
BRDA:131,3,1,0
BRF:6
BRH:6
end_of_record
TN:
SF:/home/alexis/Workspace/anoio/lager/packages/lager/src/lib/core-plugin.js
FN:5,registerCommands
FNF:1
FNH:1
FNDA:1,registerCommands
DA:3,1
DA:5,1
DA:6,1
DA:10,1
DA:15,1
LF:5
LH:5
BRF:0
BRH:0
end_of_record
TN:
SF:/home/alexis/Workspace/anoio/lager/packages/lager/src/lib/lager.js
FN:47,(anonymous_1)
FN:56,(anonymous_2)
FN:68,(anonymous_3)
FN:96,(anonymous_4)
FN:112,(anonymous_5)
FN:127,(anonymous_6)
FNF:6
FNH:4
FNDA:1,(anonymous_1)
FNDA:0,(anonymous_2)
FNDA:2,(anonymous_3)
FNDA:3,(anonymous_4)
FNDA:0,(anonymous_5)
FNDA:2,(anonymous_6)
DA:3,1
DA:4,1
DA:5,1
DA:6,1
DA:7,1
DA:8,1
DA:10,1
DA:11,1
DA:15,1
DA:16,0
DA:17,0
DA:20,1
DA:21,0
DA:22,0
DA:48,1
DA:49,1
DA:50,1
DA:51,1
DA:52,1
DA:53,1
DA:56,1
DA:57,0
DA:58,0
DA:59,0
DA:69,2
DA:70,0
DA:72,2
DA:74,2
DA:77,2
DA:78,2
DA:79,1
DA:83,2
DA:84,2
DA:85,0
DA:88,2
DA:97,3
DA:98,4
DA:100,3
DA:101,1
DA:103,2
DA:114,0
DA:115,0
DA:116,0
DA:117,0
DA:119,0
DA:128,2
DA:130,2
DA:131,2
DA:132,1
DA:133,1
DA:135,1
DA:137,1
DA:139,1
DA:140,1
DA:142,1
DA:143,1
DA:146,1
DA:147,0
DA:151,0
DA:154,2
DA:158,1
DA:160,1
LF:62
LH:46
BRDA:10,1,0,1
BRDA:10,1,1,0
BRDA:57,2,0,0
BRDA:57,2,1,0
BRDA:69,3,0,0
BRDA:69,3,1,2
BRDA:77,4,0,2
BRDA:77,4,1,0
BRDA:83,5,0,2
BRDA:83,5,1,2
BRDA:100,6,0,1
BRDA:100,6,1,2
BRDA:116,7,0,0
BRDA:116,7,1,0
BRDA:128,8,0,2
BRDA:128,8,1,1
BRDA:146,9,0,0
BRDA:146,9,1,1
BRF:18
BRH:10
end_of_record
TN:
SF:/home/alexis/Workspace/anoio/lager/packages/lager/src/lib/log.js
FNF:0
FNH:0
DA:3,1
DA:4,1
DA:6,1
DA:11,1
DA:16,1
DA:22,1
LF:6
LH:6
BRF:0
BRH:0
end_of_record
